\BOOKMARK [0][-]{chapter.1}{\376\377\000M\000u\000e\000s\000t\000r\000a\000\040\000a\000l\000e\000a\000t\000o\000r\000i\000a\000\040\000s\000i\000m\000p\000l\000e}{}% 1
\BOOKMARK [1][-]{section.1.1}{\376\377\000N\000o\000c\000i\000o\000n\000e\000s\000\040\000b\000\341\000s\000i\000c\000a\000s}{chapter.1}% 2
\BOOKMARK [1][-]{section.1.2}{\376\377\000E\000s\000t\000a\000d\000\355\000s\000t\000i\000c\000o\000s\000\040\000m\000u\000e\000s\000t\000r\000a\000l\000e\000s}{chapter.1}% 3
\BOOKMARK [2][-]{subsection.1.2.1}{\376\377\000T\000o\000t\000a\000l\000\040\000m\000u\000e\000s\000t\000r\000a\000l}{section.1.2}% 4
\BOOKMARK [2][-]{subsection.1.2.2}{\376\377\000M\000e\000d\000i\000a\000\040\000m\000u\000e\000s\000t\000r\000a\000l}{section.1.2}% 5
\BOOKMARK [2][-]{subsection.1.2.3}{\376\377\000V\000a\000r\000i\000a\000n\000z\000a\000\040\000m\000u\000e\000s\000t\000r\000a\000l}{section.1.2}% 6
\BOOKMARK [2][-]{subsection.1.2.4}{\376\377\000C\000u\000a\000s\000i\000v\000a\000r\000i\000a\000n\000z\000a\000\040\000m\000u\000e\000s\000t\000r\000a\000l}{section.1.2}% 7
\BOOKMARK [2][-]{subsection.1.2.5}{\376\377\000M\000o\000m\000e\000n\000t\000o\000\040\000m\000u\000e\000s\000t\000r\000a\000l\000\040\000r\000e\000s\000p\000e\000c\000t\000o\000\040\000a\000l\000\040\000o\000r\000i\000g\000e\000n}{section.1.2}% 8
\BOOKMARK [2][-]{subsection.1.2.6}{\376\377\000M\000o\000m\000e\000n\000t\000o\000\040\000m\000u\000e\000s\000t\000r\000a\000l\000\040\000r\000e\000s\000p\000e\000c\000t\000o\000\040\000a\000\040\000l\000a\000\040\000m\000e\000d\000i\000a}{section.1.2}% 9
\BOOKMARK [2][-]{subsection.1.2.7}{\376\377\000M\000\341\000x\000i\000m\000o\000\040\000y\000\040\000m\000\355\000n\000i\000m\000o}{section.1.2}% 10
\BOOKMARK [2][-]{subsection.1.2.8}{\376\377\000E\000s\000t\000a\000d\000\355\000s\000t\000i\000c\000o\000\040\000o\000r\000d\000e\000n\000a\000d\000o}{section.1.2}% 11
\BOOKMARK [1][-]{section.1.3}{\376\377\000F\000u\000n\000c\000i\000\363\000n\000\040\000d\000e\000\040\000d\000i\000s\000t\000r\000i\000b\000u\000c\000i\000\363\000n\000\040\000e\000m\000p\000\355\000r\000i\000c\000a}{chapter.1}% 12
\BOOKMARK [0][-]{chapter.2}{\376\377\000M\000u\000e\000s\000t\000r\000a\000\040\000a\000l\000e\000a\000t\000o\000r\000i\000a\000\040\000s\000i\000m\000p\000l\000e\000\040\000d\000e\000\040\000l\000a\000\040\000d\000i\000s\000t\000r\000i\000b\000u\000c\000i\000\363\000n\000\040\000n\000o\000r\000m\000a\000l}{}% 13
\BOOKMARK [1][-]{section.2.1}{\376\377\000D\000i\000s\000t\000r\000i\000b\000u\000c\000i\000\363\000n\000\040\000n\000o\000r\000m\000a\000l}{chapter.2}% 14
\BOOKMARK [1][-]{section.2.2}{\376\377\000D\000i\000s\000t\000r\000i\000b\000u\000c\000i\000\363\000n\000\040\000g\000a\000m\000m\000a}{chapter.2}% 15
\BOOKMARK [1][-]{section.2.3}{\376\377\000D\000i\000s\000t\000r\000i\000b\000u\000c\000i\000\363\000n\000\040\000T\000E\000X\000T\000\040\000d\000e\000\040\000P\000e\000a\000r\000s\000o\000n}{chapter.2}% 16
\BOOKMARK [1][-]{section.2.4}{\376\377\000D\000i\000s\000t\000r\000i\000b\000u\000c\000i\000\363\000n\000\040\000T\000E\000X\000T\000\040\000d\000e\000\040\000S\000t\000u\000d\000e\000n\000t}{chapter.2}% 17
\BOOKMARK [1][-]{section.2.5}{\376\377\000D\000i\000s\000t\000r\000i\000b\000u\000c\000i\000\363\000n\000\040\000T\000E\000X\000T\000\040\000d\000e\000\040\000S\000n\000e\000d\000e\000c\000o\000r}{chapter.2}% 18
\BOOKMARK [1][-]{section.2.6}{\376\377\000P\000r\000o\000p\000i\000e\000d\000a\000d\000e\000s\000\040\000d\000e\000\040\000l\000a\000\040\000m\000e\000d\000i\000a\000\040\000m\000u\000e\000s\000t\000r\000a\000l\000\040\000y\000\040\000l\000a\000\040\000c\000u\000a\000s\000i\000v\000a\000r\000i\000a\000n\000z\000a\000\040\000m\000u\000e\000s\000t\000r\000a\000l}{chapter.2}% 19
\BOOKMARK [0][-]{chapter.3}{\376\377\000E\000s\000t\000i\000m\000a\000c\000i\000\363\000n\000\040\000p\000u\000n\000t\000u\000a\000l\000\040\000p\000a\000r\000a\000m\000\351\000t\000r\000i\000c\000a}{}% 20
\BOOKMARK [1][-]{section.3.1}{\376\377\000F\000u\000n\000c\000i\000\363\000n\000\040\000d\000e\000\040\000v\000e\000r\000o\000s\000i\000m\000i\000l\000i\000t\000u\000d}{chapter.3}% 21
\BOOKMARK [1][-]{section.3.2}{\376\377\000E\000s\000t\000a\000d\000\355\000s\000t\000i\000c\000o\000s\000\040\000s\000u\000f\000i\000c\000i\000e\000n\000t\000e\000s}{chapter.3}% 22
\BOOKMARK [1][-]{section.3.3}{\376\377\000E\000s\000t\000a\000d\000\355\000s\000t\000i\000c\000o\000s\000\040\000c\000o\000n\000j\000u\000n\000t\000a\000m\000e\000n\000t\000e\000\040\000s\000u\000f\000i\000c\000i\000e\000n\000t\000e\000s}{chapter.3}% 23
\BOOKMARK [1][-]{section.3.4}{\376\377\000F\000a\000m\000i\000l\000i\000a\000\040\000e\000x\000p\000o\000n\000e\000n\000c\000i\000a\000l\000\040\000u\000n\000i\000p\000a\000r\000a\000m\000\351\000t\000r\000i\000c\000a}{chapter.3}% 24
\BOOKMARK [1][-]{section.3.5}{\376\377\000F\000a\000m\000i\000l\000i\000a\000\040\000e\000x\000p\000o\000n\000e\000n\000c\000i\000a\000l\000\040\000T\000E\000X\000T\000-\000p\000a\000r\000a\000m\000\351\000t\000r\000i\000c\000a}{chapter.3}% 25
\BOOKMARK [1][-]{section.3.6}{\376\377\000E\000s\000t\000a\000d\000\355\000s\000t\000i\000c\000o\000s\000\040\000s\000u\000f\000i\000c\000i\000e\000n\000t\000e\000s\000\040\000m\000i\000n\000i\000m\000a\000l\000e\000s}{chapter.3}% 26
\BOOKMARK [1][-]{section.3.7}{\376\377\000I\000n\000f\000o\000r\000m\000a\000c\000i\000\363\000n\000\040\000d\000e\000\040\000F\000i\000s\000h\000e\000r}{chapter.3}% 27
\BOOKMARK [1][-]{section.3.8}{\376\377\000E\000s\000t\000i\000m\000a\000d\000o\000r\000e\000s}{chapter.3}% 28
\BOOKMARK [1][-]{section.3.9}{\376\377\000M\000\351\000t\000o\000d\000o\000s\000\040\000d\000e\000\040\000e\000s\000t\000i\000m\000a\000c\000i\000\363\000n\000\040\000d\000e\000l\000\040\000p\000a\000r\000\341\000m\000e\000t\000r\000o\000\040\000T\000E\000X\000T}{chapter.3}% 29
\BOOKMARK [2][-]{subsection.3.9.1}{\376\377\000M\000\351\000t\000o\000d\000o\000\040\000d\000e\000\040\000m\000\341\000x\000i\000m\000a\000\040\000v\000e\000r\000o\000s\000i\000m\000i\000l\000i\000t\000u\000d}{section.3.9}% 30
\BOOKMARK [2][-]{subsection.3.9.2}{\376\377\000M\000\351\000t\000o\000d\000o\000\040\000d\000e\000\040\000l\000o\000s\000\040\000m\000o\000m\000e\000n\000t\000o\000s}{section.3.9}% 31
\BOOKMARK [0][-]{chapter.4}{\376\377\000I\000n\000t\000e\000r\000v\000a\000l\000o\000s\000\040\000d\000e\000\040\000c\000o\000n\000f\000i\000a\000n\000z\000a}{}% 32
\BOOKMARK [1][-]{section.4.1}{\376\377\000N\000o\000c\000i\000o\000n\000e\000s\000\040\000b\000\341\000s\000i\000c\000a\000s}{chapter.4}% 33
\BOOKMARK [1][-]{section.4.2}{\376\377\000I\000n\000t\000e\000r\000v\000a\000l\000o\000s\000\040\000d\000e\000\040\000c\000o\000n\000f\000i\000a\000n\000z\000a\000\040\000p\000a\000r\000a\000\040\000u\000n\000a\000\040\000d\000i\000s\000t\000r\000i\000b\000u\000c\000i\000\363\000n\000\040\000n\000o\000r\000m\000a\000l}{chapter.4}% 34
\BOOKMARK [2][-]{subsection.4.2.1}{\376\377\000P\000a\000r\000\341\000m\000e\000t\000r\000o\000\040\000T\000E\000X\000T\000\040\000d\000e\000\040\000l\000a\000\040\000d\000i\000s\000t\000r\000i\000b\000u\000c\000i\000\363\000n\000\040\000n\000o\000r\000m\000a\000l\000\040\000c\000o\000n\000o\000c\000i\000e\000n\000d\000o\000\040\000T\000E\000X\000T}{section.4.2}% 35
\BOOKMARK [2][-]{subsection.4.2.2}{\376\377\000P\000a\000r\000\341\000m\000e\000t\000r\000o\000\040\000T\000E\000X\000T\000\040\000d\000e\000\040\000l\000a\000\040\000d\000i\000s\000t\000r\000i\000b\000u\000c\000i\000\363\000n\000\040\000n\000o\000r\000m\000a\000l\000\040\000d\000e\000s\000c\000o\000n\000o\000c\000i\000e\000n\000d\000o\000\040\000T\000E\000X\000T}{section.4.2}% 36
\BOOKMARK [2][-]{subsection.4.2.3}{\376\377\000P\000a\000r\000\341\000m\000e\000t\000r\000o\000\040\000T\000E\000X\000T\000\040\000d\000e\000\040\000l\000a\000\040\000d\000i\000s\000t\000r\000i\000b\000u\000c\000i\000\363\000n\000\040\000n\000o\000r\000m\000a\000l\000\040\000c\000o\000n\000o\000c\000i\000e\000n\000d\000o\000\040\000T\000E\000X\000T}{section.4.2}% 37
\BOOKMARK [2][-]{subsection.4.2.4}{\376\377\000P\000a\000r\000\341\000m\000e\000t\000r\000o\000\040\000T\000E\000X\000T\000\040\000d\000e\000\040\000l\000a\000\040\000d\000i\000s\000t\000r\000i\000b\000u\000c\000i\000\363\000n\000\040\000n\000o\000r\000m\000a\000l\000\040\000d\000e\000s\000c\000o\000n\000o\000c\000i\000e\000n\000d\000o\000\040\000T\000E\000X\000T}{section.4.2}% 38
\BOOKMARK [1][-]{section.4.3}{\376\377\000I\000n\000t\000e\000r\000v\000a\000l\000o\000s\000\040\000d\000e\000\040\000c\000o\000n\000f\000i\000a\000n\000z\000a\000\040\000p\000a\000r\000a\000\040\000d\000o\000s\000\040\000d\000i\000s\000t\000r\000i\000b\000u\000c\000i\000o\000n\000e\000s\000\040\000n\000o\000r\000m\000a\000l\000e\000s}{chapter.4}% 39
\BOOKMARK [2][-]{subsection.4.3.1}{\376\377\000D\000i\000f\000e\000r\000e\000n\000c\000i\000a\000\040\000d\000e\000\040\000m\000e\000d\000i\000a\000s\000\040\000d\000e\000\040\000d\000i\000s\000t\000r\000i\000b\000u\000c\000i\000o\000n\000e\000s\000\040\000n\000o\000r\000m\000a\000l\000e\000s}{section.4.3}% 40
\BOOKMARK [2][-]{subsection.4.3.2}{\376\377\000C\000o\000c\000i\000e\000n\000t\000e\000\040\000d\000e\000\040\000v\000a\000r\000i\000a\000n\000z\000a\000s\000\040\000d\000e\000\040\000d\000i\000s\000t\000r\000i\000b\000u\000c\000i\000o\000n\000e\000s\000\040\000n\000o\000r\000m\000a\000l\000e\000s}{section.4.3}% 41
\BOOKMARK [0][-]{chapter.5}{\376\377\000C\000o\000n\000t\000r\000a\000s\000t\000e\000\040\000d\000e\000\040\000h\000i\000p\000\363\000t\000e\000s\000i\000s}{}% 42
\BOOKMARK [1][-]{section.5.1}{\376\377\000N\000o\000c\000i\000o\000n\000e\000s\000\040\000b\000\341\000s\000i\000c\000a\000s}{chapter.5}% 43
\BOOKMARK [1][-]{section.5.2}{\376\377\000C\000o\000n\000t\000r\000a\000s\000t\000e\000\040\000d\000e\000\040\000h\000i\000p\000\363\000t\000e\000s\000i\000s\000\040\000p\000a\000r\000a\000\040\000u\000n\000a\000\040\000d\000i\000s\000t\000r\000i\000b\000u\000c\000i\000\363\000n\000\040\000n\000o\000r\000m\000a\000l}{chapter.5}% 44
\BOOKMARK [2][-]{subsection.5.2.1}{\376\377\000C\000o\000n\000t\000r\000a\000s\000t\000e\000\040\000b\000i\000l\000a\000t\000e\000r\000a\000l\000\040\000s\000o\000b\000r\000e\000\040\000T\000E\000X\000T\000\040\000c\000o\000n\000o\000c\000i\000e\000n\000d\000o\000\040\000T\000E\000X\000T}{section.5.2}% 45
\BOOKMARK [2][-]{subsection.5.2.2}{\376\377\000C\000o\000n\000t\000r\000a\000s\000t\000e\000\040\000b\000i\000l\000a\000t\000e\000r\000a\000l\000\040\000s\000o\000b\000r\000e\000\040\000T\000E\000X\000T\000\040\000d\000e\000s\000c\000o\000n\000o\000c\000i\000e\000n\000d\000o\000\040\000T\000E\000X\000T}{section.5.2}% 46
\BOOKMARK [2][-]{subsection.5.2.3}{\376\377\000C\000o\000n\000t\000r\000a\000s\000t\000e\000\040\000u\000n\000i\000l\000a\000t\000e\000r\000a\000l\000\040\000s\000o\000b\000r\000e\000\040\000T\000E\000X\000T\000\040\000c\000o\000n\000o\000c\000i\000e\000n\000d\000o\000\040\000T\000E\000X\000T}{section.5.2}% 47
\BOOKMARK [2][-]{subsection.5.2.4}{\376\377\000C\000o\000n\000t\000r\000a\000s\000t\000e\000\040\000u\000n\000i\000l\000a\000t\000e\000r\000a\000l\000\040\000s\000o\000b\000r\000e\000\040\000T\000E\000X\000T\000\040\000d\000e\000s\000c\000o\000n\000o\000c\000i\000e\000n\000d\000o\000\040\000T\000E\000X\000T}{section.5.2}% 48
\BOOKMARK [2][-]{subsection.5.2.5}{\376\377\000C\000o\000n\000t\000r\000a\000s\000t\000e\000\040\000b\000i\000l\000a\000t\000e\000r\000a\000l\000\040\000s\000o\000b\000r\000e\000\040\000T\000E\000X\000T\000\040\000c\000o\000n\000o\000c\000i\000e\000n\000d\000o\000\040\000T\000E\000X\000T}{section.5.2}% 49
\BOOKMARK [2][-]{subsection.5.2.6}{\376\377\000C\000o\000n\000t\000r\000a\000s\000t\000e\000\040\000b\000i\000l\000a\000t\000e\000r\000a\000l\000\040\000s\000o\000b\000r\000e\000\040\000T\000E\000X\000T\000\040\000d\000e\000s\000c\000o\000n\000o\000c\000i\000e\000n\000d\000o\000\040\000T\000E\000X\000T}{section.5.2}% 50
\BOOKMARK [2][-]{subsection.5.2.7}{\376\377\000C\000o\000n\000t\000r\000a\000s\000t\000e\000\040\000u\000n\000i\000l\000a\000t\000e\000r\000a\000l\000\040\000s\000o\000b\000r\000e\000\040\000T\000E\000X\000T\000\040\000c\000o\000n\000o\000c\000i\000e\000n\000d\000o\000\040\000T\000E\000X\000T}{section.5.2}% 51
\BOOKMARK [1][-]{section.5.3}{\376\377\000C\000o\000n\000t\000r\000a\000s\000t\000e\000\040\000d\000e\000\040\000h\000i\000p\000\363\000t\000e\000s\000i\000s\000\040\000p\000a\000r\000a\000\040\000d\000o\000s\000\040\000d\000i\000s\000t\000r\000i\000b\000u\000c\000i\000o\000n\000e\000s\000\040\000n\000o\000r\000m\000a\000l\000e\000s}{chapter.5}% 52
\BOOKMARK [2][-]{subsection.5.3.1}{\376\377\000C\000o\000n\000t\000r\000a\000s\000t\000e\000\040\000b\000i\000l\000a\000t\000e\000r\000a\000l\000\040\000s\000o\000b\000r\000e\000\040\000T\000E\000X\000T\000\040\000y\000\040\000T\000E\000X\000T\000\040\000p\000a\000r\000a\000\040\000m\000u\000e\000s\000t\000r\000a\000s\000\040\000a\000p\000a\000r\000e\000a\000d\000a\000s}{section.5.3}% 53
\BOOKMARK [2][-]{subsection.5.3.2}{\376\377\000C\000o\000n\000t\000r\000a\000s\000t\000e\000\040\000u\000n\000i\000l\000a\000t\000e\000r\000a\000l\000\040\000s\000o\000b\000r\000e\000\040\000T\000E\000X\000T\000\040\000y\000\040\000T\000E\000X\000T\000\040\000p\000a\000r\000a\000\040\000m\000u\000e\000s\000t\000r\000a\000s\000\040\000a\000p\000a\000r\000e\000a\000d\000a\000s}{section.5.3}% 54
\BOOKMARK [2][-]{subsection.5.3.3}{\376\377\000C\000o\000n\000t\000r\000a\000s\000t\000e\000\040\000b\000i\000l\000a\000t\000e\000r\000a\000l\000\040\000s\000o\000b\000r\000e\000\040\000T\000E\000X\000T\000\040\000y\000\040\000T\000E\000X\000T\000\040\000p\000a\000r\000a\000\040\000m\000u\000e\000s\000t\000r\000a\000s\000\040\000n\000o\000\040\000a\000p\000a\000r\000e\000a\000d\000a\000s}{section.5.3}% 55
\BOOKMARK [2][-]{subsection.5.3.4}{\376\377\000C\000o\000n\000t\000r\000a\000s\000t\000e\000\040\000u\000n\000i\000l\000a\000t\000e\000r\000a\000l\000\040\000s\000o\000b\000r\000e\000\040\000T\000E\000X\000T\000\040\000y\000\040\000T\000E\000X\000T\000\040\000p\000a\000r\000a\000\040\000m\000u\000e\000s\000t\000r\000a\000s\000\040\000n\000o\000\040\000a\000p\000a\000r\000e\000a\000d\000a\000s}{section.5.3}% 56
\BOOKMARK [2][-]{subsection.5.3.5}{\376\377\000C\000o\000n\000t\000r\000a\000s\000t\000e\000\040\000b\000i\000l\000a\000t\000e\000r\000a\000l\000\040\000s\000o\000b\000r\000e\000\040\000T\000E\000X\000T\000\040\000y\000\040\000T\000E\000X\000T\000\040\000p\000a\000r\000a\000\040\000m\000u\000e\000s\000t\000r\000a\000s\000\040\000n\000o\000\040\000a\000p\000a\000r\000e\000a\000d\000a\000s}{section.5.3}% 57
\BOOKMARK [0][-]{appendix.Alph1}{\376\377\000R\000e\000c\000u\000e\000r\000d\000o\000s\000\040\000d\000e\000l\000\040\000p\000a\000s\000a\000d\000o}{}% 58
\BOOKMARK [1][-]{section.Alph1.1}{\376\377\000E\000s\000p\000a\000c\000i\000o\000\040\000d\000e\000\040\000p\000r\000o\000b\000a\000b\000i\000l\000i\000d\000a\000d\000\040\000y\000\040\000T\000E\000X\000T\000-\000\341\000l\000g\000e\000b\000r\000a\000\040\000d\000e\000\040\000B\000o\000r\000e\000l}{appendix.Alph1}% 59
\BOOKMARK [1][-]{section.Alph1.2}{\376\377\000V\000a\000r\000i\000a\000b\000l\000e\000s\000\040\000a\000l\000e\000a\000t\000o\000r\000i\000a\000s}{appendix.Alph1}% 60
\BOOKMARK [1][-]{section.Alph1.3}{\376\377\000V\000e\000c\000t\000o\000r\000e\000s\000\040\000a\000l\000e\000a\000t\000o\000r\000i\000o\000s}{appendix.Alph1}% 61
\BOOKMARK [1][-]{section.Alph1.4}{\376\377\000C\000l\000a\000s\000i\000f\000i\000c\000a\000c\000i\000\363\000n\000\040\000d\000e\000\040\000v\000a\000r\000i\000a\000b\000l\000e\000s\000\040\000a\000l\000e\000a\000t\000o\000r\000i\000a\000s}{appendix.Alph1}% 62
\BOOKMARK [1][-]{section.Alph1.5}{\376\377\000C\000a\000r\000a\000c\000t\000e\000r\000\355\000s\000t\000i\000c\000a\000s\000\040\000n\000u\000m\000\351\000r\000i\000c\000a\000s}{appendix.Alph1}% 63
\BOOKMARK [1][-]{section.Alph1.6}{\376\377\000F\000u\000n\000c\000i\000\363\000n\000\040\000g\000e\000n\000e\000r\000a\000t\000r\000i\000z\000\040\000d\000e\000\040\000m\000o\000m\000e\000n\000t\000o\000s}{appendix.Alph1}% 64
\BOOKMARK [1][-]{section.Alph1.7}{\376\377\000C\000o\000n\000v\000e\000r\000g\000e\000n\000c\000i\000a\000\040\000d\000e\000\040\000u\000n\000a\000\040\000s\000u\000c\000e\000s\000i\000\363\000n\000\040\000d\000e\000\040\000v\000a\000r\000i\000a\000b\000l\000e\000s\000\040\000a\000l\000e\000a\000t\000o\000r\000i\000a\000s}{appendix.Alph1}% 65
\BOOKMARK [1][-]{section.Alph1.8}{\376\377\000D\000i\000s\000t\000r\000i\000b\000u\000c\000i\000o\000n\000e\000s\000\040\000d\000e\000\040\000p\000r\000o\000b\000a\000b\000i\000l\000i\000d\000a\000d\000\040\000d\000i\000s\000c\000r\000e\000t\000a\000s}{appendix.Alph1}% 66
\BOOKMARK [1][-]{section.Alph1.9}{\376\377\000D\000i\000s\000t\000r\000i\000b\000u\000c\000i\000o\000n\000e\000s\000\040\000d\000e\000\040\000p\000r\000o\000b\000a\000b\000i\000l\000i\000d\000a\000d\000\040\000a\000b\000s\000o\000l\000u\000t\000a\000m\000e\000n\000t\000e\000\040\000c\000o\000n\000t\000i\000n\000u\000a\000s}{appendix.Alph1}% 67
