\BOOKMARK [0][-]{chapter.1}{\376\377\000I\000n\000t\000r\000o\000d\000u\000c\000c\000i\000\363\000n}{}% 1
\BOOKMARK [0][-]{chapter.2}{\376\377\000E\000c\000u\000a\000c\000i\000o\000n\000e\000s\000\040\000c\000u\000a\000s\000i\000l\000i\000n\000e\000a\000l\000e\000s}{}% 2
\BOOKMARK [1][-]{section.2.1}{\376\377\000C\000u\000r\000v\000a\000s\000\040\000c\000a\000r\000a\000c\000t\000e\000r\000\355\000s\000t\000i\000c\000a\000s}{chapter.2}% 3
\BOOKMARK [1][-]{section.2.2}{\376\377\000M\000\351\000t\000o\000d\000o\000\040\000d\000e\000\040\000l\000a\000s\000\040\000c\000a\000r\000a\000c\000t\000e\000r\000\355\000s\000t\000i\000c\000a\000s}{chapter.2}% 4
\BOOKMARK [0][-]{chapter.3}{\376\377\000E\000c\000u\000a\000c\000i\000\363\000n\000\040\000d\000e\000\040\000o\000n\000d\000a\000s}{}% 5
\BOOKMARK [1][-]{section.3.1}{\376\377\000P\000r\000o\000b\000l\000e\000m\000a\000\040\000i\000n\000i\000c\000i\000a\000l\000\040\000a\000s\000o\000c\000i\000a\000d\000o\000\040\000a\000\040\000l\000a\000\040\000e\000c\000u\000a\000c\000i\000\363\000n\000\040\000d\000e\000\040\000o\000n\000d\000a\000s\000\040\000h\000o\000m\000o\000g\000\351\000n\000e\000a}{chapter.3}% 6
\BOOKMARK [1][-]{section.3.2}{\376\377\000P\000r\000o\000b\000l\000e\000m\000a\000\040\000i\000n\000i\000c\000i\000a\000l\000\040\000a\000s\000o\000c\000i\000a\000d\000o\000\040\000a\000\040\000l\000a\000\040\000e\000c\000u\000a\000c\000i\000\363\000n\000\040\000d\000e\000\040\000o\000n\000d\000a\000s\000\040\000n\000o\000\040\000h\000o\000m\000o\000g\000\351\000n\000e\000a}{chapter.3}% 7
\BOOKMARK [1][-]{section.3.3}{\376\377\000P\000r\000o\000b\000l\000e\000m\000a\000s\000\040\000m\000i\000x\000t\000o\000s\000\040\000a\000s\000o\000c\000i\000a\000d\000o\000s\000\040\000a\000\040\000l\000a\000\040\000e\000c\000u\000a\000c\000i\000\363\000n\000\040\000d\000e\000\040\000o\000n\000d\000a\000s}{chapter.3}% 8
\BOOKMARK [1][-]{section.3.4}{\376\377\000M\000\351\000t\000o\000d\000o\000\040\000d\000e\000\040\000s\000e\000p\000a\000r\000a\000c\000i\000\363\000n\000\040\000d\000e\000\040\000v\000a\000r\000i\000a\000b\000l\000e\000s}{chapter.3}% 9
\BOOKMARK [0][-]{chapter.4}{\376\377\000E\000c\000u\000a\000c\000i\000\363\000n\000\040\000d\000e\000l\000\040\000c\000a\000l\000o\000r}{}% 10
\BOOKMARK [1][-]{section.4.1}{\376\377\000P\000r\000o\000b\000l\000e\000m\000a\000s\000\040\000m\000i\000x\000t\000o\000s\000\040\000a\000s\000o\000c\000i\000a\000d\000o\000s\000\040\000a\000\040\000l\000a\000\040\000e\000c\000u\000a\000c\000i\000\363\000n\000\040\000d\000e\000l\000\040\000c\000a\000l\000o\000r}{chapter.4}% 11
\BOOKMARK [1][-]{section.4.2}{\376\377\000P\000r\000o\000b\000l\000e\000m\000a\000s\000\040\000i\000n\000i\000c\000i\000a\000l\000e\000s\000\040\000a\000s\000o\000c\000i\000a\000d\000o\000s\000\040\000a\000\040\000l\000a\000\040\000e\000c\000u\000a\000c\000i\000\363\000n\000\040\000d\000e\000l\000\040\000c\000a\000l\000o\000r}{chapter.4}% 12
\BOOKMARK [0][-]{chapter.5}{\376\377\000E\000c\000u\000a\000c\000i\000\363\000n\000\040\000d\000e\000\040\000L\000a\000p\000l\000a\000c\000e}{}% 13
\BOOKMARK [1][-]{section.5.1}{\376\377\000P\000r\000o\000b\000l\000e\000m\000a\000\040\000d\000e\000\040\000D\000i\000r\000i\000c\000h\000l\000e\000t\000\040\000e\000n\000\040\000u\000n\000\040\000r\000e\000c\000t\000\341\000n\000g\000u\000l\000o}{chapter.5}% 14
\BOOKMARK [1][-]{section.5.2}{\376\377\000P\000r\000o\000b\000l\000e\000m\000a\000\040\000d\000e\000\040\000D\000i\000r\000i\000c\000h\000l\000e\000t\000\040\000e\000n\000\040\000u\000n\000\040\000d\000i\000s\000c\000o}{chapter.5}% 15
\BOOKMARK [1][-]{section.5.3}{\376\377\000F\000u\000n\000c\000i\000o\000n\000e\000s\000\040\000a\000r\000m\000\363\000n\000i\000c\000a\000s}{chapter.5}% 16
\BOOKMARK [0][-]{appendix.Alph1}{\376\377\000S\000e\000r\000i\000e\000s\000\040\000d\000e\000\040\000F\000o\000u\000r\000i\000e\000r}{}% 17
\BOOKMARK [1][-]{section.Alph1.1}{\376\377\000S\000i\000s\000t\000e\000m\000a\000s\000\040\000o\000r\000t\000o\000g\000o\000n\000a\000l\000e\000s\000\040\000e\000n\000\040\000L\0002}{appendix.Alph1}% 18
\BOOKMARK [1][-]{section.Alph1.2}{\376\377\000S\000i\000s\000t\000e\000m\000a\000s\000\040\000o\000r\000t\000o\000g\000o\000n\000a\000l\000e\000s\000\040\000c\000o\000m\000p\000l\000e\000t\000o\000s}{appendix.Alph1}% 19
\BOOKMARK [1][-]{section.Alph1.3}{\376\377\000C\000o\000n\000v\000e\000r\000g\000e\000n\000c\000i\000a\000\040\000p\000u\000n\000t\000u\000a\000l\000\040\000d\000e\000\040\000s\000e\000r\000i\000e\000s\000\040\000d\000e\000\040\000F\000o\000u\000r\000i\000e\000r}{appendix.Alph1}% 20
\BOOKMARK [1][-]{section.Alph1.4}{\376\377\000C\000o\000n\000v\000e\000r\000g\000e\000n\000c\000i\000a\000\040\000u\000n\000i\000f\000o\000r\000m\000e\000\040\000d\000e\000\040\000s\000e\000r\000i\000e\000s\000\040\000d\000e\000\040\000F\000o\000u\000r\000i\000e\000r}{appendix.Alph1}% 21
\BOOKMARK [1][-]{section.Alph1.5}{\376\377\000S\000e\000r\000i\000e\000s\000\040\000d\000e\000\040\000F\000o\000u\000r\000i\000e\000r\000\040\000d\000e\000\040\000s\000e\000n\000o\000s\000\040\000y\000\040\000c\000o\000s\000e\000n\000o\000s}{appendix.Alph1}% 22
\BOOKMARK [0][-]{appendix.Alph2}{\376\377\000T\000r\000a\000n\000s\000f\000o\000r\000m\000a\000d\000a\000\040\000d\000e\000\040\000F\000o\000u\000r\000i\000e\000r}{}% 23
\BOOKMARK [1][-]{section.Alph2.1}{\376\377\000D\000e\000f\000i\000n\000i\000c\000i\000\363\000n\000\040\000y\000\040\000p\000r\000o\000p\000i\000e\000d\000a\000d\000e\000s\000\040\000e\000l\000e\000m\000e\000n\000t\000a\000l\000e\000s}{appendix.Alph2}% 24
\BOOKMARK [1][-]{section.Alph2.2}{\376\377\000C\000o\000n\000v\000o\000l\000u\000c\000i\000\363\000n}{appendix.Alph2}% 25
\BOOKMARK [1][-]{section.Alph2.3}{\376\377\000E\000j\000e\000m\000p\000l\000o\000s\000\040\000i\000m\000p\000o\000r\000t\000a\000n\000t\000e\000s}{appendix.Alph2}% 26
\BOOKMARK [1][-]{section.Alph2.4}{\376\377\000T\000e\000o\000r\000e\000m\000a\000\040\000d\000e\000\040\000i\000n\000v\000e\000r\000s\000i\000\363\000n}{appendix.Alph2}% 27
