This is pdfTeX, Version 3.141592653-2.6-1.40.26 (MiKTeX 24.4) (preloaded format=pdflatex 2024.5.20)  7 JUN 2025 13:49
entering extended mode
 restricted \write18 enabled.
 file:line:error style messages enabled.
 %&-line parsing enabled.
**c:/Users/lopez/Documents/Proyectos/latex/2024-2025/tfg/main.tex
(c:/Users/lopez/Documents/Proyectos/latex/2024-2025/tfg/main.tex
LaTeX2e <2023-11-01> patch level 1
L3 programming layer <2024-04-11>
(C:\Users\lopez\AppData\Local\Programs\MiKTeX\tex/latex/base\book.cls
Document Class: book 2023/05/17 v1.4n Standard LaTeX document class
(C:\Users\lopez\AppData\Local\Programs\MiKTeX\tex/latex/base\bk12.clo
File: bk12.clo 2023/05/17 v1.4n Standard LaTeX file (size option)
)
\c@part=\count189
\c@chapter=\count190
\c@section=\count191
\c@subsection=\count192
\c@subsubsection=\count193
\c@paragraph=\count194
\c@subparagraph=\count195
\c@figure=\count196
\c@table=\count197
\abovecaptionskip=\skip48
\belowcaptionskip=\skip49
\bibindent=\dimen140
) (preamble.sty (C:\Users\lopez\AppData\Local\Programs\MiKTeX\tex/latex/aligned-overset\aligned-overset.sty (C:\Users\lopez\AppData\Local\Programs\MiKTeX\tex/latex/l3kernel\expl3.sty
Package: expl3 2024-04-11 L3 programming layer (loader) 
 (C:\Users\lopez\AppData\Local\Programs\MiKTeX\tex/latex/l3backend\l3backend-pdftex.def
File: l3backend-pdftex.def 2024-04-11 L3 backend support: PDF output (pdfTeX)
\l__color_backend_stack_int=\count198
\l__pdf_internal_box=\box51
))
Package: aligned-overset 2018/04/04 v0.1.0 aligned overset and underset
 (C:\Users\lopez\AppData\Local\Programs\MiKTeX\tex/latex/l3packages/xparse\xparse.sty
Package: xparse 2024-03-14 L3 Experimental document command parser
) (C:\Users\lopez\AppData\Local\Programs\MiKTeX\tex/latex/amsmath\amsmath.sty
Package: amsmath 2023/05/13 v2.17o AMS math features
\@mathmargin=\skip50

For additional information on amsmath, use the `?' option.
(C:\Users\lopez\AppData\Local\Programs\MiKTeX\tex/latex/amsmath\amstext.sty
Package: amstext 2021/08/26 v2.01 AMS text
 (C:\Users\lopez\AppData\Local\Programs\MiKTeX\tex/latex/amsmath\amsgen.sty
File: amsgen.sty 1999/11/30 v2.0 generic functions
\@emptytoks=\toks17
\ex@=\dimen141
)) (C:\Users\lopez\AppData\Local\Programs\MiKTeX\tex/latex/amsmath\amsbsy.sty
Package: amsbsy 1999/11/29 v1.2d Bold Symbols
\pmbraise@=\dimen142
) (C:\Users\lopez\AppData\Local\Programs\MiKTeX\tex/latex/amsmath\amsopn.sty
Package: amsopn 2022/04/08 v2.04 operator names
)
\inf@bad=\count199
LaTeX Info: Redefining \frac on input line 234.
\uproot@=\count266
\leftroot@=\count267
LaTeX Info: Redefining \overline on input line 399.
LaTeX Info: Redefining \colon on input line 410.
\classnum@=\count268
\DOTSCASE@=\count269
LaTeX Info: Redefining \ldots on input line 496.
LaTeX Info: Redefining \dots on input line 499.
LaTeX Info: Redefining \cdots on input line 620.
\Mathstrutbox@=\box52
\strutbox@=\box53
LaTeX Info: Redefining \big on input line 722.
LaTeX Info: Redefining \Big on input line 723.
LaTeX Info: Redefining \bigg on input line 724.
LaTeX Info: Redefining \Bigg on input line 725.
\big@size=\dimen143
LaTeX Font Info:    Redeclaring font encoding OML on input line 743.
LaTeX Font Info:    Redeclaring font encoding OMS on input line 744.
\macc@depth=\count270
LaTeX Info: Redefining \bmod on input line 905.
LaTeX Info: Redefining \pmod on input line 910.
LaTeX Info: Redefining \smash on input line 940.
LaTeX Info: Redefining \relbar on input line 970.
LaTeX Info: Redefining \Relbar on input line 971.
\c@MaxMatrixCols=\count271
\dotsspace@=\muskip16
\c@parentequation=\count272
\dspbrk@lvl=\count273
\tag@help=\toks18
\row@=\count274
\column@=\count275
\maxfields@=\count276
\andhelp@=\toks19
\eqnshift@=\dimen144
\alignsep@=\dimen145
\tagshift@=\dimen146
\tagwidth@=\dimen147
\totwidth@=\dimen148
\lineht@=\dimen149
\@envbody=\toks20
\multlinegap=\skip51
\multlinetaggap=\skip52
\mathdisplay@stack=\toks21
LaTeX Info: Redefining \[ on input line 2953.
LaTeX Info: Redefining \] on input line 2954.
) (C:\Users\lopez\AppData\Local\Programs\MiKTeX\tex/latex/mathtools\mathtools.sty
Package: mathtools 2024/03/11 v1.30 mathematical typesetting tools
 (C:\Users\lopez\AppData\Local\Programs\MiKTeX\tex/latex/graphics\keyval.sty
Package: keyval 2022/05/29 v1.15 key=value parser (DPC)
\KV@toks@=\toks22
) (C:\Users\lopez\AppData\Local\Programs\MiKTeX\tex/latex/tools\calc.sty
Package: calc 2023/07/08 v4.3 Infix arithmetic (KKT,FJ)
\calc@Acount=\count277
\calc@Bcount=\count278
\calc@Adimen=\dimen150
\calc@Bdimen=\dimen151
\calc@Askip=\skip53
\calc@Bskip=\skip54
LaTeX Info: Redefining \setlength on input line 80.
LaTeX Info: Redefining \addtolength on input line 81.
\calc@Ccount=\count279
\calc@Cskip=\skip55
) (C:\Users\lopez\AppData\Local\Programs\MiKTeX\tex/latex/mathtools\mhsetup.sty
Package: mhsetup 2021/03/18 v1.4 programming setup (MH)
)
\g_MT_multlinerow_int=\count280
\l_MT_multwidth_dim=\dimen152
\origjot=\skip56
\l_MT_shortvdotswithinadjustabove_dim=\dimen153
\l_MT_shortvdotswithinadjustbelow_dim=\dimen154
\l_MT_above_intertext_sep=\dimen155
\l_MT_below_intertext_sep=\dimen156
\l_MT_above_shortintertext_sep=\dimen157
\l_MT_below_shortintertext_sep=\dimen158
\xmathstrut@box=\box54
\xmathstrut@dim=\dimen159
)
\l__alignedsets_clap_box=\box55
\l__alignedsets_full_box=\box56
) (C:\Users\lopez\AppData\Local\Programs\MiKTeX\tex/latex/amsfonts\amssymb.sty
Package: amssymb 2013/01/14 v3.01 AMS font symbols
 (C:\Users\lopez\AppData\Local\Programs\MiKTeX\tex/latex/amsfonts\amsfonts.sty
Package: amsfonts 2013/01/14 v3.01 Basic AMSFonts support
\symAMSa=\mathgroup4
\symAMSb=\mathgroup5
LaTeX Font Info:    Redeclaring math symbol \hbar on input line 98.
LaTeX Font Info:    Overwriting math alphabet `\mathfrak' in version `bold'
(Font)                  U/euf/m/n --> U/euf/b/n on input line 106.
)) (C:\Users\lopez\AppData\Local\Programs\MiKTeX\tex/latex/amscls\amsthm.sty
Package: amsthm 2020/05/29 v2.20.6
\thm@style=\toks23
\thm@bodyfont=\toks24
\thm@headfont=\toks25
\thm@notefont=\toks26
\thm@headpunct=\toks27
\thm@preskip=\skip57
\thm@postskip=\skip58
\thm@headsep=\skip59
\dth@everypar=\toks28
) (C:\Users\lopez\AppData\Local\Programs\MiKTeX\tex/generic/babel\babel.sty
Package: babel 2024/04/20 v24.4 The Babel package
\babel@savecnt=\count281
\U@D=\dimen160
\l@unhyphenated=\language79
 (C:\Users\lopez\AppData\Local\Programs\MiKTeX\tex/generic/babel\txtbabel.def)
\bbl@readstream=\read2
\bbl@dirlevel=\count282

*************************************
* Local config file bblopts.cfg used
*
(C:\Users\lopez\AppData\Local\Programs\MiKTeX\tex/latex/arabi\bblopts.cfg
File: bblopts.cfg 2005/09/08 v0.1 add Arabic and Farsi to "declared" options of babel
) (C:\Users\lopez\AppData\Local\Programs\MiKTeX\tex/latex/babel-english\english.ldf
Language: english 2017/06/06 v3.3r English support from the babel system
Package babel Info: Hyphen rules for 'canadian' set to \l@english
(babel)             (\language0). Reported on input line 102.
Package babel Info: Hyphen rules for 'australian' set to \l@ukenglish
(babel)             (\language73). Reported on input line 105.
Package babel Info: Hyphen rules for 'newzealand' set to \l@ukenglish
(babel)             (\language73). Reported on input line 108.
) (C:\Users\lopez\AppData\Local\Programs\MiKTeX\tex/latex/babel-spanish\spanish.ldf
Language: spanish.ldf 2021/05/27 v5.0q Spanish support from the babel system
\es@quottoks=\toks29
\es@quotdepth=\count283
Package babel Info: Making ' an active character on input line 740.
)) (C:\Users\lopez\AppData\Local\Programs\MiKTeX\tex/generic/babel/locale/es\babel-spanish.tex
Package babel Info: Importing font and identification data for spanish
(babel)             from babel-es.ini. Reported on input line 11.
) (C:\Users\lopez\AppData\Local\Programs\MiKTeX\tex/generic/babel/locale/en\babel-english.tex
Package babel Info: Importing font and identification data for english
(babel)             from babel-en.ini. Reported on input line 11.
) (C:\Users\lopez\AppData\Local\Programs\MiKTeX\tex/latex/babelbib\babelbib.sty
Package: babelbib 2021/01/06 v1.34 babelbib: multilingual bibliographies
\c@btxromaniannumeral=\count284
) (C:\Users\lopez\AppData\Local\Programs\MiKTeX\tex/latex/cancel\cancel.sty
Package: cancel 2013/04/12 v2.2 Cancel math terms
) (C:\Users\lopez\AppData\Local\Programs\MiKTeX\tex/latex/caption\caption.sty
Package: caption 2023/08/05 v3.6o Customizing captions (AR)
 (C:\Users\lopez\AppData\Local\Programs\MiKTeX\tex/latex/caption\caption3.sty
Package: caption3 2023/07/31 v2.4d caption3 kernel (AR)
\caption@tempdima=\dimen161
\captionmargin=\dimen162
\caption@leftmargin=\dimen163
\caption@rightmargin=\dimen164
\caption@width=\dimen165
\caption@indent=\dimen166
\caption@parindent=\dimen167
\caption@hangindent=\dimen168
Package caption Info: Standard document class detected.
)
\c@caption@flags=\count285
\c@continuedfloat=\count286
) (C:\Users\lopez\AppData\Local\Programs\MiKTeX\tex/latex/graphics\color.sty
Package: color 2022/01/06 v1.3d Standard LaTeX Color (DPC)
 (C:\Users\lopez\AppData\Local\Programs\MiKTeX\tex/latex/graphics-cfg\color.cfg
File: color.cfg 2016/01/02 v1.6 sample color configuration
)
Package color Info: Driver file: pdftex.def on input line 149.
 (C:\Users\lopez\AppData\Local\Programs\MiKTeX\tex/latex/graphics-def\pdftex.def
File: pdftex.def 2024/04/13 v1.2c Graphics/color driver for pdftex
) (C:\Users\lopez\AppData\Local\Programs\MiKTeX\tex/latex/graphics\mathcolor.ltx)) (C:\Users\lopez\AppData\Local\Programs\MiKTeX\tex/latex/emptypage\emptypage.sty
Package: emptypage 2010/05/30 v1.2 Suppress page numbers and headings on empty pages
) (C:\Users\lopez\AppData\Local\Programs\MiKTeX\tex/latex/enumitem\enumitem.sty
Package: enumitem 2019/06/20 v3.9 Customized lists
\labelindent=\skip60
\enit@outerparindent=\dimen169
\enit@toks=\toks30
\enit@inbox=\box57
\enit@count@id=\count287
\enitdp@description=\count288
) (C:\Users\lopez\AppData\Local\Programs\MiKTeX\tex/latex/faktor\faktor.sty
Package: faktor 2006/04/05 v0.1b Faktor-Ringe, -Gruppen, -Raeume (PE)
\faktor@zaehlerhoehe=\skip61
\faktor@nennerhoehe=\skip62
) (C:\Users\lopez\AppData\Local\Programs\MiKTeX\tex/latex/fancyhdr\fancyhdr.sty
Package: fancyhdr 2024/04/23 v4.2 Extensive control of page headers and footers
\f@nch@headwidth=\skip63
\f@nch@O@elh=\skip64
\f@nch@O@erh=\skip65
\f@nch@O@olh=\skip66
\f@nch@O@orh=\skip67
\f@nch@O@elf=\skip68
\f@nch@O@erf=\skip69
\f@nch@O@olf=\skip70
\f@nch@O@orf=\skip71
) (C:\Users\lopez\AppData\Local\Programs\MiKTeX\tex/latex/float\float.sty
Package: float 2001/11/08 v1.3d Float enhancements (AL)
\c@float@type=\count289
\float@exts=\toks31
\float@box=\box58
\@float@everytoks=\toks32
\@floatcapt=\box59
) (C:\Users\lopez\AppData\Local\Programs\MiKTeX\tex/latex/geometry\geometry.sty
Package: geometry 2020/01/02 v5.9 Page Geometry
 (C:\Users\lopez\AppData\Local\Programs\MiKTeX\tex/generic/iftex\ifvtex.sty
Package: ifvtex 2019/10/25 v1.7 ifvtex legacy package. Use iftex instead.
 (C:\Users\lopez\AppData\Local\Programs\MiKTeX\tex/generic/iftex\iftex.sty
Package: iftex 2022/02/03 v1.0f TeX engine tests
))
\Gm@cnth=\count290
\Gm@cntv=\count291
\c@Gm@tempcnt=\count292
\Gm@bindingoffset=\dimen170
\Gm@wd@mp=\dimen171
\Gm@odd@mp=\dimen172
\Gm@even@mp=\dimen173
\Gm@layoutwidth=\dimen174
\Gm@layoutheight=\dimen175
\Gm@layouthoffset=\dimen176
\Gm@layoutvoffset=\dimen177
\Gm@dimlist=\toks33
 (C:\Users\lopez\AppData\Local\Programs\MiKTeX\tex/latex/geometry\geometry.cfg)) (C:\Users\lopez\AppData\Local\Programs\MiKTeX\tex/latex/graphics\graphicx.sty
Package: graphicx 2021/09/16 v1.2d Enhanced LaTeX Graphics (DPC,SPQR)
 (C:\Users\lopez\AppData\Local\Programs\MiKTeX\tex/latex/graphics\graphics.sty
Package: graphics 2022/03/10 v1.4e Standard LaTeX Graphics (DPC,SPQR)
 (C:\Users\lopez\AppData\Local\Programs\MiKTeX\tex/latex/graphics\trig.sty
Package: trig 2021/08/11 v1.11 sin cos tan (DPC)
) (C:\Users\lopez\AppData\Local\Programs\MiKTeX\tex/latex/graphics-cfg\graphics.cfg
File: graphics.cfg 2016/06/04 v1.11 sample graphics configuration
)
Package graphics Info: Driver file: pdftex.def on input line 107.
)
\Gin@req@height=\dimen178
\Gin@req@width=\dimen179
) (C:\Users\lopez\AppData\Local\Programs\MiKTeX\tex/latex/hyperref\hyperref.sty
Package: hyperref 2024-01-20 v7.01h Hypertext links for LaTeX
 (C:\Users\lopez\AppData\Local\Programs\MiKTeX\tex/latex/kvsetkeys\kvsetkeys.sty
Package: kvsetkeys 2022-10-05 v1.19 Key value parser (HO)
) (C:\Users\lopez\AppData\Local\Programs\MiKTeX\tex/generic/kvdefinekeys\kvdefinekeys.sty
Package: kvdefinekeys 2019-12-19 v1.6 Define keys (HO)
) (C:\Users\lopez\AppData\Local\Programs\MiKTeX\tex/generic/pdfescape\pdfescape.sty
Package: pdfescape 2019/12/09 v1.15 Implements pdfTeX's escape features (HO)
 (C:\Users\lopez\AppData\Local\Programs\MiKTeX\tex/generic/ltxcmds\ltxcmds.sty
Package: ltxcmds 2023-12-04 v1.26 LaTeX kernel commands for general use (HO)
) (C:\Users\lopez\AppData\Local\Programs\MiKTeX\tex/generic/pdftexcmds\pdftexcmds.sty
Package: pdftexcmds 2020-06-27 v0.33 Utility functions of pdfTeX for LuaTeX (HO)
 (C:\Users\lopez\AppData\Local\Programs\MiKTeX\tex/generic/infwarerr\infwarerr.sty
Package: infwarerr 2019/12/03 v1.5 Providing info/warning/error messages (HO)
)
Package pdftexcmds Info: \pdf@primitive is available.
Package pdftexcmds Info: \pdf@ifprimitive is available.
Package pdftexcmds Info: \pdfdraftmode found.
)) (C:\Users\lopez\AppData\Local\Programs\MiKTeX\tex/latex/hycolor\hycolor.sty
Package: hycolor 2020-01-27 v1.10 Color options for hyperref/bookmark (HO)
) (C:\Users\lopez\AppData\Local\Programs\MiKTeX\tex/latex/auxhook\auxhook.sty
Package: auxhook 2019-12-17 v1.6 Hooks for auxiliary files (HO)
) (C:\Users\lopez\AppData\Local\Programs\MiKTeX\tex/latex/hyperref\nameref.sty
Package: nameref 2023-11-26 v2.56 Cross-referencing by name of section
 (C:\Users\lopez\AppData\Local\Programs\MiKTeX\tex/latex/refcount\refcount.sty
Package: refcount 2019/12/15 v3.6 Data extraction from label references (HO)
) (C:\Users\lopez\AppData\Local\Programs\MiKTeX\tex/generic/gettitlestring\gettitlestring.sty
Package: gettitlestring 2019/12/15 v1.6 Cleanup title references (HO)
 (C:\Users\lopez\AppData\Local\Programs\MiKTeX\tex/latex/kvoptions\kvoptions.sty
Package: kvoptions 2022-06-15 v3.15 Key value format for package options (HO)
))
\c@section@level=\count293
) (C:\Users\lopez\AppData\Local\Programs\MiKTeX\tex/latex/etoolbox\etoolbox.sty
Package: etoolbox 2020/10/05 v2.5k e-TeX tools for LaTeX (JAW)
\etb@tempcnta=\count294
)
\@linkdim=\dimen180
\Hy@linkcounter=\count295
\Hy@pagecounter=\count296
 (C:\Users\lopez\AppData\Local\Programs\MiKTeX\tex/latex/hyperref\pd1enc.def
File: pd1enc.def 2024-01-20 v7.01h Hyperref: PDFDocEncoding definition (HO)
Now handling font encoding PD1 ...
... no UTF-8 mapping file for font encoding PD1
) (C:\Users\lopez\AppData\Local\Programs\MiKTeX\tex/generic/intcalc\intcalc.sty
Package: intcalc 2019/12/15 v1.3 Expandable calculations with integers (HO)
)
\Hy@SavedSpaceFactor=\count297
 (C:\Users\lopez\AppData\Local\Programs\MiKTeX\tex/latex/hyperref\puenc.def
File: puenc.def 2024-01-20 v7.01h Hyperref: PDF Unicode definition (HO)
Now handling font encoding PU ...
... no UTF-8 mapping file for font encoding PU
)
Package hyperref Info: Hyper figures OFF on input line 4179.
Package hyperref Info: Link nesting OFF on input line 4184.
Package hyperref Info: Hyper index ON on input line 4187.
Package hyperref Info: Plain pages OFF on input line 4194.
Package hyperref Info: Backreferencing OFF on input line 4199.
Package hyperref Info: Implicit mode ON; LaTeX internals redefined.
Package hyperref Info: Bookmarks ON on input line 4446.
\c@Hy@tempcnt=\count298
 (C:\Users\lopez\AppData\Local\Programs\MiKTeX\tex/latex/url\url.sty
\Urlmuskip=\muskip17
Package: url 2013/09/16  ver 3.4  Verb mode for urls, etc.
)
LaTeX Info: Redefining \url on input line 4784.
\XeTeXLinkMargin=\dimen181
 (C:\Users\lopez\AppData\Local\Programs\MiKTeX\tex/generic/bitset\bitset.sty
Package: bitset 2019/12/09 v1.3 Handle bit-vector datatype (HO)
 (C:\Users\lopez\AppData\Local\Programs\MiKTeX\tex/generic/bigintcalc\bigintcalc.sty
Package: bigintcalc 2019/12/15 v1.5 Expandable calculations on big integers (HO)
))
\Fld@menulength=\count299
\Field@Width=\dimen182
\Fld@charsize=\dimen183
Package hyperref Info: Hyper figures OFF on input line 6063.
Package hyperref Info: Link nesting OFF on input line 6068.
Package hyperref Info: Hyper index ON on input line 6071.
Package hyperref Info: backreferencing OFF on input line 6078.
Package hyperref Info: Link coloring OFF on input line 6083.
Package hyperref Info: Link coloring with OCG OFF on input line 6088.
Package hyperref Info: PDF/A mode OFF on input line 6093.
 (C:\Users\lopez\AppData\Local\Programs\MiKTeX\tex/latex/base\atbegshi-ltx.sty
Package: atbegshi-ltx 2021/01/10 v1.0c Emulation of the original atbegshi
package with kernel methods
)
\Hy@abspage=\count300
\c@Item=\count301
\c@Hfootnote=\count302
)
Package hyperref Info: Driver (autodetected): hpdftex.
 (C:\Users\lopez\AppData\Local\Programs\MiKTeX\tex/latex/hyperref\hpdftex.def
File: hpdftex.def 2024-01-20 v7.01h Hyperref driver for pdfTeX
 (C:\Users\lopez\AppData\Local\Programs\MiKTeX\tex/latex/base\atveryend-ltx.sty
Package: atveryend-ltx 2020/08/19 v1.0a Emulation of the original atveryend package
with kernel methods
)
\Fld@listcount=\count303
\c@bookmark@seq@number=\count304
 (C:\Users\lopez\AppData\Local\Programs\MiKTeX\tex/latex/rerunfilecheck\rerunfilecheck.sty
Package: rerunfilecheck 2022-07-10 v1.10 Rerun checks for auxiliary files (HO)
 (C:\Users\lopez\AppData\Local\Programs\MiKTeX\tex/generic/uniquecounter\uniquecounter.sty
Package: uniquecounter 2019/12/15 v1.4 Provide unlimited unique counter (HO)
)
Package uniquecounter Info: New unique counter `rerunfilecheck' on input line 285.
)
\Hy@SectionHShift=\skip72
) (C:\Users\lopez\AppData\Local\Programs\MiKTeX\tex/latex/base\inputenc.sty
Package: inputenc 2021/02/14 v1.3d Input encoding file
\inpenc@prehook=\toks34
\inpenc@posthook=\toks35
) (C:\Users\lopez\AppData\Local\Programs\MiKTeX\tex/latex/base\fontenc.sty
Package: fontenc 2021/04/29 v2.0v Standard LaTeX package
) (C:\Users\lopez\AppData\Local\Programs\MiKTeX\tex/latex/lm\lmodern.sty
Package: lmodern 2015/05/01 v1.6.1 Latin Modern Fonts
LaTeX Font Info:    Overwriting symbol font `operators' in version `normal'
(Font)                  OT1/cmr/m/n --> OT1/lmr/m/n on input line 22.
LaTeX Font Info:    Overwriting symbol font `letters' in version `normal'
(Font)                  OML/cmm/m/it --> OML/lmm/m/it on input line 23.
LaTeX Font Info:    Overwriting symbol font `symbols' in version `normal'
(Font)                  OMS/cmsy/m/n --> OMS/lmsy/m/n on input line 24.
LaTeX Font Info:    Overwriting symbol font `largesymbols' in version `normal'
(Font)                  OMX/cmex/m/n --> OMX/lmex/m/n on input line 25.
LaTeX Font Info:    Overwriting symbol font `operators' in version `bold'
(Font)                  OT1/cmr/bx/n --> OT1/lmr/bx/n on input line 26.
LaTeX Font Info:    Overwriting symbol font `letters' in version `bold'
(Font)                  OML/cmm/b/it --> OML/lmm/b/it on input line 27.
LaTeX Font Info:    Overwriting symbol font `symbols' in version `bold'
(Font)                  OMS/cmsy/b/n --> OMS/lmsy/b/n on input line 28.
LaTeX Font Info:    Overwriting symbol font `largesymbols' in version `bold'
(Font)                  OMX/cmex/m/n --> OMX/lmex/m/n on input line 29.
LaTeX Font Info:    Overwriting math alphabet `\mathbf' in version `normal'
(Font)                  OT1/cmr/bx/n --> OT1/lmr/bx/n on input line 31.
LaTeX Font Info:    Overwriting math alphabet `\mathsf' in version `normal'
(Font)                  OT1/cmss/m/n --> OT1/lmss/m/n on input line 32.
LaTeX Font Info:    Overwriting math alphabet `\mathit' in version `normal'
(Font)                  OT1/cmr/m/it --> OT1/lmr/m/it on input line 33.
LaTeX Font Info:    Overwriting math alphabet `\mathtt' in version `normal'
(Font)                  OT1/cmtt/m/n --> OT1/lmtt/m/n on input line 34.
LaTeX Font Info:    Overwriting math alphabet `\mathbf' in version `bold'
(Font)                  OT1/cmr/bx/n --> OT1/lmr/bx/n on input line 35.
LaTeX Font Info:    Overwriting math alphabet `\mathsf' in version `bold'
(Font)                  OT1/cmss/bx/n --> OT1/lmss/bx/n on input line 36.
LaTeX Font Info:    Overwriting math alphabet `\mathit' in version `bold'
(Font)                  OT1/cmr/bx/it --> OT1/lmr/bx/it on input line 37.
LaTeX Font Info:    Overwriting math alphabet `\mathtt' in version `bold'
(Font)                  OT1/cmtt/m/n --> OT1/lmtt/m/n on input line 38.
) (C:\Users\lopez\AppData\Local\Programs\MiKTeX\tex/latex/base\makeidx.sty
Package: makeidx 2021/10/04 v1.0m Standard LaTeX package
) (C:\Users\lopez\AppData\Local\Programs\MiKTeX\tex/latex/microtype\microtype.sty
Package: microtype 2024/03/29 v3.1b Micro-typographical refinements (RS)
\MT@toks=\toks36
\MT@tempbox=\box60
\MT@count=\count305
LaTeX Info: Redefining \noprotrusionifhmode on input line 1061.
LaTeX Info: Redefining \leftprotrusion on input line 1062.
\MT@prot@toks=\toks37
LaTeX Info: Redefining \rightprotrusion on input line 1081.
LaTeX Info: Redefining \textls on input line 1392.
\MT@outer@kern=\dimen184
LaTeX Info: Redefining \textmicrotypecontext on input line 2013.
\MT@listname@count=\count306
 (C:\Users\lopez\AppData\Local\Programs\MiKTeX\tex/latex/microtype\microtype-pdftex.def
File: microtype-pdftex.def 2024/03/29 v3.1b Definitions specific to pdftex (RS)
LaTeX Info: Redefining \lsstyle on input line 902.
LaTeX Info: Redefining \lslig on input line 902.
\MT@outer@space=\skip73
)
Package microtype Info: Loading configuration file microtype.cfg.
 (C:\Users\lopez\AppData\Local\Programs\MiKTeX\tex/latex/microtype\microtype.cfg
File: microtype.cfg 2024/03/29 v3.1b microtype main configuration file (RS)
)) (C:\Users\lopez\AppData\Local\Programs\MiKTeX\tex/latex/caption\subcaption.sty
Package: subcaption 2023/07/28 v1.6b Sub-captions (AR)
Package caption Info: New subtype `subfigure' on input line 238.
\c@subfigure=\count307
Package caption Info: New subtype `subtable' on input line 238.
\c@subtable=\count308
) (C:\Users\lopez\AppData\Local\Programs\MiKTeX\tex/latex/xcolor\xcolor.sty
Package: xcolor 2023/11/15 v3.01 LaTeX color extensions (UK)
 (C:\Users\lopez\AppData\Local\Programs\MiKTeX\tex/latex/graphics-cfg\color.cfg
File: color.cfg 2016/01/02 v1.6 sample color configuration
)
Package xcolor Info: Driver file: pdftex.def on input line 274.
LaTeX Info: Redefining \color on input line 758.
 (C:\Users\lopez\AppData\Local\Programs\MiKTeX\tex/latex/graphics\mathcolor.ltx)
Package xcolor Info: Model `cmy' substituted by `cmy0' on input line 1350.
Package xcolor Info: Model `hsb' substituted by `rgb' on input line 1354.
Package xcolor Info: Model `RGB' extended on input line 1366.
Package xcolor Info: Model `HTML' substituted by `rgb' on input line 1368.
Package xcolor Info: Model `Hsb' substituted by `hsb' on input line 1369.
Package xcolor Info: Model `tHsb' substituted by `hsb' on input line 1370.
Package xcolor Info: Model `HSB' substituted by `hsb' on input line 1371.
Package xcolor Info: Model `Gray' substituted by `gray' on input line 1372.
Package xcolor Info: Model `wave' substituted by `hsb' on input line 1373.
) (C:\Users\lopez\AppData\Local\Programs\MiKTeX\tex/latex/xcolor\svgnam.def
File: svgnam.def 2023/11/15 v3.01 Predefined colors according to SVG 1.1 (UK)
) (C:\Users\lopez\AppData\Local\Programs\MiKTeX\tex/latex/xcolor\x11nam.def
File: x11nam.def 2023/11/15 v3.01 Predefined colors according to Unix/X11 (UK)
)
LaTeX Info: Redefining \stars on input line 89.
Package hyperref Info: Option `colorlinks' set `true' on input line 127.
)
LaTeX Font Info:    Trying to load font information for T1+lmr on input line 5.
 (C:\Users\lopez\AppData\Local\Programs\MiKTeX\tex/latex/lm\t1lmr.fd
File: t1lmr.fd 2015/05/01 v1.6.1 Font defs for Latin Modern
) (main.aux
LaTeX Info: Redefining \. on input line 9.
LaTeX Info: Redefining \% on input line 9.
LaTeX Info: Redefining \. on input line 10.
LaTeX Info: Redefining \% on input line 10.
LaTeX Info: Redefining \. on input line 101.
LaTeX Info: Redefining \% on input line 101.
LaTeX Info: Redefining \. on input line 103.
LaTeX Info: Redefining \% on input line 103.
LaTeX Info: Redefining \. on input line 105.
LaTeX Info: Redefining \% on input line 105.
LaTeX Info: Redefining \. on input line 107.
LaTeX Info: Redefining \% on input line 107.
LaTeX Info: Redefining \. on input line 109.
LaTeX Info: Redefining \% on input line 109.
LaTeX Info: Redefining \. on input line 111.
LaTeX Info: Redefining \% on input line 111.
LaTeX Info: Redefining \. on input line 112.
LaTeX Info: Redefining \% on input line 112.
)
\openout1 = `main.aux'.

LaTeX Font Info:    Checking defaults for OML/cmm/m/it on input line 5.
LaTeX Font Info:    ... okay on input line 5.
LaTeX Font Info:    Checking defaults for OMS/cmsy/m/n on input line 5.
LaTeX Font Info:    ... okay on input line 5.
LaTeX Font Info:    Checking defaults for OT1/cmr/m/n on input line 5.
LaTeX Font Info:    ... okay on input line 5.
LaTeX Font Info:    Checking defaults for T1/cmr/m/n on input line 5.
LaTeX Font Info:    ... okay on input line 5.
LaTeX Font Info:    Checking defaults for TS1/cmr/m/n on input line 5.
LaTeX Font Info:    ... okay on input line 5.
LaTeX Font Info:    Checking defaults for OMX/cmex/m/n on input line 5.
LaTeX Font Info:    ... okay on input line 5.
LaTeX Font Info:    Checking defaults for U/cmr/m/n on input line 5.
LaTeX Font Info:    ... okay on input line 5.
LaTeX Font Info:    Checking defaults for PD1/pdf/m/n on input line 5.
LaTeX Font Info:    ... okay on input line 5.
LaTeX Font Info:    Checking defaults for PU/pdf/m/n on input line 5.
LaTeX Font Info:    ... okay on input line 5.
LaTeX Info: Redefining \. on input line 5.
LaTeX Info: Redefining \% on input line 5.

babelbib: Use citation-dependent languages in bibliography
babelbib: Set bibliography fall-back language to spanish
babelbib: english.bdf loaded because language english defined.
(C:\Users\lopez\AppData\Local\Programs\MiKTeX\tex/latex/babelbib\english.bdf
File: english.bdf 2021/01/06 v1.34 babelbib: multilingual bibliographies

babelbib extension \bibsenglish added to \extrasenglish
babelbib extension \btxifchangecaseon added to \extrasenglish
)
babelbib: spanish.bdf loaded because language spanish defined.
(C:\Users\lopez\AppData\Local\Programs\MiKTeX\tex/latex/babelbib\spanish.bdf
File: spanish.bdf 2021/01/06 v1.34 babelbib: multilingual bibliographies

babelbib extension \bibsspanish added to \extrasspanish
babelbib extension \btxifchangecaseoff added to \extrasspanish
)
LaTeX Info: Redefining \. on input line 5.
LaTeX Info: Redefining \% on input line 5.
Package caption Info: Begin \AtBeginDocument code.
Package caption Info: float package is loaded.
Package caption Info: hyperref package is loaded.
Package caption Info: End \AtBeginDocument code.
 (C:\Users\lopez\AppData\Local\Programs\MiKTeX\tex/context/base/mkii\supp-pdf.mkii
[Loading MPS to PDF converter (version 2006.09.02).]
\scratchcounter=\count309
\scratchdimen=\dimen185
\scratchbox=\box61
\nofMPsegments=\count310
\nofMParguments=\count311
\everyMPshowfont=\toks38
\MPscratchCnt=\count312
\MPscratchDim=\dimen186
\MPnumerator=\count313
\makeMPintoPDFobject=\count314
\everyMPtoPDFconversion=\toks39
) (C:\Users\lopez\AppData\Local\Programs\MiKTeX\tex/latex/epstopdf-pkg\epstopdf-base.sty
Package: epstopdf-base 2020-01-24 v2.11 Base part for package epstopdf
Package epstopdf-base Info: Redefining graphics rule for `.eps' on input line 485.
 (C:\Users\lopez\AppData\Local\Programs\MiKTeX\tex/latex/00miktex\epstopdf-sys.cfg
File: epstopdf-sys.cfg 2021/03/18 v2.0 Configuration of epstopdf for MiKTeX
))
*geometry* driver: auto-detecting
*geometry* detected driver: pdftex
*geometry* verbose mode - [ preamble ] result:
* driver: pdftex
* paper: a4paper
* layout: <same size as paper>
* layoutoffset:(h,v)=(0.0pt,0.0pt)
* modes: twoside 
* h-part:(L,W,R)=(71.13188pt, 455.24411pt, 71.13188pt)
* v-part:(T,H,B)=(71.13188pt, 702.78308pt, 71.13188pt)
* \paperwidth=597.50787pt
* \paperheight=845.04684pt
* \textwidth=455.24411pt
* \textheight=702.78308pt
* \oddsidemargin=-1.1381pt
* \evensidemargin=-1.1381pt
* \topmargin=-33.0119pt
* \headheight=14.5pt
* \headsep=19.8738pt
* \topskip=12.0pt
* \footskip=30.0pt
* \marginparwidth=88.0pt
* \marginparsep=7.0pt
* \columnsep=10.0pt
* \skip\footins=10.8pt plus 4.0pt minus 2.0pt
* \hoffset=0.0pt
* \voffset=0.0pt
* \mag=1000
* \@twocolumnfalse
* \@twosidetrue
* \@mparswitchtrue
* \@reversemarginfalse
* (1in=72.27pt=25.4mm, 1cm=28.453pt)

Package hyperref Info: Link coloring ON on input line 5.
(main.out) (main.out)
\@outlinefile=\write3
\openout3 = `main.out'.

LaTeX Info: Redefining \microtypecontext on input line 5.
Package microtype Info: Applying patch `item' on input line 5.
Package microtype Info: Applying patch `toc' on input line 5.
Package microtype Info: Applying patch `eqnum' on input line 5.
Package microtype Info: Applying patch `verbatim' on input line 5.
Package microtype Info: Generating PDF output.
Package microtype Info: Character protrusion enabled (level 2).
Package microtype Info: Using default protrusion set `alltext'.
Package microtype Info: Automatic font expansion enabled (level 2),
(microtype)             stretch: 20, shrink: 20, step: 1, non-selected.
Package microtype Info: Using default expansion set `alltext-nott'.
LaTeX Info: Redefining \showhyphens on input line 5.
Package microtype Info: No adjustment of tracking.
Package microtype Info: No adjustment of interword spacing.
Package microtype Info: No adjustment of character kerning.
 (C:\Users\lopez\AppData\Local\Programs\MiKTeX\tex/latex/microtype\mt-cmr.cfg
File: mt-cmr.cfg 2013/05/19 v2.2 microtype config. file: Computer Modern Roman (RS)
)
<logo.jpg, id=67, 401.5pt x 401.5pt>
File: logo.jpg Graphic file (type jpg)
<use logo.jpg>
Package pdftex.def Info: logo.jpg  used on input line 15.
(pdftex.def)             Requested size: 72.26688pt x 72.26688pt.

Underfull \hbox (badness 10000) in paragraph at lines 41--42

 []


Underfull \hbox (badness 10000) in paragraph at lines 43--44

 []


Underfull \hbox (badness 10000) in paragraph at lines 45--46

 []


Underfull \hbox (badness 10000) in paragraph at lines 47--48

 []


Underfull \hbox (badness 10000) in paragraph at lines 49--50

 []


Underfull \hbox (badness 10000) in paragraph at lines 51--52

 []


Underfull \hbox (badness 10000) in paragraph at lines 53--54

 []

[1


{C:/Users/lopez/AppData/Local/MiKTeX/fonts/map/pdftex/pdftex.map}{C:/Users/lopez/AppData/Local/Programs/MiKTeX/fonts/enc/dvips/lm/lm-ec.enc} <./logo.jpg>] [2

]
Package microtype Info: Character `029' is missing
(microtype)             in font `T1/lmr/m/sc/12'.
(microtype)             Ignoring protrusion settings for this character.
Package microtype Info: Character `029' is missing
(microtype)             in font `T1/lmr/m/sc/17.28'.
(microtype)             Ignoring protrusion settings for this character.

Underfull \hbox (badness 10000) in paragraph at lines 76--78

 []


Underfull \hbox (badness 10000) in paragraph at lines 85--86

 []

[3] [4

] (main.toc
LaTeX Info: Redefining \. on input line 1.
LaTeX Info: Redefining \% on input line 1.
LaTeX Info: Redefining \. on input line 2.
LaTeX Info: Redefining \% on input line 2.


LaTeX Font Warning: Font shape `T1/lmr/bx/sc' undefined
(Font)              using `T1/lmr/bx/n' instead on input line 3.

LaTeX Font Info:    Trying to load font information for OT1+lmr on input line 7.
(C:\Users\lopez\AppData\Local\Programs\MiKTeX\tex/latex/lm\ot1lmr.fd
File: ot1lmr.fd 2015/05/01 v1.6.1 Font defs for Latin Modern
)
LaTeX Font Info:    Trying to load font information for OML+lmm on input line 7.
 (C:\Users\lopez\AppData\Local\Programs\MiKTeX\tex/latex/lm\omllmm.fd
File: omllmm.fd 2015/05/01 v1.6.1 Font defs for Latin Modern
)
LaTeX Font Info:    Trying to load font information for OMS+lmsy on input line 7.
 (C:\Users\lopez\AppData\Local\Programs\MiKTeX\tex/latex/lm\omslmsy.fd
File: omslmsy.fd 2015/05/01 v1.6.1 Font defs for Latin Modern
)
LaTeX Font Info:    Trying to load font information for OMX+lmex on input line 7.
 (C:\Users\lopez\AppData\Local\Programs\MiKTeX\tex/latex/lm\omxlmex.fd
File: omxlmex.fd 2015/05/01 v1.6.1 Font defs for Latin Modern
)
LaTeX Font Info:    External font `lmex10' loaded for size
(Font)              <12> on input line 7.
LaTeX Font Info:    External font `lmex10' loaded for size
(Font)              <8> on input line 7.
LaTeX Font Info:    External font `lmex10' loaded for size
(Font)              <6> on input line 7.
LaTeX Font Info:    Trying to load font information for U+msa on input line 7.
 (C:\Users\lopez\AppData\Local\Programs\MiKTeX\tex/latex/amsfonts\umsa.fd
File: umsa.fd 2013/01/14 v3.01 AMS symbols A
) (C:\Users\lopez\AppData\Local\Programs\MiKTeX\tex/latex/microtype\mt-msa.cfg
File: mt-msa.cfg 2006/02/04 v1.1 microtype config. file: AMS symbols (a) (RS)
)
LaTeX Font Info:    Trying to load font information for U+msb on input line 7.
 (C:\Users\lopez\AppData\Local\Programs\MiKTeX\tex/latex/amsfonts\umsb.fd
File: umsb.fd 2013/01/14 v3.01 AMS symbols B
) (C:\Users\lopez\AppData\Local\Programs\MiKTeX\tex/latex/microtype\mt-msb.cfg
File: mt-msb.cfg 2005/06/01 v1.0 microtype config. file: AMS symbols (b) (RS)
)
LaTeX Info: Redefining \. on input line 18.
LaTeX Info: Redefining \% on input line 18.
LaTeX Info: Redefining \. on input line 20.
LaTeX Info: Redefining \% on input line 20.
LaTeX Info: Redefining \. on input line 22.
LaTeX Info: Redefining \% on input line 22.
LaTeX Info: Redefining \. on input line 24.
LaTeX Info: Redefining \% on input line 24.
LaTeX Info: Redefining \. on input line 26.
LaTeX Info: Redefining \% on input line 26.
LaTeX Info: Redefining \. on input line 28.
LaTeX Info: Redefining \% on input line 28.
LaTeX Info: Redefining \. on input line 29.
LaTeX Info: Redefining \% on input line 29.
)
\tf@toc=\write4
\openout4 = `main.toc'.

 [5

{C:/Users/lopez/AppData/Local/Programs/MiKTeX/fonts/enc/dvips/lm/lm-mathit.enc}{C:/Users/lopez/AppData/Local/Programs/MiKTeX/fonts/enc/dvips/lm/lm-rm.enc}{C:/Users/lopez/AppData/Local/Programs/MiKTeX/fonts/enc/dvips/lm/lm-mathsy.enc}] [6

]
Underfull \hbox (badness 10000) in paragraph at lines 105--106

 []


Underfull \hbox (badness 10000) in paragraph at lines 114--115

 []

[7] [8

]
Underfull \hbox (badness 10000) in paragraph at lines 126--127

 []


Underfull \hbox (badness 10000) in paragraph at lines 135--136

 []

[9] [10

] [11]
LaTeX Info: Redefining \. on input line 165.
LaTeX Info: Redefining \% on input line 165.
 [12]
Cap\'{\i }tulo 1.
LaTeX Font Info:    External font `lmex10' loaded for size
(Font)              <17.28> on input line 172.
LaTeX Font Info:    External font `lmex10' loaded for size
(Font)              <10> on input line 172.
[1

{C:/Users/lopez/AppData/Local/Programs/MiKTeX/fonts/enc/dvips/lm/lm-mathex.enc}]
LaTeX Info: Redefining \. on input line 230.
LaTeX Info: Redefining \% on input line 230.
 [2]
<./plot13/main.pdf, id=166, 280.13959pt x 210.98926pt>
File: ./plot13/main.pdf Graphic file (type pdf)
<use ./plot13/main.pdf>
Package pdftex.def Info: ./plot13/main.pdf  used on input line 259.
(pdftex.def)             Requested size: 280.13889pt x 210.98872pt.
LaTeX Info: Redefining \. on input line 262.
LaTeX Info: Redefining \% on input line 262.
 [3]
<./plot14/main.pdf, id=172, 280.13959pt x 210.99829pt>
File: ./plot14/main.pdf Graphic file (type pdf)
<use ./plot14/main.pdf>
Package pdftex.def Info: ./plot14/main.pdf  used on input line 291.
(pdftex.def)             Requested size: 280.13889pt x 210.99777pt.
LaTeX Info: Redefining \. on input line 294.
LaTeX Info: Redefining \% on input line 294.
 [4 <./plot13/main.pdf>]
LaTeX Info: Redefining \. on input line 327.
LaTeX Info: Redefining \% on input line 327.
 [5 <./plot14/main.pdf>]
LaTeX Info: Redefining \. on input line 374.
LaTeX Info: Redefining \% on input line 374.
 [6]
LaTeX Info: Redefining \. on input line 406.
LaTeX Info: Redefining \% on input line 406.
 [7] [8

]
Cap\'{\i }tulo 2.
[9]
LaTeX Info: Redefining \. on input line 469.
LaTeX Info: Redefining \% on input line 469.
 [10]
<./plot15/main.pdf, id=268, 267.36386pt x 63.10074pt>
File: ./plot15/main.pdf Graphic file (type pdf)
<use ./plot15/main.pdf>
Package pdftex.def Info: ./plot15/main.pdf  used on input line 507.
(pdftex.def)             Requested size: 267.36319pt x 63.10057pt.
LaTeX Info: Redefining \. on input line 510.
LaTeX Info: Redefining \% on input line 510.
 [11]
LaTeX Info: Redefining \. on input line 550.
LaTeX Info: Redefining \% on input line 550.
 [12 <./plot15/main.pdf>]
<./plot9/main.pdf, id=302, 207.77425pt x 43.23753pt>
File: ./plot9/main.pdf Graphic file (type pdf)
<use ./plot9/main.pdf>
Package pdftex.def Info: ./plot9/main.pdf  used on input line 583.
(pdftex.def)             Requested size: 207.77373pt x 43.23741pt.
<./plot10/main.pdf, id=303, 207.77425pt x 43.23753pt>
File: ./plot10/main.pdf Graphic file (type pdf)
<use ./plot10/main.pdf>
Package pdftex.def Info: ./plot10/main.pdf  used on input line 587.
(pdftex.def)             Requested size: 207.77373pt x 43.23741pt.
<./plot11/main.pdf, id=304, 207.77425pt x 43.23753pt>
File: ./plot11/main.pdf Graphic file (type pdf)
<use ./plot11/main.pdf>
Package pdftex.def Info: ./plot11/main.pdf  used on input line 592.
(pdftex.def)             Requested size: 207.77373pt x 43.23741pt.
<./plot12/main.pdf, id=305, 207.77425pt x 43.23753pt>
File: ./plot12/main.pdf Graphic file (type pdf)
<use ./plot12/main.pdf>
Package pdftex.def Info: ./plot12/main.pdf  used on input line 596.
(pdftex.def)             Requested size: 207.77373pt x 43.23741pt.
LaTeX Info: Redefining \. on input line 600.
LaTeX Info: Redefining \% on input line 600.
 [13]
LaTeX Info: Redefining \. on input line 633.
LaTeX Info: Redefining \% on input line 633.
 [14 <./plot9/main.pdf> <./plot10/main.pdf> <./plot11/main.pdf> <./plot12/main.pdf>]
LaTeX Info: Redefining \. on input line 659.
LaTeX Info: Redefining \% on input line 659.
 [15]
LaTeX Info: Redefining \. on input line 694.
LaTeX Info: Redefining \% on input line 694.
 [16]
LaTeX Info: Redefining \. on input line 724.
LaTeX Info: Redefining \% on input line 724.
 [17]
LaTeX Info: Redefining \. on input line 757.
LaTeX Info: Redefining \% on input line 757.
 [18]
<./plot16/main.pdf, id=387, 390.39151pt x 36.71115pt>
File: ./plot16/main.pdf Graphic file (type pdf)
<use ./plot16/main.pdf>
Package pdftex.def Info: ./plot16/main.pdf  used on input line 777.
(pdftex.def)             Requested size: 390.39055pt x 36.71104pt.
LaTeX Info: Redefining \. on input line 788.
LaTeX Info: Redefining \% on input line 788.
 [19 <./plot16/main.pdf>]
LaTeX Info: Redefining \. on input line 820.
LaTeX Info: Redefining \% on input line 820.
 [20]
LaTeX Info: Redefining \. on input line 857.
LaTeX Info: Redefining \% on input line 857.
 [21]
LaTeX Info: Redefining \. on input line 884.
LaTeX Info: Redefining \% on input line 884.
 [22]
LaTeX Info: Redefining \. on input line 920.
LaTeX Info: Redefining \% on input line 920.
 [23]
LaTeX Info: Redefining \. on input line 949.
LaTeX Info: Redefining \% on input line 949.
 [24]
LaTeX Info: Redefining \. on input line 973.
LaTeX Info: Redefining \% on input line 973.
 [25]
LaTeX Info: Redefining \. on input line 1005.
LaTeX Info: Redefining \% on input line 1005.
 [26]
LaTeX Info: Redefining \. on input line 1043.
LaTeX Info: Redefining \% on input line 1043.
 [27]
LaTeX Info: Redefining \. on input line 1063.
LaTeX Info: Redefining \% on input line 1063.
 [28]
LaTeX Info: Redefining \. on input line 1095.
LaTeX Info: Redefining \% on input line 1095.
 [29]
<./plot1/main.pdf, id=501, 214.89885pt x 178.59824pt>
File: ./plot1/main.pdf Graphic file (type pdf)
<use ./plot1/main.pdf>
Package pdftex.def Info: ./plot1/main.pdf  used on input line 1126.
(pdftex.def)             Requested size: 214.89832pt x 178.5978pt.
<./plot2/main.pdf, id=502, 214.89885pt x 178.59824pt>
File: ./plot2/main.pdf Graphic file (type pdf)
<use ./plot2/main.pdf>
Package pdftex.def Info: ./plot2/main.pdf  used on input line 1130.
(pdftex.def)             Requested size: 214.89832pt x 178.5978pt.
<./plot3/main.pdf, id=503, 214.89885pt x 178.59824pt>
File: ./plot3/main.pdf Graphic file (type pdf)
<use ./plot3/main.pdf>
Package pdftex.def Info: ./plot3/main.pdf  used on input line 1135.
(pdftex.def)             Requested size: 214.89832pt x 178.5978pt.
<./plot4/main.pdf, id=504, 214.89885pt x 178.59824pt>
File: ./plot4/main.pdf Graphic file (type pdf)
<use ./plot4/main.pdf>
Package pdftex.def Info: ./plot4/main.pdf  used on input line 1139.
(pdftex.def)             Requested size: 214.89832pt x 178.5978pt.
LaTeX Info: Redefining \. on input line 1143.
LaTeX Info: Redefining \% on input line 1143.
 [30]
LaTeX Info: Redefining \. on input line 1156.
LaTeX Info: Redefining \% on input line 1156.
 [31 <./plot1/main.pdf> <./plot2/main.pdf> <./plot3/main.pdf> <./plot4/main.pdf>]
<./plot5/main.pdf, id=573, 216.87926pt x 179.0178pt>
File: ./plot5/main.pdf Graphic file (type pdf)
<use ./plot5/main.pdf>
Package pdftex.def Info: ./plot5/main.pdf  used on input line 1183.
(pdftex.def)             Requested size: 216.87871pt x 179.01735pt.
<./plot6/main.pdf, id=574, 216.87926pt x 179.0178pt>
File: ./plot6/main.pdf Graphic file (type pdf)
<use ./plot6/main.pdf>
Package pdftex.def Info: ./plot6/main.pdf  used on input line 1187.
(pdftex.def)             Requested size: 216.87871pt x 179.01735pt.
<./plot7/main.pdf, id=575, 216.87926pt x 179.0178pt>
File: ./plot7/main.pdf Graphic file (type pdf)
<use ./plot7/main.pdf>
Package pdftex.def Info: ./plot7/main.pdf  used on input line 1192.
(pdftex.def)             Requested size: 216.87871pt x 179.01735pt.
<./plot8/main.pdf, id=576, 216.87926pt x 179.0178pt>
File: ./plot8/main.pdf Graphic file (type pdf)
<use ./plot8/main.pdf>
Package pdftex.def Info: ./plot8/main.pdf  used on input line 1196.
(pdftex.def)             Requested size: 216.87871pt x 179.01735pt.
LaTeX Info: Redefining \. on input line 1200.
LaTeX Info: Redefining \% on input line 1200.
 [32]
LaTeX Info: Redefining \. on input line 1201.
LaTeX Info: Redefining \% on input line 1201.
 [33 <./plot5/main.pdf> <./plot6/main.pdf> <./plot7/main.pdf> <./plot8/main.pdf>] [34

]
Cap\'{\i }tulo 3.
LaTeX Font Info:    External font `lmex10' loaded for size
(Font)              <24.88> on input line 1201.
LaTeX Font Info:    External font `lmex10' loaded for size
(Font)              <20.74> on input line 1201.
[35]
LaTeX Info: Redefining \. on input line 1278.
LaTeX Info: Redefining \% on input line 1278.
 [36]
LaTeX Info: Redefining \. on input line 1320.
LaTeX Info: Redefining \% on input line 1320.
 [37]
LaTeX Info: Redefining \. on input line 1355.
LaTeX Info: Redefining \% on input line 1355.
 [38]
<./plot17/main.pdf, id=700, 253.89153pt x 211.0013pt>
File: ./plot17/main.pdf Graphic file (type pdf)
<use ./plot17/main.pdf>
Package pdftex.def Info: ./plot17/main.pdf  used on input line 1379.
(pdftex.def)             Requested size: 253.8909pt x 211.00076pt.
LaTeX Info: Redefining \. on input line 1392.
LaTeX Info: Redefining \% on input line 1392.
 [39 <./plot17/main.pdf>]
LaTeX Info: Redefining \. on input line 1427.
LaTeX Info: Redefining \% on input line 1427.
 [40]
LaTeX Info: Redefining \. on input line 1458.
LaTeX Info: Redefining \% on input line 1458.
 [41]
LaTeX Info: Redefining \. on input line 1494.
LaTeX Info: Redefining \% on input line 1494.
 [42]
LaTeX Info: Redefining \. on input line 1525.
LaTeX Info: Redefining \% on input line 1525.
 [43]
LaTeX Info: Redefining \. on input line 1546.
LaTeX Info: Redefining \% on input line 1546.
 [44]
LaTeX Info: Redefining \. on input line 1588.
LaTeX Info: Redefining \% on input line 1588.
 [45]
LaTeX Info: Redefining \. on input line 1616.
LaTeX Info: Redefining \% on input line 1616.
 [46]
LaTeX Info: Redefining \. on input line 1646.
LaTeX Info: Redefining \% on input line 1646.
 [47]
LaTeX Info: Redefining \. on input line 1670.
LaTeX Info: Redefining \% on input line 1670.
 [48]
LaTeX Info: Redefining \. on input line 1706.
LaTeX Info: Redefining \% on input line 1706.
 [49]
LaTeX Info: Redefining \. on input line 1746.
LaTeX Info: Redefining \% on input line 1746.
 [50]
LaTeX Info: Redefining \. on input line 1779.
LaTeX Info: Redefining \% on input line 1779.
 [51]
LaTeX Info: Redefining \. on input line 1815.
LaTeX Info: Redefining \% on input line 1815.
 [52]
LaTeX Info: Redefining \. on input line 1851.
LaTeX Info: Redefining \% on input line 1851.
 [53] (main.bbl
LaTeX Info: Redefining \. on input line 1.
LaTeX Info: Redefining \% on input line 1.
 [54]
babelbib: Using the BibTeX style's default font for `name'.
babelbib: Using the BibTeX style's default font for `lastname'.
babelbib: Using the BibTeX style's default font for `title'.
babelbib: Using the BibTeX style's default font for `jtitle'.
babelbib: Using the BibTeX style's default font for `etal'.
babelbib: Using the BibTeX style's default font for `journal'.
babelbib: Using the BibTeX style's default font for `volume'.
babelbib: Using the BibTeX style's default font for `ISBN'.
babelbib: Using the BibTeX style's default font for `ISSN'.
babelbib: Using the BibTeX style's default font for `url'.
babelbib: Using the BibTeX style's default font for `numeral'.
LaTeX Info: Redefining \sptext on input line 13.
LaTeX Info: Redefining \lsc on input line 13.
LaTeX Info: Redefining \. on input line 13.
LaTeX Info: Redefining \% on input line 13.
LaTeX Info: Redefining \dotlessi on input line 13.
LaTeX Info: Redefining \sptext on input line 13.
LaTeX Info: Redefining \lsc on input line 13.
LaTeX Info: Redefining \. on input line 13.
LaTeX Info: Redefining \% on input line 13.
LaTeX Info: Redefining \dotlessi on input line 13.
LaTeX Font Info:    Trying to load font information for T1+lmtt on input line 23.
(C:\Users\lopez\AppData\Local\Programs\MiKTeX\tex/latex/lm\t1lmtt.fd
File: t1lmtt.fd 2015/05/01 v1.6.1 Font defs for Latin Modern
)
Package microtype Info: Loading generic protrusion settings for font family
(microtype)             `lmtt' (encoding: T1).
(microtype)             For optimal results, create family-specific settings.
(microtype)             See the microtype manual for details.
LaTeX Info: Redefining \sptext on input line 34.
LaTeX Info: Redefining \lsc on input line 34.
LaTeX Info: Redefining \. on input line 34.
LaTeX Info: Redefining \% on input line 34.
LaTeX Info: Redefining \dotlessi on input line 34.
LaTeX Info: Redefining \sptext on input line 34.
LaTeX Info: Redefining \lsc on input line 34.
LaTeX Info: Redefining \. on input line 34.
LaTeX Info: Redefining \% on input line 34.
LaTeX Info: Redefining \dotlessi on input line 34.
LaTeX Info: Redefining \sptext on input line 49.
LaTeX Info: Redefining \lsc on input line 49.
LaTeX Info: Redefining \. on input line 49.
LaTeX Info: Redefining \% on input line 49.
LaTeX Info: Redefining \dotlessi on input line 49.
LaTeX Info: Redefining \sptext on input line 49.
LaTeX Info: Redefining \lsc on input line 49.
LaTeX Info: Redefining \. on input line 49.
LaTeX Info: Redefining \% on input line 49.
LaTeX Info: Redefining \dotlessi on input line 49.
LaTeX Info: Redefining \sptext on input line 52.
LaTeX Info: Redefining \lsc on input line 52.
LaTeX Info: Redefining \. on input line 52.
LaTeX Info: Redefining \% on input line 52.
LaTeX Info: Redefining \dotlessi on input line 52.
LaTeX Info: Redefining \sptext on input line 56.
LaTeX Info: Redefining \lsc on input line 56.
LaTeX Info: Redefining \. on input line 56.
LaTeX Info: Redefining \% on input line 56.
LaTeX Info: Redefining \dotlessi on input line 56.

Underfull \hbox (badness 3713) in paragraph at lines 80--87
[]\T1/lmr/m/n/12 (+20) Katznelson, Yitzhak: \T1/lmr/m/it/12 (+20) An in-tro-duc-tion to har-monic anal-y-sis\T1/lmr/m/n/12 (+20) .  Cam-bridge
 []


Underfull \hbox (badness 3492) in paragraph at lines 80--87
\T1/lmr/m/n/12 (+20) Math-e-mat-i-cal Li-brary. Cam-bridge Uni-ver-sity Press, Cam-bridge, third edi-
 []


Underfull \hbox (badness 5217) in paragraph at lines 80--87
\T1/lmr/m/n/12 (+20) tion, 2004, [].  [][]$\T1/lmtt/m/n/12 https : / / doi . org / 10 . 1017 /
 []

LaTeX Info: Redefining \. on input line 112.
LaTeX Info: Redefining \% on input line 112.
LaTeX Info: Redefining \. on input line 112.
LaTeX Info: Redefining \% on input line 112.
LaTeX Info: Redefining \. on input line 112.
LaTeX Info: Redefining \% on input line 112.
LaTeX Info: Redefining \. on input line 112.
LaTeX Info: Redefining \% on input line 112.
) [55

] (main.aux
LaTeX Info: Redefining \. on input line 9.
LaTeX Info: Redefining \% on input line 9.
LaTeX Info: Redefining \. on input line 10.
LaTeX Info: Redefining \% on input line 10.
LaTeX Info: Redefining \. on input line 101.
LaTeX Info: Redefining \% on input line 101.
LaTeX Info: Redefining \. on input line 103.
LaTeX Info: Redefining \% on input line 103.
LaTeX Info: Redefining \. on input line 105.
LaTeX Info: Redefining \% on input line 105.
LaTeX Info: Redefining \. on input line 107.
LaTeX Info: Redefining \% on input line 107.
LaTeX Info: Redefining \. on input line 109.
LaTeX Info: Redefining \% on input line 109.
LaTeX Info: Redefining \. on input line 111.
LaTeX Info: Redefining \% on input line 111.
LaTeX Info: Redefining \. on input line 112.
LaTeX Info: Redefining \% on input line 112.
)
 ***********
LaTeX2e <2023-11-01> patch level 1
L3 programming layer <2024-04-11>
 ***********


LaTeX Font Warning: Some font shapes were not available, defaults substituted.

Package rerunfilecheck Info: File `main.out' has not changed.
(rerunfilecheck)             Checksum: 4AF8842CE524B94A4265CB8E9687C602;2872.
 ) 
Here is how much of TeX's memory you used:
 18910 strings out of 474370
 310455 string characters out of 5740535
 1953754 words of memory out of 5000000
 40505 multiletter control sequences out of 15000+600000
 683351 words of font info for 262 fonts, out of 8000000 for 9000
 1141 hyphenation exceptions out of 8191
 90i,24n,93p,1157b,1080s stack positions out of 10000i,1000n,20000p,200000b,200000s
<C:/Users/lopez/AppData/Local/Programs/MiKTeX/fonts/type1/public/amsfonts/cm/cmmi10.pfb><C:/Users/lopez/AppData/Local/Programs/MiKTeX/fonts/type1/public/amsfonts/cm/cmmi12.pfb><C:/Users/lopez/AppData/Local/Programs/MiKTeX/fonts/type1/public/amsfonts/cm/cmmi6.pfb><C:/Users/lopez/AppData/Local/Programs/MiKTeX/fonts/type1/public/amsfonts/cm/cmmi8.pfb><C:/Users/lopez/AppData/Local/Programs/MiKTeX/fonts/type1/public/amsfonts/cm/cmmi9.pfb><C:/Users/lopez/AppData/Local/Programs/MiKTeX/fonts/type1/public/amsfonts/cm/cmr10.pfb><C:/Users/lopez/AppData/Local/Programs/MiKTeX/fonts/type1/public/amsfonts/cm/cmr6.pfb><C:/Users/lopez/AppData/Local/Programs/MiKTeX/fonts/type1/public/amsfonts/cm/cmr7.pfb><C:/Users/lopez/AppData/Local/Programs/MiKTeX/fonts/type1/public/amsfonts/cm/cmr9.pfb><C:/Users/lopez/AppData/Local/Programs/MiKTeX/fonts/type1/public/amsfonts/cm/cmsy6.pfb><C:/Users/lopez/AppData/Local/Programs/MiKTeX/fonts/type1/public/lm/lmbsy10.pfb><C:/Users/lopez/AppData/Local/Programs/MiKTeX/fonts/type1/public/lm/lmbx12.pfb><C:/Users/lopez/AppData/Local/Programs/MiKTeX/fonts/type1/public/lm/lmbxi10.pfb><C:/Users/lopez/AppData/Local/Programs/MiKTeX/fonts/type1/public/lm/lmcsc10.pfb><C:/Users/lopez/AppData/Local/Programs/MiKTeX/fonts/type1/public/lm/lmex10.pfb><C:/Users/lopez/AppData/Local/Programs/MiKTeX/fonts/type1/public/lm/lmmi12.pfb><C:/Users/lopez/AppData/Local/Programs/MiKTeX/fonts/type1/public/lm/lmmi6.pfb><C:/Users/lopez/AppData/Local/Programs/MiKTeX/fonts/type1/public/lm/lmmi8.pfb><C:/Users/lopez/AppData/Local/Programs/MiKTeX/fonts/type1/public/lm/lmmib10.pfb><C:/Users/lopez/AppData/Local/Programs/MiKTeX/fonts/type1/public/lm/lmr12.pfb><C:/Users/lopez/AppData/Local/Programs/MiKTeX/fonts/type1/public/lm/lmr17.pfb><C:/Users/lopez/AppData/Local/Programs/MiKTeX/fonts/type1/public/lm/lmr6.pfb><C:/Users/lopez/AppData/Local/Programs/MiKTeX/fonts/type1/public/lm/lmr8.pfb><C:/Users/lopez/AppData/Local/Programs/MiKTeX/fonts/type1/public/lm/lmri12.pfb><C:/Users/lopez/AppData/Local/Programs/MiKTeX/fonts/type1/public/lm/lmri8.pfb><C:/Users/lopez/AppData/Local/Programs/MiKTeX/fonts/type1/public/lm/lmro12.pfb><C:/Users/lopez/AppData/Local/Programs/MiKTeX/fonts/type1/public/lm/lmsy10.pfb><C:/Users/lopez/AppData/Local/Programs/MiKTeX/fonts/type1/public/lm/lmsy6.pfb><C:/Users/lopez/AppData/Local/Programs/MiKTeX/fonts/type1/public/lm/lmsy8.pfb><C:/Users/lopez/AppData/Local/Programs/MiKTeX/fonts/type1/public/lm/lmtt12.pfb><C:/Users/lopez/AppData/Local/Programs/MiKTeX/fonts/type1/public/amsfonts/symbols/msbm10.pfb>
Output written on main.pdf (67 pages, 1020189 bytes).
PDF statistics:
 999 PDF objects out of 1000 (max. 8388607)
 186 named destinations out of 1000 (max. 500000)
 62171 words of extra memory for PDF output out of 74296 (max. 10000000)

