\BOOKMARK [0][-]{chapter.1}{\376\377\000P\000r\000o\000g\000r\000a\000m\000a\000c\000i\000\363\000n\000\040\000l\000i\000n\000e\000a\000l}{}% 1
\BOOKMARK [1][-]{section.1.1}{\376\377\000P\000r\000o\000g\000r\000a\000m\000a\000c\000i\000\363\000n\000\040\000l\000i\000n\000e\000a\000l\000\040\000e\000n\000\040\000f\000o\000r\000m\000a\000\040\000e\000s\000t\000\341\000n\000d\000a\000r}{chapter.1}% 2
\BOOKMARK [1][-]{section.1.2}{\376\377\000S\000o\000l\000u\000c\000i\000o\000n\000e\000s\000\040\000d\000e\000\040\000u\000n\000\040\000p\000r\000o\000b\000l\000e\000m\000a\000\040\000d\000e\000\040\000p\000r\000o\000g\000r\000a\000m\000a\000c\000i\000\363\000n\000\040\000l\000i\000n\000e\000a\000l}{chapter.1}% 3
\BOOKMARK [1][-]{section.1.3}{\376\377\000E\000l\000\040\000t\000e\000o\000r\000e\000m\000a\000\040\000f\000u\000n\000d\000a\000m\000e\000n\000t\000a\000l}{chapter.1}% 4
\BOOKMARK [1][-]{section.1.4}{\376\377\000P\000u\000n\000t\000o\000s\000\040\000e\000x\000t\000r\000e\000m\000o\000s}{chapter.1}% 5
\BOOKMARK [0][-]{chapter.2}{\376\377\000M\000\351\000t\000o\000d\000o\000\040\000d\000e\000l\000\040\000s\000\355\000m\000p\000l\000e\000x}{}% 6
\BOOKMARK [1][-]{section.2.1}{\376\377\000P\000i\000v\000o\000t\000a\000j\000e}{chapter.2}% 7
\BOOKMARK [1][-]{section.2.2}{\376\377\000C\000o\000s\000t\000e\000s\000\040\000r\000e\000d\000u\000c\000i\000d\000o\000s}{chapter.2}% 8
\BOOKMARK [1][-]{section.2.3}{\376\377\000R\000e\000s\000u\000l\000t\000a\000d\000o\000s\000\040\000p\000r\000e\000l\000i\000m\000i\000n\000a\000r\000e\000s}{chapter.2}% 9
\BOOKMARK [1][-]{section.2.4}{\376\377\000M\000\351\000t\000o\000d\000o\000\040\000d\000e\000l\000\040\000s\000\355\000m\000p\000l\000e\000x}{chapter.2}% 10
\BOOKMARK [1][-]{section.2.5}{\376\377\000M\000\351\000t\000o\000d\000o\000\040\000d\000e\000\040\000l\000a\000s\000\040\000d\000o\000s\000\040\000f\000a\000s\000e\000s}{chapter.2}% 11
\BOOKMARK [0][-]{chapter.3}{\376\377\000D\000u\000a\000l\000i\000d\000a\000d}{}% 12
\BOOKMARK [1][-]{section.3.1}{\376\377\000C\000a\000s\000o\000\040\000p\000r\000i\000m\000a\000l\000-\000d\000u\000a\000l\000\040\000a\000s\000i\000m\000\351\000t\000r\000i\000c\000o}{chapter.3}% 13
\BOOKMARK [1][-]{section.3.2}{\376\377\000C\000a\000s\000o\000\040\000p\000r\000i\000m\000a\000l\000-\000d\000u\000a\000l\000\040\000s\000i\000m\000\351\000t\000r\000i\000c\000o}{chapter.3}% 14
\BOOKMARK [1][-]{section.3.3}{\376\377\000O\000t\000r\000o\000s\000\040\000c\000a\000s\000o\000s\000\040\000d\000e\000\040\000d\000u\000a\000l\000i\000d\000a\000d}{chapter.3}% 15
\BOOKMARK [1][-]{section.3.4}{\376\377\000M\000\351\000t\000o\000d\000o\000\040\000d\000u\000a\000l\000\040\000d\000e\000l\000\040\000s\000\355\000m\000p\000l\000e\000x}{chapter.3}% 16
\BOOKMARK [0][-]{chapter.4}{\376\377\000A\000n\000\341\000l\000i\000s\000i\000s\000\040\000d\000e\000\040\000l\000a\000\040\000s\000e\000n\000s\000i\000b\000i\000l\000i\000d\000a\000d}{}% 17
\BOOKMARK [1][-]{section.4.1}{\376\377\000V\000a\000r\000i\000a\000c\000i\000\363\000n\000\040\000e\000n\000\040\000e\000l\000\040\000v\000e\000c\000t\000o\000r\000\040\000c}{chapter.4}% 18
\BOOKMARK [1][-]{section.4.2}{\376\377\000V\000a\000r\000i\000a\000c\000i\000\363\000n\000\040\000e\000n\000\040\000e\000l\000\040\000v\000e\000c\000t\000o\000r\000\040\000b}{chapter.4}% 19
\BOOKMARK [1][-]{section.4.3}{\376\377\000V\000a\000r\000i\000a\000c\000i\000\363\000n\000\040\000e\000n\000\040\000l\000a\000\040\000m\000a\000t\000r\000i\000z\000\040\000A}{chapter.4}% 20
\BOOKMARK [1][-]{section.4.4}{\376\377\000A\000d\000i\000c\000i\000\363\000n\000\040\000d\000e\000\040\000u\000n\000a\000\040\000n\000u\000e\000v\000a\000\040\000v\000a\000r\000i\000a\000b\000l\000e}{chapter.4}% 21
\BOOKMARK [1][-]{section.4.5}{\376\377\000A\000d\000i\000c\000i\000\363\000n\000\040\000d\000e\000\040\000u\000n\000a\000\040\000n\000u\000e\000v\000a\000\040\000r\000e\000s\000t\000r\000i\000c\000c\000i\000\363\000n}{chapter.4}% 22
\BOOKMARK [0][-]{chapter.5}{\376\377\000P\000r\000o\000g\000r\000a\000m\000a\000c\000i\000\363\000n\000\040\000l\000i\000n\000e\000a\000l\000\040\000e\000n\000t\000e\000r\000a}{}% 23
\BOOKMARK [1][-]{section.5.1}{\376\377\000M\000\351\000t\000o\000d\000o\000\040\000d\000e\000l\000\040\000h\000i\000p\000e\000r\000p\000l\000a\000n\000o\000\040\000d\000e\000\040\000c\000o\000r\000t\000e\000\040\000d\000e\000\040\000G\000o\000m\000o\000r\000y}{chapter.5}% 24
\BOOKMARK [1][-]{section.5.2}{\376\377\000M\000\351\000t\000o\000d\000o\000\040\000d\000e\000\040\000r\000a\000m\000i\000f\000i\000c\000a\000c\000i\000\363\000n\000\040\000y\000\040\000a\000c\000o\000t\000a\000c\000i\000\363\000n}{chapter.5}% 25
\BOOKMARK [0][-]{chapter.6}{\376\377\000P\000r\000o\000b\000l\000e\000m\000a\000\040\000d\000e\000l\000\040\000t\000r\000a\000n\000s\000p\000o\000r\000t\000e}{}% 26
\BOOKMARK [1][-]{section.6.1}{\376\377\000I\000n\000t\000r\000o\000d\000u\000c\000c\000i\000\363\000n}{chapter.6}% 27
\BOOKMARK [1][-]{section.6.2}{\376\377\000C\000\341\000l\000c\000u\000l\000o\000\040\000d\000e\000\040\000s\000o\000l\000u\000c\000i\000o\000n\000e\000s\000\040\000b\000\341\000s\000i\000c\000a\000-\000f\000a\000c\000t\000i\000b\000l\000e\000s}{chapter.6}% 28
\BOOKMARK [1][-]{section.6.3}{\376\377\000D\000u\000a\000l\000\040\000d\000e\000l\000\040\000p\000r\000o\000b\000l\000e\000m\000a\000\040\000d\000e\000l\000\040\000t\000r\000a\000n\000s\000p\000o\000r\000t\000e}{chapter.6}% 29
\BOOKMARK [1][-]{section.6.4}{\376\377\000R\000e\000s\000o\000l\000u\000c\000i\000\363\000n\000\040\000d\000e\000l\000\040\000p\000r\000o\000b\000l\000e\000m\000a\000\040\000d\000e\000l\000\040\000t\000r\000a\000n\000s\000p\000o\000r\000t\000e}{chapter.6}% 30
