\BOOKMARK [0][-]{chapter.1}{\376\377\000C\000\341\000l\000c\000u\000l\000o\000\040\000d\000e\000\040\000v\000a\000r\000i\000a\000c\000i\000o\000n\000e\000s}{}% 1
\BOOKMARK [1][-]{section.1.1}{\376\377\000I\000n\000t\000r\000o\000d\000u\000c\000c\000i\000\363\000n}{chapter.1}% 2
\BOOKMARK [1][-]{section.1.2}{\376\377\000E\000c\000u\000a\000c\000i\000\363\000n\000\040\000d\000e\000\040\000E\000u\000l\000e\000r\000-\000L\000a\000g\000r\000a\000n\000g\000e}{chapter.1}% 3
\BOOKMARK [1][-]{section.1.3}{\376\377\000E\000j\000e\000m\000p\000l\000o\000s\000\040\000c\000l\000\341\000s\000i\000c\000o\000s}{chapter.1}% 4
\BOOKMARK [1][-]{section.1.4}{\376\377\000S\000e\000g\000u\000n\000d\000a\000\040\000f\000o\000r\000m\000a\000\040\000d\000e\000\040\000l\000a\000\040\000e\000c\000u\000a\000c\000i\000\363\000n\000\040\000d\000e\000\040\000E\000u\000l\000e\000r\000-\000L\000a\000g\000r\000a\000n\000g\000e}{chapter.1}% 5
\BOOKMARK [1][-]{section.1.5}{\376\377\000C\000o\000n\000d\000i\000c\000i\000o\000n\000e\000s\000\040\000a\000u\000x\000i\000l\000i\000a\000r\000e\000s}{chapter.1}% 6
\BOOKMARK [0][-]{chapter.2}{\376\377\000M\000e\000c\000\341\000n\000i\000c\000a\000\040\000l\000a\000g\000r\000a\000n\000g\000i\000a\000n\000a}{}% 7
\BOOKMARK [1][-]{section.2.1}{\376\377\000P\000r\000i\000n\000c\000i\000p\000i\000o\000\040\000d\000e\000\040\000H\000a\000m\000i\000l\000t\000o\000n}{chapter.2}% 8
\BOOKMARK [1][-]{section.2.2}{\376\377\000C\000o\000o\000r\000d\000e\000n\000a\000d\000a\000s\000\040\000g\000e\000n\000e\000r\000a\000l\000i\000z\000a\000d\000a\000s}{chapter.2}% 9
\BOOKMARK [1][-]{section.2.3}{\376\377\000M\000u\000l\000t\000i\000p\000l\000i\000c\000a\000d\000o\000r\000e\000s\000\040\000d\000e\000\040\000L\000a\000g\000r\000a\000n\000g\000e}{chapter.2}% 10
\BOOKMARK [1][-]{section.2.4}{\376\377\000P\000r\000i\000n\000c\000i\000p\000i\000o\000\040\000d\000e\000\040\000D\000'\000A\000l\000e\000m\000b\000e\000r\000t}{chapter.2}% 11
\BOOKMARK [0][-]{chapter.3}{\376\377\000M\000e\000c\000\341\000n\000i\000c\000a\000\040\000h\000a\000m\000i\000l\000t\000o\000n\000i\000a\000n\000a}{}% 12
\BOOKMARK [1][-]{section.3.1}{\376\377\000I\000n\000t\000r\000o\000d\000u\000c\000c\000i\000\363\000n}{chapter.3}% 13
\BOOKMARK [1][-]{section.3.2}{\376\377\000E\000c\000u\000a\000c\000i\000o\000n\000e\000s\000\040\000c\000a\000n\000\363\000n\000i\000c\000a\000s\000\040\000d\000e\000\040\000H\000a\000m\000i\000l\000t\000o\000n}{chapter.3}% 14
\BOOKMARK [1][-]{section.3.3}{\376\377\000T\000r\000a\000n\000s\000f\000o\000r\000m\000a\000c\000i\000o\000n\000e\000s\000\040\000c\000a\000n\000\363\000n\000i\000c\000a\000s\000\040\000d\000e\000\040\000H\000a\000m\000i\000l\000t\000o\000n}{chapter.3}% 15
\BOOKMARK [1][-]{section.3.4}{\376\377\000F\000u\000n\000c\000i\000o\000n\000e\000s\000\040\000g\000e\000n\000e\000r\000a\000d\000o\000r\000a\000s}{chapter.3}% 16
\BOOKMARK [1][-]{section.3.5}{\376\377\000E\000c\000u\000a\000c\000i\000\363\000n\000\040\000d\000e\000\040\000H\000a\000m\000i\000l\000t\000o\000n\000-\000J\000a\000c\000o\000b\000i}{chapter.3}% 17
\BOOKMARK [0][-]{chapter.4}{\376\377\000T\000e\000o\000r\000\355\000a\000\040\000e\000s\000p\000e\000c\000i\000a\000l\000\040\000d\000e\000\040\000l\000a\000\040\000r\000e\000l\000a\000t\000i\000v\000i\000d\000a\000d}{}% 18
\BOOKMARK [1][-]{section.4.1}{\376\377\000T\000r\000a\000n\000s\000f\000o\000r\000m\000a\000c\000i\000\363\000n\000\040\000d\000e\000\040\000G\000a\000l\000i\000l\000e\000o}{chapter.4}% 19
\BOOKMARK [1][-]{section.4.2}{\376\377\000T\000r\000a\000n\000s\000f\000o\000r\000m\000a\000c\000i\000\363\000n\000\040\000d\000e\000\040\000L\000o\000r\000e\000n\000t\000z}{chapter.4}% 20
\BOOKMARK [1][-]{section.4.3}{\376\377\000F\000o\000r\000m\000u\000l\000a\000c\000i\000\363\000n\000\040\000d\000e\000\040\000M\000i\000n\000k\000o\000w\000s\000k\000i}{chapter.4}% 21
\BOOKMARK [1][-]{section.4.4}{\376\377\000C\000u\000a\000d\000r\000i\000v\000e\000c\000t\000o\000r\000e\000s}{chapter.4}% 22
\BOOKMARK [1][-]{section.4.5}{\376\377\000L\000a\000g\000r\000a\000n\000g\000i\000a\000n\000o\000\040\000r\000e\000l\000a\000t\000i\000v\000i\000s\000t\000a\000\040\000y\000\040\000h\000a\000m\000i\000l\000t\000o\000n\000i\000a\000n\000o\000\040\000r\000e\000l\000a\000t\000i\000v\000i\000s\000t\000a}{chapter.4}% 23
