This is pdfTeX, Version 3.141592653-2.6-1.40.26 (MiKTeX 24.4) (preloaded format=pdflatex 2024.5.20)  9 APR 2025 23:46
entering extended mode
 restricted \write18 enabled.
 file:line:error style messages enabled.
 %&-line parsing enabled.
**c:/Users/lopez/Documents/LaTeX/2024-2025/ar_apuntes_v2/main.tex
(c:/Users/lopez/Documents/LaTeX/2024-2025/ar_apuntes_v2/main.tex
LaTeX2e <2023-11-01> patch level 1
L3 programming layer <2024-04-11>
(C:\Users\lopez\AppData\Local\Programs\MiKTeX\tex/latex/base\report.cls
Document Class: report 2023/05/17 v1.4n Standard LaTeX document class
(C:\Users\lopez\AppData\Local\Programs\MiKTeX\tex/latex/base\size11.clo
File: size11.clo 2023/05/17 v1.4n Standard LaTeX file (size option)
)
\c@part=\count189
\c@chapter=\count190
\c@section=\count191
\c@subsection=\count192
\c@subsubsection=\count193
\c@paragraph=\count194
\c@subparagraph=\count195
\c@figure=\count196
\c@table=\count197
\abovecaptionskip=\skip48
\belowcaptionskip=\skip49
\bibindent=\dimen140
) (preamble.sty (C:\Users\lopez\AppData\Local\Programs\MiKTeX\tex/latex/aligned-overset\aligned-overset.sty (C:\Users\lopez\AppData\Local\Programs\MiKTeX\tex/latex/l3kernel\expl3.sty
Package: expl3 2024-04-11 L3 programming layer (loader) 
 (C:\Users\lopez\AppData\Local\Programs\MiKTeX\tex/latex/l3backend\l3backend-pdftex.def
File: l3backend-pdftex.def 2024-04-11 L3 backend support: PDF output (pdfTeX)
\l__color_backend_stack_int=\count198
\l__pdf_internal_box=\box51
))
Package: aligned-overset 2018/04/04 v0.1.0 aligned overset and underset
 (C:\Users\lopez\AppData\Local\Programs\MiKTeX\tex/latex/l3packages/xparse\xparse.sty
Package: xparse 2024-03-14 L3 Experimental document command parser
) (C:\Users\lopez\AppData\Local\Programs\MiKTeX\tex/latex/amsmath\amsmath.sty
Package: amsmath 2023/05/13 v2.17o AMS math features
\@mathmargin=\skip50

For additional information on amsmath, use the `?' option.
(C:\Users\lopez\AppData\Local\Programs\MiKTeX\tex/latex/amsmath\amstext.sty
Package: amstext 2021/08/26 v2.01 AMS text
 (C:\Users\lopez\AppData\Local\Programs\MiKTeX\tex/latex/amsmath\amsgen.sty
File: amsgen.sty 1999/11/30 v2.0 generic functions
\@emptytoks=\toks17
\ex@=\dimen141
)) (C:\Users\lopez\AppData\Local\Programs\MiKTeX\tex/latex/amsmath\amsbsy.sty
Package: amsbsy 1999/11/29 v1.2d Bold Symbols
\pmbraise@=\dimen142
) (C:\Users\lopez\AppData\Local\Programs\MiKTeX\tex/latex/amsmath\amsopn.sty
Package: amsopn 2022/04/08 v2.04 operator names
)
\inf@bad=\count199
LaTeX Info: Redefining \frac on input line 234.
\uproot@=\count266
\leftroot@=\count267
LaTeX Info: Redefining \overline on input line 399.
LaTeX Info: Redefining \colon on input line 410.
\classnum@=\count268
\DOTSCASE@=\count269
LaTeX Info: Redefining \ldots on input line 496.
LaTeX Info: Redefining \dots on input line 499.
LaTeX Info: Redefining \cdots on input line 620.
\Mathstrutbox@=\box52
\strutbox@=\box53
LaTeX Info: Redefining \big on input line 722.
LaTeX Info: Redefining \Big on input line 723.
LaTeX Info: Redefining \bigg on input line 724.
LaTeX Info: Redefining \Bigg on input line 725.
\big@size=\dimen143
LaTeX Font Info:    Redeclaring font encoding OML on input line 743.
LaTeX Font Info:    Redeclaring font encoding OMS on input line 744.
\macc@depth=\count270
LaTeX Info: Redefining \bmod on input line 905.
LaTeX Info: Redefining \pmod on input line 910.
LaTeX Info: Redefining \smash on input line 940.
LaTeX Info: Redefining \relbar on input line 970.
LaTeX Info: Redefining \Relbar on input line 971.
\c@MaxMatrixCols=\count271
\dotsspace@=\muskip16
\c@parentequation=\count272
\dspbrk@lvl=\count273
\tag@help=\toks18
\row@=\count274
\column@=\count275
\maxfields@=\count276
\andhelp@=\toks19
\eqnshift@=\dimen144
\alignsep@=\dimen145
\tagshift@=\dimen146
\tagwidth@=\dimen147
\totwidth@=\dimen148
\lineht@=\dimen149
\@envbody=\toks20
\multlinegap=\skip51
\multlinetaggap=\skip52
\mathdisplay@stack=\toks21
LaTeX Info: Redefining \[ on input line 2953.
LaTeX Info: Redefining \] on input line 2954.
) (C:\Users\lopez\AppData\Local\Programs\MiKTeX\tex/latex/mathtools\mathtools.sty
Package: mathtools 2024/03/11 v1.30 mathematical typesetting tools
 (C:\Users\lopez\AppData\Local\Programs\MiKTeX\tex/latex/graphics\keyval.sty
Package: keyval 2022/05/29 v1.15 key=value parser (DPC)
\KV@toks@=\toks22
) (C:\Users\lopez\AppData\Local\Programs\MiKTeX\tex/latex/tools\calc.sty
Package: calc 2023/07/08 v4.3 Infix arithmetic (KKT,FJ)
\calc@Acount=\count277
\calc@Bcount=\count278
\calc@Adimen=\dimen150
\calc@Bdimen=\dimen151
\calc@Askip=\skip53
\calc@Bskip=\skip54
LaTeX Info: Redefining \setlength on input line 80.
LaTeX Info: Redefining \addtolength on input line 81.
\calc@Ccount=\count279
\calc@Cskip=\skip55
) (C:\Users\lopez\AppData\Local\Programs\MiKTeX\tex/latex/mathtools\mhsetup.sty
Package: mhsetup 2021/03/18 v1.4 programming setup (MH)
)
\g_MT_multlinerow_int=\count280
\l_MT_multwidth_dim=\dimen152
\origjot=\skip56
\l_MT_shortvdotswithinadjustabove_dim=\dimen153
\l_MT_shortvdotswithinadjustbelow_dim=\dimen154
\l_MT_above_intertext_sep=\dimen155
\l_MT_below_intertext_sep=\dimen156
\l_MT_above_shortintertext_sep=\dimen157
\l_MT_below_shortintertext_sep=\dimen158
\xmathstrut@box=\box54
\xmathstrut@dim=\dimen159
)
\l__alignedsets_clap_box=\box55
\l__alignedsets_full_box=\box56
) (C:\Users\lopez\AppData\Local\Programs\MiKTeX\tex/latex/anyfontsize\anyfontsize.sty
Package: anyfontsize 2007/11/22 anyfontsize.sty by pts
) (C:\Users\lopez\AppData\Local\Programs\MiKTeX\tex/generic/babel\babel.sty
Package: babel 2024/04/20 v24.4 The Babel package
\babel@savecnt=\count281
\U@D=\dimen160
\l@unhyphenated=\language79
 (C:\Users\lopez\AppData\Local\Programs\MiKTeX\tex/generic/babel\txtbabel.def)
\bbl@readstream=\read2
\bbl@dirlevel=\count282

*************************************
* Local config file bblopts.cfg used
*
(C:\Users\lopez\AppData\Local\Programs\MiKTeX\tex/latex/arabi\bblopts.cfg
File: bblopts.cfg 2005/09/08 v0.1 add Arabic and Farsi to "declared" options of babel
) (C:\Users\lopez\AppData\Local\Programs\MiKTeX\tex/latex/babel-spanish\spanish.ldf
Language: spanish.ldf 2021/05/27 v5.0q Spanish support from the babel system
\es@quottoks=\toks23
\es@quotdepth=\count283
Package babel Info: Making " an active character on input line 570.
Package babel Info: Making . an active character on input line 675.
Package babel Info: Making < an active character on input line 722.
Package babel Info: Making > an active character on input line 722.
)) (C:\Users\lopez\AppData\Local\Programs\MiKTeX\tex/generic/babel/locale/es\babel-spanish.tex
Package babel Info: Importing font and identification data for spanish
(babel)             from babel-es.ini. Reported on input line 11.
) (C:\Users\lopez\AppData\Local\Programs\MiKTeX\tex/latex/amscls\amsthm.sty
Package: amsthm 2020/05/29 v2.20.6
\thm@style=\toks24
\thm@bodyfont=\toks25
\thm@headfont=\toks26
\thm@notefont=\toks27
\thm@headpunct=\toks28
\thm@preskip=\skip57
\thm@postskip=\skip58
\thm@headsep=\skip59
\dth@everypar=\toks29
) (C:\Users\lopez\AppData\Local\Programs\MiKTeX\tex/latex/amsfonts\amssymb.sty
Package: amssymb 2013/01/14 v3.01 AMS font symbols
 (C:\Users\lopez\AppData\Local\Programs\MiKTeX\tex/latex/amsfonts\amsfonts.sty
Package: amsfonts 2013/01/14 v3.01 Basic AMSFonts support
\symAMSa=\mathgroup4
\symAMSb=\mathgroup5
LaTeX Font Info:    Redeclaring math symbol \hbar on input line 98.
LaTeX Font Info:    Overwriting math alphabet `\mathfrak' in version `bold'
(Font)                  U/euf/m/n --> U/euf/b/n on input line 106.
)) (C:\Users\lopez\AppData\Local\Programs\MiKTeX\tex/latex/cancel\cancel.sty
Package: cancel 2013/04/12 v2.2 Cancel math terms
) (C:\Users\lopez\AppData\Local\Programs\MiKTeX\tex/latex/caption\caption.sty
Package: caption 2023/08/05 v3.6o Customizing captions (AR)
 (C:\Users\lopez\AppData\Local\Programs\MiKTeX\tex/latex/caption\caption3.sty
Package: caption3 2023/07/31 v2.4d caption3 kernel (AR)
\caption@tempdima=\dimen161
\captionmargin=\dimen162
\caption@leftmargin=\dimen163
\caption@rightmargin=\dimen164
\caption@width=\dimen165
\caption@indent=\dimen166
\caption@parindent=\dimen167
\caption@hangindent=\dimen168
Package caption Info: Standard document class detected.
)
\c@caption@flags=\count284
\c@continuedfloat=\count285
) (C:\Users\lopez\AppData\Local\Programs\MiKTeX\tex/latex/oberdiek\centernot.sty
Package: centernot 2016/05/16 v1.4 Centers the not symbol horizontally (HO)
) (C:\Users\lopez\AppData\Local\Programs\MiKTeX\tex/latex/emptypage\emptypage.sty
Package: emptypage 2010/05/30 v1.2 Suppress page numbers and headings on empty pages
) (C:\Users\lopez\AppData\Local\Programs\MiKTeX\tex/latex/enumitem\enumitem.sty
Package: enumitem 2019/06/20 v3.9 Customized lists
\labelindent=\skip60
\enit@outerparindent=\dimen169
\enit@toks=\toks30
\enit@inbox=\box57
\enit@count@id=\count286
\enitdp@description=\count287
) (C:\Users\lopez\AppData\Local\Programs\MiKTeX\tex/latex/fancyhdr\fancyhdr.sty
Package: fancyhdr 2024/04/23 v4.2 Extensive control of page headers and footers
\f@nch@headwidth=\skip61
\f@nch@O@elh=\skip62
\f@nch@O@erh=\skip63
\f@nch@O@olh=\skip64
\f@nch@O@orh=\skip65
\f@nch@O@elf=\skip66
\f@nch@O@erf=\skip67
\f@nch@O@olf=\skip68
\f@nch@O@orf=\skip69
) (C:\Users\lopez\AppData\Local\Programs\MiKTeX\tex/latex/float\float.sty
Package: float 2001/11/08 v1.3d Float enhancements (AL)
\c@float@type=\count288
\float@exts=\toks31
\float@box=\box58
\@float@everytoks=\toks32
\@floatcapt=\box59
) (C:\Users\lopez\AppData\Local\Programs\MiKTeX\tex/latex/geometry\geometry.sty
Package: geometry 2020/01/02 v5.9 Page Geometry
 (C:\Users\lopez\AppData\Local\Programs\MiKTeX\tex/generic/iftex\ifvtex.sty
Package: ifvtex 2019/10/25 v1.7 ifvtex legacy package. Use iftex instead.
 (C:\Users\lopez\AppData\Local\Programs\MiKTeX\tex/generic/iftex\iftex.sty
Package: iftex 2022/02/03 v1.0f TeX engine tests
))
\Gm@cnth=\count289
\Gm@cntv=\count290
\c@Gm@tempcnt=\count291
\Gm@bindingoffset=\dimen170
\Gm@wd@mp=\dimen171
\Gm@odd@mp=\dimen172
\Gm@even@mp=\dimen173
\Gm@layoutwidth=\dimen174
\Gm@layoutheight=\dimen175
\Gm@layouthoffset=\dimen176
\Gm@layoutvoffset=\dimen177
\Gm@dimlist=\toks33
 (C:\Users\lopez\AppData\Local\Programs\MiKTeX\tex/latex/geometry\geometry.cfg)) (C:\Users\lopez\AppData\Local\Programs\MiKTeX\tex/latex/graphics\graphicx.sty
Package: graphicx 2021/09/16 v1.2d Enhanced LaTeX Graphics (DPC,SPQR)
 (C:\Users\lopez\AppData\Local\Programs\MiKTeX\tex/latex/graphics\graphics.sty
Package: graphics 2022/03/10 v1.4e Standard LaTeX Graphics (DPC,SPQR)
 (C:\Users\lopez\AppData\Local\Programs\MiKTeX\tex/latex/graphics\trig.sty
Package: trig 2021/08/11 v1.11 sin cos tan (DPC)
) (C:\Users\lopez\AppData\Local\Programs\MiKTeX\tex/latex/graphics-cfg\graphics.cfg
File: graphics.cfg 2016/06/04 v1.11 sample graphics configuration
)
Package graphics Info: Driver file: pdftex.def on input line 107.
 (C:\Users\lopez\AppData\Local\Programs\MiKTeX\tex/latex/graphics-def\pdftex.def
File: pdftex.def 2024/04/13 v1.2c Graphics/color driver for pdftex
))
\Gin@req@height=\dimen178
\Gin@req@width=\dimen179
) (C:\Users\lopez\AppData\Local\Programs\MiKTeX\tex/latex/hyperref\hyperref.sty
Package: hyperref 2024-01-20 v7.01h Hypertext links for LaTeX
 (C:\Users\lopez\AppData\Local\Programs\MiKTeX\tex/latex/kvsetkeys\kvsetkeys.sty
Package: kvsetkeys 2022-10-05 v1.19 Key value parser (HO)
) (C:\Users\lopez\AppData\Local\Programs\MiKTeX\tex/generic/kvdefinekeys\kvdefinekeys.sty
Package: kvdefinekeys 2019-12-19 v1.6 Define keys (HO)
) (C:\Users\lopez\AppData\Local\Programs\MiKTeX\tex/generic/pdfescape\pdfescape.sty
Package: pdfescape 2019/12/09 v1.15 Implements pdfTeX's escape features (HO)
 (C:\Users\lopez\AppData\Local\Programs\MiKTeX\tex/generic/ltxcmds\ltxcmds.sty
Package: ltxcmds 2023-12-04 v1.26 LaTeX kernel commands for general use (HO)
) (C:\Users\lopez\AppData\Local\Programs\MiKTeX\tex/generic/pdftexcmds\pdftexcmds.sty
Package: pdftexcmds 2020-06-27 v0.33 Utility functions of pdfTeX for LuaTeX (HO)
 (C:\Users\lopez\AppData\Local\Programs\MiKTeX\tex/generic/infwarerr\infwarerr.sty
Package: infwarerr 2019/12/03 v1.5 Providing info/warning/error messages (HO)
)
Package pdftexcmds Info: \pdf@primitive is available.
Package pdftexcmds Info: \pdf@ifprimitive is available.
Package pdftexcmds Info: \pdfdraftmode found.
)) (C:\Users\lopez\AppData\Local\Programs\MiKTeX\tex/latex/hycolor\hycolor.sty
Package: hycolor 2020-01-27 v1.10 Color options for hyperref/bookmark (HO)
) (C:\Users\lopez\AppData\Local\Programs\MiKTeX\tex/latex/auxhook\auxhook.sty
Package: auxhook 2019-12-17 v1.6 Hooks for auxiliary files (HO)
) (C:\Users\lopez\AppData\Local\Programs\MiKTeX\tex/latex/hyperref\nameref.sty
Package: nameref 2023-11-26 v2.56 Cross-referencing by name of section
 (C:\Users\lopez\AppData\Local\Programs\MiKTeX\tex/latex/refcount\refcount.sty
Package: refcount 2019/12/15 v3.6 Data extraction from label references (HO)
) (C:\Users\lopez\AppData\Local\Programs\MiKTeX\tex/generic/gettitlestring\gettitlestring.sty
Package: gettitlestring 2019/12/15 v1.6 Cleanup title references (HO)
 (C:\Users\lopez\AppData\Local\Programs\MiKTeX\tex/latex/kvoptions\kvoptions.sty
Package: kvoptions 2022-06-15 v3.15 Key value format for package options (HO)
))
\c@section@level=\count292
) (C:\Users\lopez\AppData\Local\Programs\MiKTeX\tex/latex/etoolbox\etoolbox.sty
Package: etoolbox 2020/10/05 v2.5k e-TeX tools for LaTeX (JAW)
\etb@tempcnta=\count293
)
\@linkdim=\dimen180
\Hy@linkcounter=\count294
\Hy@pagecounter=\count295
 (C:\Users\lopez\AppData\Local\Programs\MiKTeX\tex/latex/hyperref\pd1enc.def
File: pd1enc.def 2024-01-20 v7.01h Hyperref: PDFDocEncoding definition (HO)
Now handling font encoding PD1 ...
... no UTF-8 mapping file for font encoding PD1
) (C:\Users\lopez\AppData\Local\Programs\MiKTeX\tex/generic/intcalc\intcalc.sty
Package: intcalc 2019/12/15 v1.3 Expandable calculations with integers (HO)
)
\Hy@SavedSpaceFactor=\count296
 (C:\Users\lopez\AppData\Local\Programs\MiKTeX\tex/latex/hyperref\puenc.def
File: puenc.def 2024-01-20 v7.01h Hyperref: PDF Unicode definition (HO)
Now handling font encoding PU ...
... no UTF-8 mapping file for font encoding PU
)
Package hyperref Info: Option `naturalnames' set `true' on input line 4062.
Package hyperref Info: Hyper figures OFF on input line 4179.
Package hyperref Info: Link nesting OFF on input line 4184.
Package hyperref Info: Hyper index ON on input line 4187.
Package hyperref Info: Plain pages OFF on input line 4194.
Package hyperref Info: Backreferencing OFF on input line 4199.
Package hyperref Info: Implicit mode ON; LaTeX internals redefined.
Package hyperref Info: Bookmarks ON on input line 4446.
\c@Hy@tempcnt=\count297
 (C:\Users\lopez\AppData\Local\Programs\MiKTeX\tex/latex/url\url.sty
\Urlmuskip=\muskip17
Package: url 2013/09/16  ver 3.4  Verb mode for urls, etc.
)
LaTeX Info: Redefining \url on input line 4784.
\XeTeXLinkMargin=\dimen181
 (C:\Users\lopez\AppData\Local\Programs\MiKTeX\tex/generic/bitset\bitset.sty
Package: bitset 2019/12/09 v1.3 Handle bit-vector datatype (HO)
 (C:\Users\lopez\AppData\Local\Programs\MiKTeX\tex/generic/bigintcalc\bigintcalc.sty
Package: bigintcalc 2019/12/15 v1.5 Expandable calculations on big integers (HO)
))
\Fld@menulength=\count298
\Field@Width=\dimen182
\Fld@charsize=\dimen183
Package hyperref Info: Hyper figures OFF on input line 6063.
Package hyperref Info: Link nesting OFF on input line 6068.
Package hyperref Info: Hyper index ON on input line 6071.
Package hyperref Info: backreferencing OFF on input line 6078.
Package hyperref Info: Link coloring OFF on input line 6083.
Package hyperref Info: Link coloring with OCG OFF on input line 6088.
Package hyperref Info: PDF/A mode OFF on input line 6093.
 (C:\Users\lopez\AppData\Local\Programs\MiKTeX\tex/latex/base\atbegshi-ltx.sty
Package: atbegshi-ltx 2021/01/10 v1.0c Emulation of the original atbegshi
package with kernel methods
)
\Hy@abspage=\count299
\c@Item=\count300
\c@Hfootnote=\count301
)
Package hyperref Info: Driver (autodetected): hpdftex.
 (C:\Users\lopez\AppData\Local\Programs\MiKTeX\tex/latex/hyperref\hpdftex.def
File: hpdftex.def 2024-01-20 v7.01h Hyperref driver for pdfTeX
 (C:\Users\lopez\AppData\Local\Programs\MiKTeX\tex/latex/base\atveryend-ltx.sty
Package: atveryend-ltx 2020/08/19 v1.0a Emulation of the original atveryend package
with kernel methods
)
\Fld@listcount=\count302
\c@bookmark@seq@number=\count303
 (C:\Users\lopez\AppData\Local\Programs\MiKTeX\tex/latex/rerunfilecheck\rerunfilecheck.sty
Package: rerunfilecheck 2022-07-10 v1.10 Rerun checks for auxiliary files (HO)
 (C:\Users\lopez\AppData\Local\Programs\MiKTeX\tex/generic/uniquecounter\uniquecounter.sty
Package: uniquecounter 2019/12/15 v1.4 Provide unlimited unique counter (HO)
)
Package uniquecounter Info: New unique counter `rerunfilecheck' on input line 285.
)
\Hy@SectionHShift=\skip70
) (C:\Users\lopez\AppData\Local\Programs\MiKTeX\tex/latex/microtype\microtype.sty
Package: microtype 2024/03/29 v3.1b Micro-typographical refinements (RS)
\MT@toks=\toks34
\MT@tempbox=\box60
\MT@count=\count304
LaTeX Info: Redefining \noprotrusionifhmode on input line 1061.
LaTeX Info: Redefining \leftprotrusion on input line 1062.
\MT@prot@toks=\toks35
LaTeX Info: Redefining \rightprotrusion on input line 1081.
LaTeX Info: Redefining \textls on input line 1392.
\MT@outer@kern=\dimen184
LaTeX Info: Redefining \textmicrotypecontext on input line 2013.
\MT@listname@count=\count305
 (C:\Users\lopez\AppData\Local\Programs\MiKTeX\tex/latex/microtype\microtype-pdftex.def
File: microtype-pdftex.def 2024/03/29 v3.1b Definitions specific to pdftex (RS)
LaTeX Info: Redefining \lsstyle on input line 902.
LaTeX Info: Redefining \lslig on input line 902.
\MT@outer@space=\skip71
)
Package microtype Info: Loading configuration file microtype.cfg.
 (C:\Users\lopez\AppData\Local\Programs\MiKTeX\tex/latex/microtype\microtype.cfg
File: microtype.cfg 2024/03/29 v3.1b microtype main configuration file (RS)
)) (C:\Users\lopez\AppData\Local\Programs\MiKTeX\tex/latex/caption\subcaption.sty
Package: subcaption 2023/07/28 v1.6b Sub-captions (AR)
Package caption Info: New subtype `subfigure' on input line 238.
\c@subfigure=\count306
Package caption Info: New subtype `subtable' on input line 238.
\c@subtable=\count307
) (C:\Users\lopez\AppData\Local\Programs\MiKTeX\tex/latex/xcolor\xcolor.sty
Package: xcolor 2023/11/15 v3.01 LaTeX color extensions (UK)
 (C:\Users\lopez\AppData\Local\Programs\MiKTeX\tex/latex/graphics-cfg\color.cfg
File: color.cfg 2016/01/02 v1.6 sample color configuration
)
Package xcolor Info: Driver file: pdftex.def on input line 274.
 (C:\Users\lopez\AppData\Local\Programs\MiKTeX\tex/latex/graphics\mathcolor.ltx)
Package xcolor Info: Model `cmy' substituted by `cmy0' on input line 1350.
Package xcolor Info: Model `hsb' substituted by `rgb' on input line 1354.
Package xcolor Info: Model `RGB' extended on input line 1366.
Package xcolor Info: Model `HTML' substituted by `rgb' on input line 1368.
Package xcolor Info: Model `Hsb' substituted by `hsb' on input line 1369.
Package xcolor Info: Model `tHsb' substituted by `hsb' on input line 1370.
Package xcolor Info: Model `HSB' substituted by `hsb' on input line 1371.
Package xcolor Info: Model `Gray' substituted by `gray' on input line 1372.
Package xcolor Info: Model `wave' substituted by `hsb' on input line 1373.
) (C:\Users\lopez\AppData\Local\Programs\MiKTeX\tex/latex/xcolor\svgnam.def
File: svgnam.def 2023/11/15 v3.01 Predefined colors according to SVG 1.1 (UK)
) (C:\Users\lopez\AppData\Local\Programs\MiKTeX\tex/latex/colortbl\colortbl.sty
Package: colortbl 2024/07/06 v1.0i Color table columns (DPC)
 (C:\Users\lopez\AppData\Local\Programs\MiKTeX\tex/latex/tools\array.sty
Package: array 2023/10/16 v2.5g Tabular extension package (FMi)
\col@sep=\dimen185
\ar@mcellbox=\box61
\extrarowheight=\dimen186
\NC@list=\toks36
\extratabsurround=\skip72
\backup@length=\skip73
\ar@cellbox=\box62
)
\everycr=\toks37
\minrowclearance=\skip74
\rownum=\count308
) (C:\Users\lopez\AppData\Local\Programs\MiKTeX\tex/latex/xcolor\x11nam.def
File: x11nam.def 2023/11/15 v3.01 Predefined colors according to Unix/X11 (UK)
) (C:\Users\lopez\AppData\Local\Programs\MiKTeX\tex/latex/newpx\newpx.sty
Package: newpx 2024/11/16 v1.537(Michael Sharpe) latex and unicode latex support for newpxmath and newpxtext, or for newpxtext and an otf math package
 `newpx'v1.537, 2024/11/16 Integrated loading of newpxmath and a text font  for all latex engines (msharpe) (C:\Users\lopez\AppData\Local\Programs\MiKTeX\tex/latex/base\fontenc.sty
Package: fontenc 2021/04/29 v2.0v Standard LaTeX package
) (C:\Users\lopez\AppData\Local\Programs\MiKTeX\tex/latex/fontaxes\fontaxes.sty
Package: fontaxes 2020/07/21 v1.0e Font selection axes
LaTeX Info: Redefining \upshape on input line 29.
LaTeX Info: Redefining \itshape on input line 31.
LaTeX Info: Redefining \slshape on input line 33.
LaTeX Info: Redefining \swshape on input line 35.
LaTeX Info: Redefining \scshape on input line 37.
LaTeX Info: Redefining \sscshape on input line 39.
LaTeX Info: Redefining \ulcshape on input line 41.
LaTeX Info: Redefining \textsw on input line 47.
LaTeX Info: Redefining \textssc on input line 48.
LaTeX Info: Redefining \textulc on input line 49.
) (C:\Users\lopez\AppData\Local\Programs\MiKTeX\tex/latex/base\ifthen.sty
Package: ifthen 2022/04/13 v1.1d Standard LaTeX ifthen package (DPC)
) (C:\Users\lopez\AppData\Local\Programs\MiKTeX\tex/latex/carlisle\scalefnt.sty) (C:\Users\lopez\AppData\Local\Programs\MiKTeX\tex/latex/trimspaces\trimspaces.sty
Package: trimspaces 2009/09/17 v1.1 Trim spaces around a token list
) (C:\Users\lopez\AppData\Local\Programs\MiKTeX\tex/latex/xstring\xstring.sty (C:\Users\lopez\AppData\Local\Programs\MiKTeX\tex/generic/xstring\xstring.tex
\xs_counta=\count309
\xs_countb=\count310
)
Package: xstring 2023/08/22 v1.86 String manipulations (CT)
)
IV
(C:\Users\lopez\AppData\Local\Programs\MiKTeX\tex/latex/newpx\newpxmath.sty
Package: newpxmath 2023/11/08 v1.533
 `newpxmath' v1.533, 2023/11/08 Math macros based on pxfonts (msharpe) (C:\Users\lopez\AppData\Local\Programs\MiKTeX\tex/generic/binhex\binhex.tex) (C:\Users\lopez\AppData\Local\Programs\MiKTeX\tex/latex/xkeyval\xkeyval.sty
Package: xkeyval 2022/06/16 v2.9 package option processing (HA)
 (C:\Users\lopez\AppData\Local\Programs\MiKTeX\tex/generic/xkeyval\xkeyval.tex (C:\Users\lopez\AppData\Local\Programs\MiKTeX\tex/generic/xkeyval\xkvutils.tex
\XKV@toks=\toks38
\XKV@tempa@toks=\toks39
)
\XKV@depth=\count311
File: xkeyval.tex 2014/12/03 v2.7a key=value parser (HA)
))
\px@tA=\toks40
\px@tB=\toks41
\px@su=\read3
\px@Isdigit=\count312

amsthm NOT loaded
LaTeX Font Info:    Redeclaring symbol font `operators' on input line 222.
LaTeX Font Info:    Overwriting symbol font `operators' in version `normal'
(Font)                  OT1/cmr/m/n --> OT1/zpltlf/m/n on input line 222.
LaTeX Font Info:    Overwriting symbol font `operators' in version `bold'
(Font)                  OT1/cmr/bx/n --> OT1/zpltlf/m/n on input line 222.
LaTeX Font Info:    Overwriting symbol font `operators' in version `bold'
(Font)                  OT1/zpltlf/m/n --> OT1/zpltlf/b/n on input line 223.
LaTeX Font Info:    Redeclaring math alphabet \mathsf on input line 226.
LaTeX Font Info:    Overwriting math alphabet `\mathsf' in version `normal'
(Font)                  OT1/cmss/m/n --> OT1/qhv/m/n on input line 226.
LaTeX Font Info:    Overwriting math alphabet `\mathsf' in version `bold'
(Font)                  OT1/cmss/bx/n --> OT1/qhv/m/n on input line 226.
LaTeX Font Info:    Redeclaring math alphabet \mathit on input line 227.
LaTeX Font Info:    Overwriting math alphabet `\mathit' in version `normal'
(Font)                  OT1/cmr/m/it --> OT1/zpltlf/m/it on input line 227.
LaTeX Font Info:    Overwriting math alphabet `\mathit' in version `bold'
(Font)                  OT1/cmr/bx/it --> OT1/zpltlf/m/it on input line 227.
LaTeX Font Info:    Redeclaring math alphabet \mathtt on input line 228.
LaTeX Font Info:    Overwriting math alphabet `\mathtt' in version `normal'
(Font)                  OT1/cmtt/m/n --> OT1/npxtt/m/n on input line 228.
LaTeX Font Info:    Overwriting math alphabet `\mathtt' in version `bold'
(Font)                  OT1/cmtt/m/n --> OT1/npxtt/m/n on input line 228.
LaTeX Font Info:    Redeclaring math alphabet \mathbf on input line 230.
LaTeX Font Info:    Overwriting math alphabet `\mathbf' in version `normal'
(Font)                  OT1/cmr/bx/n --> OT1/zpltlf/b/n on input line 230.
LaTeX Font Info:    Overwriting math alphabet `\mathbf' in version `bold'
(Font)                  OT1/cmr/bx/n --> OT1/zpltlf/b/n on input line 230.
LaTeX Font Info:    Overwriting math alphabet `\mathit' in version `bold'
(Font)                  OT1/zpltlf/m/it --> OT1/zpltlf/b/it on input line 231.
LaTeX Font Info:    Overwriting math alphabet `\mathsf' in version `bold'
(Font)                  OT1/qhv/m/n --> OT1/qhv/b/n on input line 233.
LaTeX Font Info:    Overwriting math alphabet `\mathtt' in version `bold'
(Font)                  OT1/npxtt/m/n --> OT1/npxtt/b/n on input line 234.
LaTeX Font Info:    Redeclaring symbol font `letters' on input line 245.
LaTeX Font Info:    Overwriting symbol font `letters' in version `normal'
(Font)                  OML/cmm/m/it --> OML/npxmi/m/it on input line 245.
LaTeX Font Info:    Overwriting symbol font `letters' in version `bold'
(Font)                  OML/cmm/b/it --> OML/npxmi/m/it on input line 245.
LaTeX Font Info:    Overwriting symbol font `letters' in version `bold'
(Font)                  OML/npxmi/m/it --> OML/npxmi/b/it on input line 246.
\symlettersA=\mathgroup6
LaTeX Font Info:    Overwriting symbol font `lettersA' in version `bold'
(Font)                  U/npxmia/m/it --> U/npxmia/b/it on input line 264.
LaTeX Font Info:    Redeclaring math alphabet \mathfrak on input line 266.
Now handling font encoding LMS ...
... no UTF-8 mapping file for font encoding LMS
LaTeX Font Info:    Redeclaring symbol font `symbols' on input line 274.
LaTeX Font Info:    Encoding `OMS' has changed to `LMS' for symbol font
(Font)              `symbols' in the math version `normal' on input line 274.
LaTeX Font Info:    Overwriting symbol font `symbols' in version `normal'
(Font)                  OMS/cmsy/m/n --> LMS/npxsy/m/n on input line 274.
LaTeX Font Info:    Encoding `OMS' has changed to `LMS' for symbol font
(Font)              `symbols' in the math version `bold' on input line 274.
LaTeX Font Info:    Overwriting symbol font `symbols' in version `bold'
(Font)                  OMS/cmsy/b/n --> LMS/npxsy/m/n on input line 274.
LaTeX Font Info:    Overwriting symbol font `symbols' in version `bold'
(Font)                  LMS/npxsy/m/n --> LMS/npxsy/b/n on input line 275.
\symAMSm=\mathgroup7
LaTeX Font Info:    Overwriting symbol font `AMSm' in version `bold'
(Font)                  U/npxsym/m/n --> U/npxsym/b/n on input line 295.
\symsymbolsC=\mathgroup8
LaTeX Font Info:    Overwriting symbol font `symbolsC' in version `bold'
(Font)                  U/npxsyc/m/n --> U/npxsyc/b/n on input line 317.
Now handling font encoding LMX ...
... no UTF-8 mapping file for font encoding LMX
LaTeX Font Info:    Redeclaring symbol font `largesymbols' on input line 337.
LaTeX Font Info:    Encoding `OMX' has changed to `LMX' for symbol font
(Font)              `largesymbols' in the math version `normal' on input line 337.
LaTeX Font Info:    Overwriting symbol font `largesymbols' in version `normal'
(Font)                  OMX/cmex/m/n --> LMX/npxexx/m/n on input line 337.
LaTeX Font Info:    Encoding `OMX' has changed to `LMX' for symbol font
(Font)              `largesymbols' in the math version `bold' on input line 337.
LaTeX Font Info:    Overwriting symbol font `largesymbols' in version `bold'
(Font)                  OMX/cmex/m/n --> LMX/npxexx/m/n on input line 337.
LaTeX Font Info:    Overwriting symbol font `largesymbols' in version `bold'
(Font)                  LMX/npxexx/m/n --> LMX/npxexx/b/n on input line 338.
\symlargesymbolsPXA=\mathgroup9
LaTeX Font Info:    Overwriting symbol font `largesymbolsPXA' in version `bold'
(Font)                  U/npxexa/m/n --> U/npxexa/b/n on input line 345.
\px@cntz=\count313
\px@IsAlNum=\count314
\px@sbptoks=\toks42
LaTeX Font Info:    Redeclaring math delimiter \lfloor on input line 500.
LaTeX Font Info:    Redeclaring math delimiter \rfloor on input line 501.
LaTeX Font Info:    Redeclaring math delimiter \lceil on input line 502.
LaTeX Font Info:    Redeclaring math delimiter \rceil on input line 503.
LaTeX Font Info:    Redeclaring math delimiter \lbrace on input line 508.
LaTeX Font Info:    Redeclaring math delimiter \rbrace on input line 509.
LaTeX Font Info:    Redeclaring math delimiter \langle on input line 511.
LaTeX Font Info:    Redeclaring math delimiter \rangle on input line 513.
LaTeX Font Info:    Redeclaring math delimiter \arrowvert on input line 517.
LaTeX Font Info:    Redeclaring math delimiter \vert on input line 518.
LaTeX Font Info:    Redeclaring math symbol \parallel on input line 519.
LaTeX Font Info:    Redeclaring math delimiter \Arrowvert on input line 520.
LaTeX Font Info:    Redeclaring math accent \grave on input line 560.
LaTeX Font Info:    Redeclaring math accent \acute on input line 561.
LaTeX Font Info:    Redeclaring math accent \hat on input line 562.
LaTeX Font Info:    Redeclaring math accent \tilde on input line 563.
LaTeX Font Info:    Redeclaring math accent \bar on input line 564.
LaTeX Font Info:    Redeclaring math accent \breve on input line 565.
LaTeX Font Info:    Redeclaring math accent \mathring on input line 566.
LaTeX Font Info:    Redeclaring math accent \check on input line 567.
LaTeX Font Info:    Redeclaring math accent \dot on input line 571.
LaTeX Font Info:    Redeclaring math accent \ddot on input line 572.
LaTeX Font Info:    Redeclaring math accent \vec on input line 1617.
LaTeX Info: Redefining \Bbbk on input line 2194.
LaTeX Info: Redefining \not on input line 2476.
LaTeX Info: Redefining \textsquare on input line 2491.
LaTeX Info: Redefining \openbox on input line 2493.
) (C:\Users\lopez\AppData\Local\Programs\MiKTeX\tex/latex/newpx\newpxtext.sty
Package: newpxtext 2024/02/09 v1.536(Michael Sharpe) latex and unicode latex support for TeXGyrePagellaX
 `newpxtext' v1.536, 2024/02/09 Text macros taking advantage of TeXGyre Pagella and its extensions (msharpe) (C:\Users\lopez\AppData\Local\Programs\MiKTeX\tex/latex/base\fontenc.sty
Package: fontenc 2021/04/29 v2.0v Standard LaTeX package
LaTeX Font Info:    Trying to load font information for T1+zpltlf on input line 112.
 (C:\Users\lopez\AppData\Local\Programs\MiKTeX\tex/latex/newpx\t1zpltlf.fd
File: t1zpltlf.fd 2021/05/25 v1.0 font definition file for T1/zpl/tlf
)
LaTeX Font Info:    Font shape `T1/zpltlf/m/n' will be
(Font)              scaled to size 10.95pt on input line 112.
) (C:\Users\lopez\AppData\Local\Programs\MiKTeX\tex/latex/xpatch\xpatch.sty
Package: xpatch 2020/03/25 v0.3a Extending etoolbox patching commands
) (C:\Users\lopez\AppData\Local\Programs\MiKTeX\tex/latex/base\textcomp.sty
Package: textcomp 2020/02/02 v2.0n Standard LaTeX package
)
LaTeX Font Info:    Setting zplLF sub-encoding to TS1/0 on input line 26.
LaTeX Font Info:    Setting zplTLF sub-encoding to TS1/0 on input line 26.
LaTeX Font Info:    Setting zplOsF sub-encoding to TS1/0 on input line 26.
LaTeX Font Info:    Setting zplTOsF sub-encoding to TS1/0 on input line 26.
\zpl@cnt=\count315
\zpl@sixem=\dimen187
\zpl@y=\dimen188
\zpl@x=\dimen189
\zpl@tmpdima=\dimen190
\zpl@tmpdimb=\dimen191
\zpl@tmpdimc=\dimen192
\zpl@tmpdimd=\dimen193
\zpl@tmpdime=\dimen194
\zpl@tmpdimf=\dimen195
\zpl@dimA=\dimen196
\zpl@dimAA=\dimen197
\zpl@dimB=\dimen198
\zpl@dimBB=\dimen199
\zpl@dimC=\dimen256
LaTeX Info: Redefining \oldstylenums on input line 789.
LaTeX Font Info:    Trying to load font information for T1+zplLF on input line 798.
 (C:\Users\lopez\AppData\Local\Programs\MiKTeX\tex/latex/newpx\t1zpllf.fd
File: t1zplllf.fd 2021/05/25 v1.0 font definition file for T1/zpl/lf
)
LaTeX Font Info:    Trying to load font information for T1+zplTLF on input line 799.
 (C:\Users\lopez\AppData\Local\Programs\MiKTeX\tex/latex/newpx\t1zpltlf.fd
File: t1zpltlf.fd 2021/05/25 v1.0 font definition file for T1/zpl/tlf
)
LaTeX Font Info:    Trying to load font information for T1+zplOsF on input line 800.
 (C:\Users\lopez\AppData\Local\Programs\MiKTeX\tex/latex/newpx\t1zplosf.fd
File: t1zplosf.fd 2021/05/25 v1.0 font definition file for T1/zpl/osf
)
LaTeX Font Info:    Trying to load font information for T1+zplTOsF on input line 801.
 (C:\Users\lopez\AppData\Local\Programs\MiKTeX\tex/latex/newpx\t1zpltosf.fd
File: t1zpltosf.fd 2021/05/25 v1.0 font definition file for T1/zpl/tosf
))) (C:\Users\lopez\AppData\Local\Programs\MiKTeX\tex/latex/accents\accents.sty
Package: accents 2006/05/12 v1.4 Math Accent Tools
\cc@skew=\dimen257
\cc@wd=\dimen258
\cc@code=\count316
\cc@group=\count317
\cc@skewchar=\count318
)
\c@theorem=\count319
) (main.aux
LaTeX Info: Redefining \. on input line 11.
LaTeX Info: Redefining \% on input line 11.
)
\openout1 = `main.aux'.

LaTeX Font Info:    Checking defaults for OML/npxmi/m/it on input line 5.
LaTeX Font Info:    Trying to load font information for OML+npxmi on input line 5.
 (C:\Users\lopez\AppData\Local\Programs\MiKTeX\tex/latex/newpx\omlnpxmi.fd
File: omlnpxmi.fd 2013/03/21 Fontinst v1.933 font definitions for OML/npxmi.
)
LaTeX Font Info:    ... okay on input line 5.
LaTeX Font Info:    Checking defaults for OMS/cmsy/m/n on input line 5.
LaTeX Font Info:    ... okay on input line 5.
LaTeX Font Info:    Checking defaults for OT1/cmr/m/n on input line 5.
LaTeX Font Info:    ... okay on input line 5.
LaTeX Font Info:    Checking defaults for T1/cmr/m/n on input line 5.
LaTeX Font Info:    ... okay on input line 5.
LaTeX Font Info:    Checking defaults for TS1/cmr/m/n on input line 5.
LaTeX Font Info:    ... okay on input line 5.
LaTeX Font Info:    Checking defaults for OMX/cmex/m/n on input line 5.
LaTeX Font Info:    ... okay on input line 5.
LaTeX Font Info:    Checking defaults for U/npxexa/m/n on input line 5.
LaTeX Font Info:    Trying to load font information for U+npxexa on input line 5.
 (C:\Users\lopez\AppData\Local\Programs\MiKTeX\tex/latex/newpx\unpxexa.fd
File: unpxexa.fd 2013/03/24 Fontinst v1.933 font definitions for U/npxexa.
)
LaTeX Font Info:    ... okay on input line 5.
LaTeX Font Info:    Checking defaults for PD1/pdf/m/n on input line 5.
LaTeX Font Info:    ... okay on input line 5.
LaTeX Font Info:    Checking defaults for PU/pdf/m/n on input line 5.
LaTeX Font Info:    ... okay on input line 5.
LaTeX Font Info:    Checking defaults for LMS/npxsy/m/n on input line 5.
LaTeX Font Info:    Trying to load font information for LMS+npxsy on input line 5.
 (C:\Users\lopez\AppData\Local\Programs\MiKTeX\tex/latex/newpx\lmsnpxsy.fd
File: lmsnpxsy.fd 2016/07/04 Fontinst v1.933 font definitions for LMS/npxsy.
)
LaTeX Font Info:    ... okay on input line 5.
LaTeX Font Info:    Checking defaults for LMX/npxexx/m/n on input line 5.
LaTeX Font Info:    Trying to load font information for LMX+npxexx on input line 5.
 (C:\Users\lopez\AppData\Local\Programs\MiKTeX\tex/latex/newpx\lmxnpxexx.fd
File: lmxnpxexx.fd 2016/07/04 Fontinst v1.933 font definitions for LMX/npxexx.
)
LaTeX Font Info:    ... okay on input line 5.
LaTeX Info: Command `\dddot' is already robust on input line 5.
LaTeX Info: Command `\ddddot' is already robust on input line 5.
LaTeX Info: Redefining \. on input line 5.
LaTeX Info: Redefining \% on input line 5.
Package caption Info: Begin \AtBeginDocument code.
Package caption Info: float package is loaded.
Package caption Info: hyperref package is loaded.
Package caption Info: End \AtBeginDocument code.

*geometry* driver: auto-detecting
*geometry* detected driver: pdftex
*geometry* verbose mode - [ preamble ] result:
* driver: pdftex
* paper: a4paper
* layout: <same size as paper>
* layoutoffset:(h,v)=(0.0pt,0.0pt)
* modes: includehead 
* h-part:(L,W,R)=(71.13188pt, 455.24411pt, 71.13188pt)
* v-part:(T,H,B)=(71.13188pt, 702.78308pt, 71.13188pt)
* \paperwidth=597.50787pt
* \paperheight=845.04684pt
* \textwidth=455.24411pt
* \textheight=665.78308pt
* \oddsidemargin=-1.1381pt
* \evensidemargin=-1.1381pt
* \topmargin=-1.1381pt
* \headheight=13.6pt
* \headsep=25.0pt
* \topskip=11.0pt
* \footskip=30.0pt
* \marginparwidth=50.0pt
* \marginparsep=10.0pt
* \columnsep=10.0pt
* \skip\footins=10.0pt plus 4.0pt minus 2.0pt
* \hoffset=0.0pt
* \voffset=0.0pt
* \mag=1000
* \@twocolumnfalse
* \@twosidefalse
* \@mparswitchfalse
* \@reversemarginfalse
* (1in=72.27pt=25.4mm, 1cm=28.453pt)

(C:\Users\lopez\AppData\Local\Programs\MiKTeX\tex/context/base/mkii\supp-pdf.mkii
[Loading MPS to PDF converter (version 2006.09.02).]
\scratchcounter=\count320
\scratchdimen=\dimen259
\scratchbox=\box63
\nofMPsegments=\count321
\nofMParguments=\count322
\everyMPshowfont=\toks43
\MPscratchCnt=\count323
\MPscratchDim=\dimen260
\MPnumerator=\count324
\makeMPintoPDFobject=\count325
\everyMPtoPDFconversion=\toks44
) (C:\Users\lopez\AppData\Local\Programs\MiKTeX\tex/latex/epstopdf-pkg\epstopdf-base.sty
Package: epstopdf-base 2020-01-24 v2.11 Base part for package epstopdf
Package epstopdf-base Info: Redefining graphics rule for `.eps' on input line 485.
 (C:\Users\lopez\AppData\Local\Programs\MiKTeX\tex/latex/00miktex\epstopdf-sys.cfg
File: epstopdf-sys.cfg 2021/03/18 v2.0 Configuration of epstopdf for MiKTeX
))
Package hyperref Info: Link coloring OFF on input line 5.
 (main.out) (main.out)
\@outlinefile=\write3
\openout3 = `main.out'.

LaTeX Info: Redefining \microtypecontext on input line 5.
Package microtype Info: Applying patch `item' on input line 5.
Package microtype Info: Applying patch `toc' on input line 5.
Package microtype Info: Applying patch `eqnum' on input line 5.
Package microtype Info: Applying patch `verbatim' on input line 5.
Package microtype Info: Generating PDF output.
Package microtype Info: Character protrusion enabled (level 2).
Package microtype Info: Using default protrusion set `alltext'.
Package microtype Info: Automatic font expansion enabled (level 2),
(microtype)             stretch: 20, shrink: 20, step: 1, non-selected.
Package microtype Info: Using default expansion set `alltext-nott'.
LaTeX Info: Redefining \showhyphens on input line 5.
Package microtype Info: No adjustment of tracking.
Package microtype Info: No adjustment of interword spacing.
Package microtype Info: No adjustment of character kerning.
 (C:\Users\lopez\AppData\Local\Programs\MiKTeX\tex/latex/microtype\mt-ppl.cfg
File: mt-ppl.cfg 2005/11/16 v1.6 microtype config. file: Palatino (RS)
)
\c@mv@tabular=\count326
\c@mv@boldtabular=\count327
LaTeX Font Info:    Font shape `T1/zpltlf/b/n' will be
(Font)              scaled to size 50.0pt on input line 11.
<./plot27/main.pdf, id=111, 202.30681pt x 169.2985pt>
File: ./plot27/main.pdf Graphic file (type pdf)
<use ./plot27/main.pdf>
Package pdftex.def Info: ./plot27/main.pdf  used on input line 33.
(pdftex.def)             Requested size: 202.3063pt x 169.29807pt.
<./plot28/main.pdf, id=112, 202.30681pt x 169.2985pt>
File: ./plot28/main.pdf Graphic file (type pdf)
<use ./plot28/main.pdf>
Package pdftex.def Info: ./plot28/main.pdf  used on input line 37.
(pdftex.def)             Requested size: 202.3063pt x 169.29807pt.
<./plot29/main.pdf, id=113, 202.30681pt x 169.2985pt>
File: ./plot29/main.pdf Graphic file (type pdf)
<use ./plot29/main.pdf>
Package pdftex.def Info: ./plot29/main.pdf  used on input line 45.
(pdftex.def)             Requested size: 202.3063pt x 169.29807pt.
<./plot30/main.pdf, id=114, 202.30681pt x 169.2985pt>
File: ./plot30/main.pdf Graphic file (type pdf)
<use ./plot30/main.pdf>
Package pdftex.def Info: ./plot30/main.pdf  used on input line 49.
(pdftex.def)             Requested size: 202.3063pt x 169.29807pt.
 [1

{C:/Users/lopez/AppData/Local/MiKTeX/fonts/map/pdftex/pdftex.map}{C:/Users/lopez/AppData/Local/Programs/MiKTeX/fonts/enc/dvips/newtx/ntx-ec-tlf.enc} <./plot27/main.pdf> <./plot28/main.pdf> <./plot29/main.pdf> <./plot30/main.pdf>]
LaTeX Font Info:    Font shape `T1/zpltlf/m/n' will be
(Font)              scaled to size 24.88pt on input line 55.
LaTeX Font Info:    Font shape `T1/zpltlf/b/n' will be
(Font)              scaled to size 24.88pt on input line 55.
 (main.toc
LaTeX Info: Redefining \. on input line 1.
LaTeX Info: Redefining \% on input line 1.
LaTeX Font Info:    Font shape `T1/zpltlf/b/n' will be
(Font)              scaled to size 10.95pt on input line 2.
LaTeX Font Info:    Font shape `T1/zpltlf/b/it' will be
(Font)              scaled to size 10.95pt on input line 2.
LaTeX Font Info:    Trying to load font information for OT1+zpltlf on input line 2.
 (C:\Users\lopez\AppData\Local\Programs\MiKTeX\tex/latex/newpx\ot1zpltlf.fd
File: ot1zpltlf.fd 2021/05/25 v1.0 font definition file for OT1/zpl/tlf
)
LaTeX Font Info:    Font shape `OT1/zpltlf/m/n' will be
(Font)              scaled to size 10.95pt on input line 2.
LaTeX Font Info:    Font shape `OT1/zpltlf/m/n' will be
(Font)              scaled to size 8.0pt on input line 2.
LaTeX Font Info:    Font shape `OT1/zpltlf/m/n' will be
(Font)              scaled to size 6.1pt on input line 2.
LaTeX Font Info:    Trying to load font information for U+msa on input line 2.
 (C:\Users\lopez\AppData\Local\Programs\MiKTeX\tex/latex/amsfonts\umsa.fd
File: umsa.fd 2013/01/14 v3.01 AMS symbols A
) (C:\Users\lopez\AppData\Local\Programs\MiKTeX\tex/latex/microtype\mt-msa.cfg
File: mt-msa.cfg 2006/02/04 v1.1 microtype config. file: AMS symbols (a) (RS)
)
LaTeX Font Info:    Trying to load font information for U+msb on input line 2.
 (C:\Users\lopez\AppData\Local\Programs\MiKTeX\tex/latex/amsfonts\umsb.fd
File: umsb.fd 2013/01/14 v3.01 AMS symbols B
) (C:\Users\lopez\AppData\Local\Programs\MiKTeX\tex/latex/microtype\mt-msb.cfg
File: mt-msb.cfg 2005/06/01 v1.0 microtype config. file: AMS symbols (b) (RS)
)
LaTeX Font Info:    Trying to load font information for U+npxmia on input line 2.
 (C:\Users\lopez\AppData\Local\Programs\MiKTeX\tex/latex/newpx\unpxmia.fd
File: unpxmia.fd 2013/03/24 Fontinst v1.933 font definitions for U/npxmia.
)
LaTeX Font Info:    Trying to load font information for U+npxsym on input line 2.
 (C:\Users\lopez\AppData\Local\Programs\MiKTeX\tex/latex/newpx\unpxsym.fd
File: unpxsym.fd 2023/08/16 Fontinst v1.933 font definitions for U/npxsym.
)
LaTeX Font Info:    Trying to load font information for U+npxsyc on input line 2.
 (C:\Users\lopez\AppData\Local\Programs\MiKTeX\tex/latex/newpx\unpxsyc.fd
File: unpxsyc.fd 2013/03/24 Fontinst v1.933 font definitions for U/npxsyc.
)
LaTeX Font Info:    Font shape `T1/zpltlf/b/it' will be
(Font)              scaled to size 8.0pt on input line 2.
)
\tf@toc=\write4
\openout4 = `main.toc'.


pdfTeX warning (ext4): destination with the same identifier (name{page.1}) has been already used, duplicate ignored
<to be read again> 
                   \relax 
l.58 \chapter
             {Espacios \texorpdfstring{\textit{L\textsuperscript{p}}}{\texti... [1

{C:/Users/lopez/AppData/Local/Programs/MiKTeX/fonts/enc/dvips/newtx/ntx-ot1-tlf.enc}{C:/Users/lopez/AppData/Local/Programs/MiKTeX/fonts/enc/dvips/newpx/px-lms.enc}]
Tema 1.
LaTeX Font Info:    Font shape `T1/zpltlf/b/it' will be
(Font)              scaled to size 24.88pt on input line 58.
LaTeX Font Info:    Font shape `OT1/zpltlf/m/n' will be
(Font)              scaled to size 24.88pt on input line 58.
LaTeX Font Info:    Font shape `OT1/zpltlf/m/n' will be
(Font)              scaled to size 18.2pt on input line 58.
LaTeX Font Info:    Font shape `OT1/zpltlf/m/n' will be
(Font)              scaled to size 13.7pt on input line 58.
LaTeX Font Info:    Font shape `T1/zpltlf/b/it' will be
(Font)              scaled to size 18.2pt on input line 58.
LaTeX Font Info:    Font shape `T1/zpltlf/m/n' will be
(Font)              scaled to size 14.4pt on input line 60.
LaTeX Font Info:    Font shape `T1/zpltlf/b/n' will be
(Font)              scaled to size 14.4pt on input line 60.
LaTeX Font Info:    Font shape `T1/zpltlf/m/it' will be
(Font)              scaled to size 10.95pt on input line 62.
<./plot1/main.pdf, id=164, 276.43878pt x 221.66815pt>
File: ./plot1/main.pdf Graphic file (type pdf)
<use ./plot1/main.pdf>
Package pdftex.def Info: ./plot1/main.pdf  used on input line 76.
(pdftex.def)             Requested size: 276.4381pt x 221.6676pt.
[2

 <./plot1/main.pdf>]
<./plot2/main.pdf, id=192, 251.05794pt x 209.79881pt>
File: ./plot2/main.pdf Graphic file (type pdf)
<use ./plot2/main.pdf>
Package pdftex.def Info: ./plot2/main.pdf  used on input line 113.
(pdftex.def)             Requested size: 251.05731pt x 209.7983pt.
LaTeX Font Info:    Font shape `T1/zpltlf/m/sl' will be
(Font)              scaled to size 10.95pt on input line 123.
LaTeX Info: Redefining \. on input line 123.
LaTeX Info: Redefining \% on input line 123.
LaTeX Font Info:    Font shape `T1/zpltlf/m/it' will be
(Font)              scaled to size 8.0pt on input line 123.
 [3{C:/Users/lopez/AppData/Local/Programs/MiKTeX/fonts/enc/dvips/newtx/ntx-ecth-tlf.enc} <./plot2/main.pdf>]
LaTeX Info: Redefining \. on input line 156.
LaTeX Info: Redefining \% on input line 156.
 [4]
LaTeX Info: Redefining \. on input line 188.
LaTeX Info: Redefining \% on input line 188.
 [5]
LaTeX Font Info:    Font shape `T1/zpltlf/m/n' will be
(Font)              scaled to size 8.0pt on input line 207.
LaTeX Font Info:    Font shape `T1/zpltlf/m/n' will be
(Font)              scaled to size 6.1pt on input line 207.
LaTeX Info: Redefining \. on input line 222.
LaTeX Info: Redefining \% on input line 222.
 [6]
LaTeX Info: Redefining \. on input line 257.
LaTeX Info: Redefining \% on input line 257.
 [7]
LaTeX Font Info:    Font shape `OT1/zpltlf/b/n' will be
(Font)              scaled to size 14.4pt on input line 263.
LaTeX Font Info:    Font shape `OT1/zpltlf/b/n' will be
(Font)              scaled to size 10.5pt on input line 263.
LaTeX Font Info:    Font shape `OT1/zpltlf/b/n' will be
(Font)              scaled to size 7.9pt on input line 263.
LaTeX Font Info:    Font shape `OT1/zpltlf/m/n' will be
(Font)              scaled to size 14.4pt on input line 263.
LaTeX Font Info:    Font shape `OT1/zpltlf/m/n' will be
(Font)              scaled to size 10.5pt on input line 263.
LaTeX Font Info:    Font shape `OT1/zpltlf/m/n' will be
(Font)              scaled to size 7.9pt on input line 263.
LaTeX Info: Redefining \. on input line 290.
LaTeX Info: Redefining \% on input line 290.
 [8{C:/Users/lopez/AppData/Local/Programs/MiKTeX/fonts/enc/dvips/newpx/pxb-lms.enc}]
LaTeX Info: Redefining \. on input line 327.
LaTeX Info: Redefining \% on input line 327.
 [9]
LaTeX Info: Redefining \. on input line 352.
LaTeX Info: Redefining \% on input line 352.
 [10]
LaTeX Info: Redefining \. on input line 397.
LaTeX Info: Redefining \% on input line 397.
 [11]
<./plot3/main.pdf, id=281, 251.44339pt x 210.1953pt>
File: ./plot3/main.pdf Graphic file (type pdf)
<use ./plot3/main.pdf>
Package pdftex.def Info: ./plot3/main.pdf  used on input line 411.
(pdftex.def)             Requested size: 251.44276pt x 210.19478pt.
LaTeX Info: Redefining \. on input line 426.
LaTeX Info: Redefining \% on input line 426.
 [12 <./plot3/main.pdf>]
LaTeX Font Info:    Font shape `OT1/zpltlf/b/n' will be
(Font)              scaled to size 10.95pt on input line 464.
LaTeX Font Info:    Font shape `OT1/zpltlf/b/n' will be
(Font)              scaled to size 8.0pt on input line 464.
LaTeX Font Info:    Font shape `OT1/zpltlf/b/n' will be
(Font)              scaled to size 6.1pt on input line 464.
LaTeX Info: Redefining \. on input line 475.
LaTeX Info: Redefining \% on input line 475.
 [13]
LaTeX Info: Redefining \. on input line 501.
LaTeX Info: Redefining \% on input line 501.
 [14]
LaTeX Info: Redefining \. on input line 528.
LaTeX Info: Redefining \% on input line 528.
 [15]
LaTeX Info: Redefining \. on input line 553.
LaTeX Info: Redefining \% on input line 553.
 [16]
<./plot4/main.pdf, id=328, 92.14526pt x 84.95639pt>
File: ./plot4/main.pdf Graphic file (type pdf)
<use ./plot4/main.pdf>
Package pdftex.def Info: ./plot4/main.pdf  used on input line 562.
(pdftex.def)             Requested size: 92.14502pt x 84.95616pt.
<./plot5/main.pdf, id=329, 92.14526pt x 84.95639pt>
File: ./plot5/main.pdf Graphic file (type pdf)
<use ./plot5/main.pdf>
Package pdftex.def Info: ./plot5/main.pdf  used on input line 566.
(pdftex.def)             Requested size: 92.14502pt x 84.95616pt.
<./plot6/main.pdf, id=330, 92.14526pt x 85.00859pt>
File: ./plot6/main.pdf Graphic file (type pdf)
<use ./plot6/main.pdf>
Package pdftex.def Info: ./plot6/main.pdf  used on input line 570.
(pdftex.def)             Requested size: 92.14502pt x 85.00836pt.
<./plot7/main.pdf, id=331, 92.14526pt x 85.00859pt>
File: ./plot7/main.pdf Graphic file (type pdf)
<use ./plot7/main.pdf>
Package pdftex.def Info: ./plot7/main.pdf  used on input line 574.
(pdftex.def)             Requested size: 92.14502pt x 85.00836pt.
LaTeX Info: Redefining \. on input line 604.
LaTeX Info: Redefining \% on input line 604.
 [17 <./plot4/main.pdf> <./plot5/main.pdf> <./plot6/main.pdf> <./plot7/main.pdf>]
<./plot8/main.pdf, id=378, 263.10999pt x 225.23547pt>
File: ./plot8/main.pdf Graphic file (type pdf)
<use ./plot8/main.pdf>
Package pdftex.def Info: ./plot8/main.pdf  used on input line 637.
(pdftex.def)             Requested size: 263.10934pt x 225.23491pt.
LaTeX Info: Redefining \. on input line 640.
LaTeX Info: Redefining \% on input line 640.
 [18]
LaTeX Info: Redefining \. on input line 670.
LaTeX Info: Redefining \% on input line 670.
 [19 <./plot8/main.pdf>]
LaTeX Info: Redefining \. on input line 707.
LaTeX Info: Redefining \% on input line 707.
 [20]
LaTeX Info: Redefining \. on input line 751.
LaTeX Info: Redefining \% on input line 751.
 [21]
LaTeX Info: Redefining \. on input line 787.
LaTeX Info: Redefining \% on input line 787.
 [22]
LaTeX Font Info:    Font shape `T1/zpltlf/m/it' will be
(Font)              scaled to size 6.1pt on input line 794.
LaTeX Info: Redefining \. on input line 826.
LaTeX Info: Redefining \% on input line 826.
 [23]
LaTeX Info: Redefining \. on input line 850.
LaTeX Info: Redefining \% on input line 850.
 [24]
LaTeX Info: Redefining \. on input line 880.
LaTeX Info: Redefining \% on input line 880.
 [25]
LaTeX Info: Redefining \. on input line 925.
LaTeX Info: Redefining \% on input line 925.
 [26]
LaTeX Info: Redefining \. on input line 938.
LaTeX Info: Redefining \% on input line 938.
 [27]
Tema 2.
[28

]
LaTeX Info: Redefining \. on input line 1018.
LaTeX Info: Redefining \% on input line 1018.
 [29]
LaTeX Info: Redefining \. on input line 1062.
LaTeX Info: Redefining \% on input line 1062.
 [30]
LaTeX Info: Redefining \. on input line 1090.
LaTeX Info: Redefining \% on input line 1090.
 [31]
LaTeX Info: Redefining \. on input line 1130.
LaTeX Info: Redefining \% on input line 1130.
 [32]
<./plot10/main.pdf, id=527, 117.40463pt x 97.5926pt>
File: ./plot10/main.pdf Graphic file (type pdf)
<use ./plot10/main.pdf>
Package pdftex.def Info: ./plot10/main.pdf  used on input line 1136.
(pdftex.def)             Requested size: 117.40433pt x 97.59235pt.
<./plot11/main.pdf, id=528, 117.40463pt x 97.5926pt>
File: ./plot11/main.pdf Graphic file (type pdf)
<use ./plot11/main.pdf>
Package pdftex.def Info: ./plot11/main.pdf  used on input line 1140.
(pdftex.def)             Requested size: 117.40433pt x 97.59235pt.
<./plot9/main.pdf, id=529, 117.40463pt x 97.5926pt>
File: ./plot9/main.pdf Graphic file (type pdf)
<use ./plot9/main.pdf>
Package pdftex.def Info: ./plot9/main.pdf  used on input line 1144.
(pdftex.def)             Requested size: 117.40433pt x 97.59235pt.
LaTeX Info: Redefining \. on input line 1171.
LaTeX Info: Redefining \% on input line 1171.
 [33 <./plot10/main.pdf> <./plot11/main.pdf> <./plot9/main.pdf>]
LaTeX Info: Redefining \. on input line 1207.
LaTeX Info: Redefining \% on input line 1207.
 [34]
LaTeX Info: Redefining \. on input line 1239.
LaTeX Info: Redefining \% on input line 1239.
 [35]
LaTeX Info: Redefining \. on input line 1272.
LaTeX Info: Redefining \% on input line 1272.
 [36]
LaTeX Info: Redefining \. on input line 1310.
LaTeX Info: Redefining \% on input line 1310.
 [37]
LaTeX Info: Redefining \. on input line 1343.
LaTeX Info: Redefining \% on input line 1343.
 [38]
LaTeX Info: Redefining \. on input line 1382.
LaTeX Info: Redefining \% on input line 1382.
 [39]
LaTeX Info: Redefining \. on input line 1414.
LaTeX Info: Redefining \% on input line 1414.
 [40]
Tema 3.
[41

]
<./plot12/main.pdf, id=617, 251.44339pt x 210.1953pt>
File: ./plot12/main.pdf Graphic file (type pdf)
<use ./plot12/main.pdf>
Package pdftex.def Info: ./plot12/main.pdf  used on input line 1475.
(pdftex.def)             Requested size: 251.44276pt x 210.19478pt.
LaTeX Info: Redefining \. on input line 1478.
LaTeX Info: Redefining \% on input line 1478.
 [42]
LaTeX Info: Redefining \. on input line 1503.
LaTeX Info: Redefining \% on input line 1503.
 [43 <./plot12/main.pdf>]
LaTeX Info: Redefining \. on input line 1542.
LaTeX Info: Redefining \% on input line 1542.
 [44]
LaTeX Info: Redefining \. on input line 1576.
LaTeX Info: Redefining \% on input line 1576.
 [45]
LaTeX Info: Redefining \. on input line 1613.
LaTeX Info: Redefining \% on input line 1613.
 [46]
LaTeX Info: Redefining \. on input line 1649.
LaTeX Info: Redefining \% on input line 1649.
 [47]
LaTeX Info: Redefining \. on input line 1673.
LaTeX Info: Redefining \% on input line 1673.
 [48]
LaTeX Info: Redefining \. on input line 1698.
LaTeX Info: Redefining \% on input line 1698.
 [49]
LaTeX Info: Redefining \. on input line 1737.
LaTeX Info: Redefining \% on input line 1737.
 [50]
LaTeX Info: Redefining \. on input line 1781.
LaTeX Info: Redefining \% on input line 1781.
 [51]
LaTeX Info: Redefining \. on input line 1810.
LaTeX Info: Redefining \% on input line 1810.
 [52]
LaTeX Info: Redefining \. on input line 1844.
LaTeX Info: Redefining \% on input line 1844.
 [53]
LaTeX Info: Redefining \. on input line 1877.
LaTeX Info: Redefining \% on input line 1877.
 [54]
LaTeX Info: Redefining \. on input line 1927.
LaTeX Info: Redefining \% on input line 1927.
 [55]
LaTeX Info: Redefining \. on input line 1956.
LaTeX Info: Redefining \% on input line 1956.
 [56]
LaTeX Info: Redefining \. on input line 1990.
LaTeX Info: Redefining \% on input line 1990.
 [57]
LaTeX Info: Redefining \. on input line 2027.
LaTeX Info: Redefining \% on input line 2027.
 [58]
LaTeX Info: Redefining \. on input line 2069.
LaTeX Info: Redefining \% on input line 2069.
 [59]
LaTeX Info: Redefining \. on input line 2093.
LaTeX Info: Redefining \% on input line 2093.
 [60]
LaTeX Info: Redefining \. on input line 2121.
LaTeX Info: Redefining \% on input line 2121.
 [61]
LaTeX Info: Redefining \. on input line 2154.
LaTeX Info: Redefining \% on input line 2154.
 [62]
LaTeX Info: Redefining \. on input line 2186.
LaTeX Info: Redefining \% on input line 2186.
 [63]
LaTeX Info: Redefining \. on input line 2228.
LaTeX Info: Redefining \% on input line 2228.
 [64]
LaTeX Info: Redefining \. on input line 2261.
LaTeX Info: Redefining \% on input line 2261.
 [65]
LaTeX Info: Redefining \. on input line 2269.
LaTeX Info: Redefining \% on input line 2269.
 [66]
Tema 4.
[67

]
LaTeX Info: Redefining \. on input line 2337.
LaTeX Info: Redefining \% on input line 2337.
 [68]
LaTeX Info: Redefining \. on input line 2368.
LaTeX Info: Redefining \% on input line 2368.
 [69]
LaTeX Info: Redefining \. on input line 2404.
LaTeX Info: Redefining \% on input line 2404.
 [70]
<./plot13/main.pdf, id=893, 195.39801pt x 162.3937pt>
File: ./plot13/main.pdf Graphic file (type pdf)
<use ./plot13/main.pdf>
Package pdftex.def Info: ./plot13/main.pdf  used on input line 2448.
(pdftex.def)             Requested size: 195.39752pt x 162.3933pt.
<./plot14/main.pdf, id=894, 195.39801pt x 162.3937pt>
File: ./plot14/main.pdf Graphic file (type pdf)
<use ./plot14/main.pdf>
Package pdftex.def Info: ./plot14/main.pdf  used on input line 2452.
(pdftex.def)             Requested size: 195.39752pt x 162.3933pt.
LaTeX Info: Redefining \. on input line 2458.
LaTeX Info: Redefining \% on input line 2458.
 [71 <./plot13/main.pdf> <./plot14/main.pdf>]
LaTeX Info: Redefining \. on input line 2498.
LaTeX Info: Redefining \% on input line 2498.
 [72]
LaTeX Info: Redefining \. on input line 2543.
LaTeX Info: Redefining \% on input line 2543.
 [73]
LaTeX Info: Redefining \. on input line 2570.
LaTeX Info: Redefining \% on input line 2570.
 [74]
<./plot15/main.pdf, id=989, 170.05833pt x 162.40274pt>
File: ./plot15/main.pdf Graphic file (type pdf)
<use ./plot15/main.pdf>
Package pdftex.def Info: ./plot15/main.pdf  used on input line 2585.
(pdftex.def)             Requested size: 170.0579pt x 162.40233pt.
<./plot16/main.pdf, id=990, 170.05833pt x 162.40274pt>
File: ./plot16/main.pdf Graphic file (type pdf)
<use ./plot16/main.pdf>
Package pdftex.def Info: ./plot16/main.pdf  used on input line 2589.
(pdftex.def)             Requested size: 170.0579pt x 162.40233pt.
<./plot17/main.pdf, id=991, 170.05833pt x 162.40274pt>
File: ./plot17/main.pdf Graphic file (type pdf)
<use ./plot17/main.pdf>
Package pdftex.def Info: ./plot17/main.pdf  used on input line 2597.
(pdftex.def)             Requested size: 170.0579pt x 162.40233pt.
<./plot18/main.pdf, id=992, 170.05833pt x 162.40274pt>
File: ./plot18/main.pdf Graphic file (type pdf)
<use ./plot18/main.pdf>
Package pdftex.def Info: ./plot18/main.pdf  used on input line 2601.
(pdftex.def)             Requested size: 170.0579pt x 162.40233pt.
LaTeX Info: Redefining \. on input line 2608.
LaTeX Info: Redefining \% on input line 2608.
 [75 <./plot15/main.pdf> <./plot16/main.pdf> <./plot17/main.pdf> <./plot18/main.pdf>]
LaTeX Info: Redefining \. on input line 2643.
LaTeX Info: Redefining \% on input line 2643.
 [76]
LaTeX Info: Redefining \. on input line 2659.
LaTeX Info: Redefining \% on input line 2659.
 [77]
LaTeX Info: Redefining \. on input line 2693.
LaTeX Info: Redefining \% on input line 2693.
 [78]
LaTeX Info: Redefining \. on input line 2721.
LaTeX Info: Redefining \% on input line 2721.
 [79]
LaTeX Info: Redefining \. on input line 2752.
LaTeX Info: Redefining \% on input line 2752.
 [80]
LaTeX Info: Redefining \. on input line 2783.
LaTeX Info: Redefining \% on input line 2783.
 [81]
LaTeX Info: Redefining \. on input line 2823.
LaTeX Info: Redefining \% on input line 2823.
 [82]
LaTeX Info: Redefining \. on input line 2863.
LaTeX Info: Redefining \% on input line 2863.
 [83]
LaTeX Font Info:    Trying to load font information for TS1+zpltlf on input line 2886.
 (C:\Users\lopez\AppData\Local\Programs\MiKTeX\tex/latex/newpx\ts1zpltlf.fd
File: ts1zpltlf.fd 2021/11/24 v1.0 fd file for TS1/zpltlf
)
LaTeX Font Info:    Font shape `TS1/zpltlf/m/n' will be
(Font)              scaled to size 10.95pt on input line 2886.
LaTeX Info: Redefining \. on input line 2895.
LaTeX Info: Redefining \% on input line 2895.
 [84{C:/Users/lopez/AppData/Local/Programs/MiKTeX/fonts/enc/dvips/newpx/zpl_TOsF.enc}]
<./plot19/main.pdf, id=1151, 198.30386pt x 116.31053pt>
File: ./plot19/main.pdf Graphic file (type pdf)
<use ./plot19/main.pdf>
Package pdftex.def Info: ./plot19/main.pdf  used on input line 2920.
(pdftex.def)             Requested size: 198.30336pt x 116.31023pt.
<./plot20/main.pdf, id=1152, 198.30386pt x 116.31053pt>
File: ./plot20/main.pdf Graphic file (type pdf)
<use ./plot20/main.pdf>
Package pdftex.def Info: ./plot20/main.pdf  used on input line 2924.
(pdftex.def)             Requested size: 198.30336pt x 116.31023pt.
<./plot21/main.pdf, id=1153, 198.30386pt x 116.31053pt>
File: ./plot21/main.pdf Graphic file (type pdf)
<use ./plot21/main.pdf>
Package pdftex.def Info: ./plot21/main.pdf  used on input line 2932.
(pdftex.def)             Requested size: 198.30336pt x 116.31023pt.
<./plot22/main.pdf, id=1154, 198.30386pt x 116.31053pt>
File: ./plot22/main.pdf Graphic file (type pdf)
<use ./plot22/main.pdf>
Package pdftex.def Info: ./plot22/main.pdf  used on input line 2936.
(pdftex.def)             Requested size: 198.30336pt x 116.31023pt.
LaTeX Info: Redefining \. on input line 2940.
LaTeX Info: Redefining \% on input line 2940.
 [85 <./plot19/main.pdf> <./plot20/main.pdf>]
LaTeX Info: Redefining \. on input line 2971.
LaTeX Info: Redefining \% on input line 2971.
 [86 <./plot21/main.pdf> <./plot22/main.pdf>]
LaTeX Info: Redefining \. on input line 2995.
LaTeX Info: Redefining \% on input line 2995.
 [87]
LaTeX Info: Redefining \. on input line 3032.
LaTeX Info: Redefining \% on input line 3032.
 [88]
LaTeX Info: Redefining \. on input line 3054.
LaTeX Info: Redefining \% on input line 3054.
 [89]
LaTeX Info: Redefining \. on input line 3076.
LaTeX Info: Redefining \% on input line 3076.
 [90]
LaTeX Info: Redefining \. on input line 3103.
LaTeX Info: Redefining \% on input line 3103.
 [91]
LaTeX Info: Redefining \. on input line 3138.
LaTeX Info: Redefining \% on input line 3138.
 [92]
LaTeX Info: Redefining \. on input line 3180.
LaTeX Info: Redefining \% on input line 3180.
 [93]
LaTeX Info: Redefining \. on input line 3204.
LaTeX Info: Redefining \% on input line 3204.
 [94]
<./plot23/main.pdf, id=1310, 198.30386pt x 116.31053pt>
File: ./plot23/main.pdf Graphic file (type pdf)
<use ./plot23/main.pdf>
Package pdftex.def Info: ./plot23/main.pdf  used on input line 3215.
(pdftex.def)             Requested size: 198.30336pt x 116.31023pt.
<./plot24/main.pdf, id=1311, 198.30386pt x 116.31053pt>
File: ./plot24/main.pdf Graphic file (type pdf)
<use ./plot24/main.pdf>
Package pdftex.def Info: ./plot24/main.pdf  used on input line 3219.
(pdftex.def)             Requested size: 198.30336pt x 116.31023pt.
<./plot25/main.pdf, id=1312, 198.30386pt x 116.31053pt>
File: ./plot25/main.pdf Graphic file (type pdf)
<use ./plot25/main.pdf>
Package pdftex.def Info: ./plot25/main.pdf  used on input line 3227.
(pdftex.def)             Requested size: 198.30336pt x 116.31023pt.
<./plot26/main.pdf, id=1313, 198.30386pt x 116.31053pt>
File: ./plot26/main.pdf Graphic file (type pdf)
<use ./plot26/main.pdf>
Package pdftex.def Info: ./plot26/main.pdf  used on input line 3231.
(pdftex.def)             Requested size: 198.30336pt x 116.31023pt.
LaTeX Info: Redefining \. on input line 3247.
LaTeX Info: Redefining \% on input line 3247.
 [95 <./plot23/main.pdf> <./plot24/main.pdf> <./plot25/main.pdf> <./plot26/main.pdf>]
LaTeX Info: Redefining \. on input line 3288.
LaTeX Info: Redefining \% on input line 3288.
 [96]
LaTeX Info: Redefining \. on input line 3318.
LaTeX Info: Redefining \% on input line 3318.
 [97]
LaTeX Info: Redefining \. on input line 3343.
LaTeX Info: Redefining \% on input line 3343.
 [98]
LaTeX Info: Redefining \. on input line 3374.
LaTeX Info: Redefining \% on input line 3374.
 [99]
LaTeX Info: Redefining \. on input line 3396.
LaTeX Info: Redefining \% on input line 3396.
 [100]
LaTeX Info: Redefining \. on input line 3414.
LaTeX Info: Redefining \% on input line 3414.
 [101] (main.aux
LaTeX Info: Redefining \. on input line 11.
LaTeX Info: Redefining \% on input line 11.
)
 ***********
LaTeX2e <2023-11-01> patch level 1
L3 programming layer <2020/03/25>
 ***********
Package rerunfilecheck Info: File `main.out' has not changed.
(rerunfilecheck)             Checksum: 44056530894C84F9E0C0FD8A28EA93E3;5816.
 ) 
Here is how much of TeX's memory you used:
 22602 strings out of 474370
 366315 string characters out of 5740535
 1953754 words of memory out of 5000000
 43800 multiletter control sequences out of 15000+600000
 711658 words of font info for 439 fonts, out of 8000000 for 9000
 1141 hyphenation exceptions out of 8191
 90i,20n,93p,1056b,847s stack positions out of 10000i,1000n,20000p,200000b,200000s
<C:/Users/lopez/AppData/Local/Programs/MiKTeX/fonts/type1/public/newpx/NewPXBMI.pfb><C:/Users/lopez/AppData/Local/Programs/MiKTeX/fonts/type1/public/newpx/NewPXBMI_gnu.pfb><C:/Users/lopez/AppData/Local/Programs/MiKTeX/fonts/type1/public/newpx/NewPXMI.pfb><C:/Users/lopez/AppData/Local/Programs/MiKTeX/fonts/type1/public/newpx/NewPXMI_gnu.pfb><C:/Users/lopez/AppData/Local/Programs/MiKTeX/fonts/type1/public/amsfonts/latxfont/line10.pfb><C:/Users/lopez/AppData/Local/Programs/MiKTeX/fonts/type1/public/newpx/pxbsys.pfb><C:/Users/lopez/AppData/Local/Programs/MiKTeX/fonts/type1/public/newpx/pxmiaX.pfb><C:/Users/lopez/AppData/Local/Programs/MiKTeX/fonts/type1/public/newpx/pxsys.pfb><C:/Users/lopez/AppData/Local/Programs/MiKTeX/fonts/type1/public/newtx/txexs.pfb><C:/Users/lopez/AppData/Local/Programs/MiKTeX/fonts/type1/public/newtx/txsym.pfb><C:/Users/lopez/AppData/Local/Programs/MiKTeX/fonts/type1/public/newpx/zplb.pfb><C:/Users/lopez/AppData/Local/Programs/MiKTeX/fonts/type1/public/newpx/zplbi.pfb><C:/Users/lopez/AppData/Local/Programs/MiKTeX/fonts/type1/public/newpx/zplr.pfb><C:/Users/lopez/AppData/Local/Programs/MiKTeX/fonts/type1/public/newpx/zplri.pfb>
Output written on main.pdf (102 pages, 1118646 bytes).
PDF statistics:
 1607 PDF objects out of 1728 (max. 8388607)
 467 named destinations out of 1000 (max. 500000)
 76143 words of extra memory for PDF output out of 89155 (max. 10000000)

