\BOOKMARK [0][-]{chapter.1}{\376\377\000E\000s\000p\000a\000c\000i\000o\000s\000\040\000L\000p}{}% 1
\BOOKMARK [1][-]{section.1.1}{\376\377\000F\000u\000n\000c\000i\000o\000n\000e\000s\000\040\000c\000o\000n\000v\000e\000x\000a\000s}{chapter.1}% 2
\BOOKMARK [1][-]{section.1.2}{\376\377\000C\000u\000a\000t\000r\000o\000\040\000d\000e\000s\000i\000g\000u\000a\000l\000d\000a\000d\000e\000s\000\040\000i\000m\000p\000o\000r\000t\000a\000n\000t\000e\000s}{chapter.1}% 3
\BOOKMARK [1][-]{section.1.3}{\376\377\000E\000s\000p\000a\000c\000i\000o\000s\000\040\000L\000p\000\040\000c\000o\000n\000\040\0001\000<\000=\000p\000<\042\036}{chapter.1}% 4
\BOOKMARK [1][-]{section.1.4}{\376\377\000E\000s\000p\000a\000c\000i\000o\000s\000\040\000L\042\036}{chapter.1}% 5
\BOOKMARK [1][-]{section.1.5}{\376\377\000F\000u\000n\000c\000i\000o\000n\000e\000s\000\040\000c\000o\000n\000t\000i\000n\000u\000a\000s\000\040\000d\000e\000\040\000s\000o\000p\000o\000r\000t\000e\000\040\000c\000o\000m\000p\000a\000c\000t\000o}{chapter.1}% 6
\BOOKMARK [1][-]{section.1.6}{\376\377\000E\000s\000p\000a\000c\000i\000o\000s\000\040\000l\000p}{chapter.1}% 7
\BOOKMARK [1][-]{section.1.7}{\376\377\000C\000o\000n\000v\000e\000r\000g\000e\000n\000c\000i\000a\000\040\000e\000n\000\040\000L\000p}{chapter.1}% 8
\BOOKMARK [1][-]{section.1.8}{\376\377\000R\000e\000l\000a\000c\000i\000o\000n\000e\000s\000\040\000d\000e\000\040\000i\000n\000c\000l\000u\000s\000i\000\363\000n\000\040\000e\000n\000t\000r\000e\000\040\000l\000o\000s\000\040\000e\000s\000p\000a\000c\000i\000o\000s\000\040\000L\000p}{chapter.1}% 9
\BOOKMARK [1][-]{section.1.9}{\376\377\000T\000e\000o\000r\000e\000m\000a\000s\000\040\000d\000e\000\040\000d\000e\000n\000s\000i\000d\000a\000d}{chapter.1}% 10
\BOOKMARK [1][-]{section.1.10}{\376\377\000L\000e\000m\000a\000\040\000d\000e\000\040\000l\000a\000s\000\040\000t\000r\000a\000s\000l\000a\000c\000i\000o\000n\000e\000s}{chapter.1}% 11
\BOOKMARK [0][-]{chapter.2}{\376\377\000C\000o\000n\000v\000o\000l\000u\000c\000i\000\363\000n}{}% 12
\BOOKMARK [1][-]{section.2.1}{\376\377\000P\000r\000o\000p\000i\000e\000d\000a\000d\000e\000s\000\040\000e\000l\000e\000m\000e\000n\000t\000a\000l\000e\000s\000\040\000d\000e\000\040\000l\000a\000\040\000c\000o\000n\000v\000o\000l\000u\000c\000i\000\363\000n}{chapter.2}% 13
\BOOKMARK [1][-]{section.2.2}{\376\377\000P\000r\000o\000p\000i\000e\000d\000a\000d\000e\000s\000\040\000d\000e\000\040\000r\000e\000g\000u\000l\000a\000r\000i\000d\000a\000d\000\040\000d\000e\000\040\000l\000a\000\040\000c\000o\000n\000v\000o\000l\000u\000c\000i\000\363\000n}{chapter.2}% 14
\BOOKMARK [1][-]{section.2.3}{\376\377\000A\000p\000r\000o\000x\000i\000m\000a\000c\000i\000o\000n\000e\000s\000\040\000d\000e\000\040\000l\000a\000\040\000i\000d\000e\000n\000t\000i\000d\000a\000d}{chapter.2}% 15
\BOOKMARK [1][-]{section.2.4}{\376\377\000M\000\341\000s\000\040\000t\000e\000o\000r\000e\000m\000a\000s\000\040\000d\000e\000\040\000d\000e\000n\000s\000i\000d\000a\000d}{chapter.2}% 16
\BOOKMARK [0][-]{chapter.3}{\376\377\000T\000r\000a\000n\000s\000f\000o\000r\000m\000a\000d\000a\000\040\000d\000e\000\040\000F\000o\000u\000r\000i\000e\000r}{}% 17
\BOOKMARK [1][-]{section.3.1}{\376\377\000T\000r\000a\000n\000s\000f\000o\000r\000m\000a\000d\000a\000\040\000d\000e\000\040\000F\000o\000u\000r\000i\000e\000r\000\040\000p\000a\000r\000a\000\040\000f\000u\000n\000c\000i\000o\000n\000e\000s\000\040\000d\000e\000\040\000L\0001}{chapter.3}% 18
\BOOKMARK [1][-]{section.3.2}{\376\377\000T\000e\000o\000r\000e\000m\000a\000\040\000d\000e\000\040\000i\000n\000v\000e\000r\000s\000i\000\363\000n}{chapter.3}% 19
\BOOKMARK [1][-]{section.3.3}{\376\377\000T\000r\000a\000n\000s\000f\000o\000r\000m\000a\000d\000a\000\040\000d\000e\000\040\000F\000o\000u\000r\000i\000e\000r\000\040\000p\000a\000r\000a\000\040\000f\000u\000n\000c\000i\000o\000n\000e\000s\000\040\000d\000e\000\040\000L\0002}{chapter.3}% 20
\BOOKMARK [1][-]{section.3.4}{\376\377\000M\000\351\000t\000o\000d\000o\000s\000\040\000d\000e\000\040\000s\000u\000m\000a\000b\000i\000l\000i\000d\000a\000d\000\040\000p\000a\000r\000a\000\040\000i\000n\000t\000e\000g\000r\000a\000l\000e\000s\000\040\000d\000e\000\040\000F\000o\000u\000r\000i\000e\000r}{chapter.3}% 21
\BOOKMARK [0][-]{chapter.4}{\376\377\000S\000e\000r\000i\000e\000s\000\040\000d\000e\000\040\000F\000o\000u\000r\000i\000e\000r}{}% 22
\BOOKMARK [1][-]{section.4.1}{\376\377\000C\000o\000e\000f\000i\000c\000i\000e\000n\000t\000e\000s\000\040\000d\000e\000\040\000F\000o\000u\000r\000i\000e\000r}{chapter.4}% 23
\BOOKMARK [1][-]{section.4.2}{\376\377\000C\000o\000n\000v\000e\000r\000g\000e\000n\000c\000i\000a\000\040\000p\000u\000n\000t\000u\000a\000l\000\040\000d\000e\000\040\000s\000e\000r\000i\000e\000s\000\040\000d\000e\000\040\000F\000o\000u\000r\000i\000e\000r}{chapter.4}% 24
\BOOKMARK [1][-]{section.4.3}{\376\377\000C\000o\000n\000v\000e\000r\000g\000e\000n\000c\000i\000a\000\040\000e\000n\000\040\000e\000l\000\040\000s\000e\000n\000t\000i\000d\000o\000\040\000d\000e\000\040\000C\000e\000s\000\340\000r\000o\000\040\000d\000e\000\040\000s\000e\000r\000i\000e\000s\000\040\000d\000e\000\040\000F\000o\000u\000r\000i\000e\000r}{chapter.4}% 25
\BOOKMARK [1][-]{section.4.4}{\376\377\000C\000o\000n\000v\000e\000r\000g\000e\000n\000c\000i\000a\000\040\000e\000n\000\040\000e\000l\000\040\000s\000e\000n\000t\000i\000d\000o\000\040\000d\000e\000\040\000A\000b\000e\000l\000\040\000d\000e\000\040\000s\000e\000r\000i\000e\000s\000\040\000d\000e\000\040\000F\000o\000u\000r\000i\000e\000r}{chapter.4}% 26
\BOOKMARK [1][-]{section.4.5}{\376\377\000C\000o\000n\000v\000e\000r\000g\000e\000n\000c\000i\000a\000\040\000e\000n\000\040\000L\0002\000\040\000d\000e\000\040\000s\000e\000r\000i\000e\000s\000\040\000d\000e\000\040\000F\000o\000u\000r\000i\000e\000r}{chapter.4}% 27
