\BOOKMARK [0][-]{chapter.1}{\376\377\000I\000n\000t\000r\000o\000d\000u\000c\000c\000i\000\363\000n}{}% 1
\BOOKMARK [1][-]{section.1.1}{\376\377\000P\000r\000o\000b\000l\000e\000m\000a\000s\000\040\000d\000e\000\040\000C\000a\000u\000c\000h\000y}{chapter.1}% 2
\BOOKMARK [1][-]{section.1.2}{\376\377\000A\000l\000g\000u\000n\000o\000s\000\040\000m\000o\000d\000e\000l\000o\000s\000\040\000m\000a\000t\000e\000m\000\341\000t\000i\000c\000o\000s\000\040\000b\000a\000s\000a\000d\000o\000s\000\040\000e\000n\000\040\000E\000D\000O}{chapter.1}% 3
\BOOKMARK [1][-]{section.1.3}{\376\377\000M\000\351\000t\000o\000d\000o\000\040\000d\000e\000\040\000E\000u\000l\000e\000r}{chapter.1}% 4
\BOOKMARK [1][-]{section.1.4}{\376\377\000M\000\351\000t\000o\000d\000o\000s\000\040\000d\000e\000\040\000T\000a\000y\000l\000o\000r}{chapter.1}% 5
\BOOKMARK [1][-]{section.1.5}{\376\377\000M\000\351\000t\000o\000d\000o\000\040\000d\000e\000l\000\040\000p\000u\000n\000t\000o\000\040\000m\000e\000d\000i\000o\000\040\000y\000\040\000m\000\351\000t\000o\000d\000o\000\040\000d\000e\000\040\000H\000e\000u\000n}{chapter.1}% 6
\BOOKMARK [1][-]{section.1.6}{\376\377\000M\000\351\000t\000o\000d\000o\000s\000\040\000d\000e\000\040\000R\000u\000n\000g\000e\000-\000K\000u\000t\000t\000a}{chapter.1}% 7
\BOOKMARK [0][-]{chapter.2}{\376\377\000M\000\351\000t\000o\000d\000o\000s\000\040\000u\000n\000i\000p\000a\000s\000o}{}% 8
\BOOKMARK [1][-]{section.2.1}{\376\377\000C\000o\000n\000s\000i\000s\000t\000e\000n\000c\000i\000a\000,\000\040\000e\000s\000t\000a\000b\000i\000l\000i\000d\000a\000d\000\040\000y\000\040\000c\000o\000n\000v\000e\000r\000g\000e\000n\000c\000i\000a}{chapter.2}% 9
\BOOKMARK [1][-]{section.2.2}{\376\377\000O\000r\000d\000e\000n\000\040\000d\000e\000\040\000u\000n\000\040\000m\000\351\000t\000o\000d\000o\000\040\000u\000n\000i\000p\000a\000s\000o}{chapter.2}% 10
\BOOKMARK [1][-]{section.2.3}{\376\377\000A\000n\000\341\000l\000i\000s\000i\000s\000\040\000d\000e\000\040\000l\000o\000s\000\040\000m\000\351\000t\000o\000d\000o\000s\000\040\000d\000e\000\040\000R\000u\000n\000g\000e\000-\000K\000u\000t\000t\000a}{chapter.2}% 11
\BOOKMARK [0][-]{chapter.3}{\376\377\000M\000\351\000t\000o\000d\000o\000s\000\040\000m\000u\000l\000t\000i\000p\000a\000s\000o}{}% 12
\BOOKMARK [1][-]{section.3.1}{\376\377\000M\000o\000t\000i\000v\000a\000c\000i\000\363\000n}{chapter.3}% 13
\BOOKMARK [1][-]{section.3.2}{\376\377\000I\000n\000t\000e\000r\000p\000o\000l\000a\000c\000i\000\363\000n\000\040\000p\000o\000l\000i\000n\000\363\000m\000i\000c\000a}{chapter.3}% 14
\BOOKMARK [1][-]{section.3.3}{\376\377\000M\000\351\000t\000o\000d\000o\000s\000\040\000b\000a\000s\000a\000d\000o\000s\000\040\000e\000n\000\040\000i\000n\000t\000e\000g\000r\000a\000c\000i\000\363\000n\000\040\000n\000u\000m\000\351\000r\000i\000c\000a}{chapter.3}% 15
\BOOKMARK [2][-]{subsection.3.3.1}{\376\377\000M\000\351\000t\000o\000d\000o\000s\000\040\000d\000e\000\040\000A\000d\000a\000m\000s\000-\000B\000a\000s\000h\000f\000o\000r\000t\000h}{section.3.3}% 16
\BOOKMARK [2][-]{subsection.3.3.2}{\376\377\000M\000\351\000t\000o\000d\000o\000s\000\040\000d\000e\000\040\000A\000d\000a\000m\000s\000-\000M\000o\000u\000l\000t\000o\000n}{section.3.3}% 17
\BOOKMARK [1][-]{section.3.4}{\376\377\000M\000\351\000t\000o\000d\000o\000s\000\040\000b\000a\000s\000a\000d\000o\000s\000\040\000e\000n\000\040\000d\000i\000f\000e\000r\000e\000n\000c\000i\000a\000c\000i\000\363\000n\000\040\000n\000u\000m\000\351\000r\000i\000c\000a}{chapter.3}% 18
\BOOKMARK [1][-]{section.3.5}{\376\377\000E\000x\000p\000r\000e\000s\000i\000\363\000n\000\040\000g\000e\000n\000e\000r\000a\000l\000\040\000d\000e\000\040\000u\000n\000\040\000m\000\351\000t\000o\000d\000o\000\040\000m\000u\000l\000t\000i\000p\000a\000s\000o}{chapter.3}% 19
\BOOKMARK [1][-]{section.3.6}{\376\377\000O\000r\000d\000e\000n\000\040\000d\000e\000\040\000u\000n\000\040\000m\000\351\000t\000o\000d\000o\000\040\000m\000u\000l\000t\000i\000p\000a\000s\000o}{chapter.3}% 20
\BOOKMARK [1][-]{section.3.7}{\376\377\000E\000s\000t\000a\000b\000i\000l\000i\000d\000a\000d\000\040\000d\000e\000\040\000u\000n\000\040\000m\000\351\000t\000o\000d\000o\000\040\000m\000u\000l\000t\000i\000p\000a\000s\000o}{chapter.3}% 21
\BOOKMARK [1][-]{section.3.8}{\376\377\000M\000\351\000t\000o\000d\000o\000s\000\040\000p\000r\000e\000d\000i\000c\000t\000o\000r\000-\000c\000o\000r\000r\000e\000c\000t\000o\000r}{chapter.3}% 22
\BOOKMARK [0][-]{chapter.4}{\376\377\000E\000s\000t\000a\000b\000i\000l\000i\000d\000a\000d\000\040\000a\000b\000s\000o\000l\000u\000t\000a}{}% 23
\BOOKMARK [1][-]{section.4.1}{\376\377\000I\000n\000t\000r\000o\000d\000u\000c\000c\000i\000\363\000n}{chapter.4}% 24
\BOOKMARK [1][-]{section.4.2}{\376\377\000E\000s\000t\000a\000b\000i\000l\000i\000d\000a\000d\000\040\000a\000b\000s\000o\000l\000u\000t\000a\000\040\000d\000e\000\040\000l\000o\000s\000\040\000m\000\351\000t\000o\000d\000o\000s\000\040\000d\000e\000\040\000R\000u\000n\000g\000e\000-\000K\000u\000t\000t\000a}{chapter.4}% 25
\BOOKMARK [1][-]{section.4.3}{\376\377\000E\000s\000t\000a\000b\000i\000l\000i\000d\000a\000d\000\040\000a\000b\000s\000o\000l\000u\000t\000a\000\040\000d\000e\000\040\000l\000o\000s\000\040\000m\000\351\000t\000o\000d\000o\000s\000\040\000m\000u\000l\000t\000i\000p\000a\000s\000o}{chapter.4}% 26
\BOOKMARK [1][-]{section.4.4}{\376\377\000M\000\351\000t\000o\000d\000o\000\040\000d\000e\000\040\000l\000o\000c\000a\000l\000i\000z\000a\000c\000i\000\363\000n\000\040\000d\000e\000\040\000l\000a\000\040\000f\000r\000o\000n\000t\000e\000r\000a}{chapter.4}% 27
\BOOKMARK [0][-]{chapter.5}{\376\377\000P\000r\000o\000b\000l\000e\000m\000a\000s\000\040\000d\000e\000\040\000c\000o\000n\000t\000o\000r\000n\000o}{}% 28
\BOOKMARK [1][-]{section.5.1}{\376\377\000I\000n\000t\000r\000o\000d\000u\000c\000c\000i\000\363\000n}{chapter.5}% 29
\BOOKMARK [1][-]{section.5.2}{\376\377\000M\000\351\000t\000o\000d\000o\000\040\000d\000e\000l\000\040\000t\000i\000r\000o}{chapter.5}% 30
\BOOKMARK [1][-]{section.5.3}{\376\377\000D\000e\000r\000i\000v\000a\000c\000i\000\363\000n\000\040\000n\000u\000m\000\351\000r\000i\000c\000a}{chapter.5}% 31
\BOOKMARK [2][-]{subsection.5.3.1}{\376\377\000M\000\351\000t\000o\000d\000o\000\040\000d\000e\000\040\000T\000a\000y\000l\000o\000r}{section.5.3}% 32
\BOOKMARK [2][-]{subsection.5.3.2}{\376\377\000M\000\351\000t\000o\000d\000o\000\040\000d\000e\000\040\000i\000n\000t\000e\000r\000p\000o\000l\000a\000c\000i\000\363\000n}{section.5.3}% 33
\BOOKMARK [1][-]{section.5.4}{\376\377\000M\000\351\000t\000o\000d\000o\000\040\000d\000e\000\040\000d\000i\000f\000e\000r\000e\000n\000c\000i\000a\000s\000\040\000f\000i\000n\000i\000t\000a\000s\000\040\000p\000a\000r\000a\000\040\000e\000l\000\040\000c\000a\000s\000o\000\040\000l\000i\000n\000e\000a\000l}{chapter.5}% 34
\BOOKMARK [1][-]{section.5.5}{\376\377\000O\000t\000r\000a\000s\000\040\000c\000o\000n\000d\000i\000c\000i\000o\000n\000e\000s\000\040\000d\000e\000\040\000c\000o\000n\000t\000o\000r\000n\000o}{chapter.5}% 35
\BOOKMARK [1][-]{section.5.6}{\376\377\000M\000\351\000t\000o\000d\000o\000\040\000d\000e\000\040\000d\000i\000f\000e\000r\000e\000n\000c\000i\000a\000s\000\040\000f\000i\000n\000i\000t\000a\000s\000\040\000p\000a\000r\000a\000\040\000e\000l\000\040\000c\000a\000s\000o\000\040\000g\000e\000n\000e\000r\000a\000l}{chapter.5}% 36
